[0.302s] Invoking command in '/home/geoni/myros2_ws/build/dtb_mobile_navigation': CMAKE_PREFIX_PATH=/home/geoni/myros2_ws/install/tracer_base:/home/geoni/myros2_ws/install/ugv_sdk:/home/geoni/myros2_ws/install/tracer_msgs:/home/geoni/myros2_ws/install/sllidar_ros2:/home/geoni/myros2_ws/install/my_diff_mobile:/home/geoni/myros2_ws/install/dtb_urdf:/home/geoni/myros2_ws/install/dtb_mobile_navigation:/home/geoni/myros2_ws/install/dtb_mobile_cartographer:/home/geoni/ros2_ws/install/tracer_base:/home/geoni/myros2_ws/install/dtb_mobile_navigation2:/home/geoni/myros2_ws/install/dtb_mobile_bringup:/home/geoni/ros2_ws/install/dtb_mobile_navigation2:/home/geoni/ros2_ws/install/dtb_mobile_bringup:/opt/ros/humble:/home/geoni/ros2_ws/install/ugv_sdk:/home/geoni/ros2_ws/install/tracer_msgs:/home/geoni/ros2_ws/install/sllidar_ros2:/home/geoni/ros2_ws/install/my_diff_mobile:/home/geoni/ros2_ws/install/dtb_urdf2:/home/geoni/ros2_ws/install/dtb_urdf:/home/geoni/ros2_ws/install/dtb_mobile_navigation:/home/geoni/ros2_ws/install/dtb_mobile_cartographer /usr/bin/cmake /home/geoni/myros2_ws/src/dtb_mobile_navigation -DCMAKE_INSTALL_PREFIX=/home/geoni/myros2_ws/install/dtb_mobile_navigation
[0.616s] -- The C compiler identification is GNU 11.4.0
[0.616s] -- The CXX compiler identification is GNU 11.4.0
[0.616s] -- Detecting C compiler ABI info
[0.616s] -- Detecting C compiler ABI info - done
[0.616s] -- Check for working C compiler: /usr/bin/cc - skipped
[0.616s] -- Detecting C compile features
[0.616s] -- Detecting C compile features - done
[0.616s] -- Detecting CXX compiler ABI info
[0.668s] -- Detecting CXX compiler ABI info - done
[0.680s] -- Check for working CXX compiler: /usr/bin/c++ - skipped
[0.680s] -- Detecting CXX compile features
[0.682s] -- Detecting CXX compile features - done
[0.686s] -- Found ament_cmake: 1.3.8 (/opt/ros/humble/share/ament_cmake/cmake)
[0.979s] -- Found Python3: /usr/bin/python3 (found version "3.10.12") found components: Interpreter 
[1.137s] -- Found ament_lint_auto: 0.12.10 (/opt/ros/humble/share/ament_lint_auto/cmake)
[1.270s] -- Added test 'flake8' to check Python code syntax and style conventions
[1.272s] -- Added test 'lint_cmake' to check CMake code style
[1.274s] -- Added test 'pep257' to check Python code against some of the docstring style conventions in PEP 257
[1.277s] -- Added test 'xmllint' to check XML markup files
[1.283s] -- Configuring done
[1.284s] -- Generating done
[1.287s] -- Build files have been written to: /home/geoni/myros2_ws/build/dtb_mobile_navigation
[1.302s] Invoked command in '/home/geoni/myros2_ws/build/dtb_mobile_navigation' returned '0': CMAKE_PREFIX_PATH=/home/geoni/myros2_ws/install/tracer_base:/home/geoni/myros2_ws/install/ugv_sdk:/home/geoni/myros2_ws/install/tracer_msgs:/home/geoni/myros2_ws/install/sllidar_ros2:/home/geoni/myros2_ws/install/my_diff_mobile:/home/geoni/myros2_ws/install/dtb_urdf:/home/geoni/myros2_ws/install/dtb_mobile_navigation:/home/geoni/myros2_ws/install/dtb_mobile_cartographer:/home/geoni/ros2_ws/install/tracer_base:/home/geoni/myros2_ws/install/dtb_mobile_navigation2:/home/geoni/myros2_ws/install/dtb_mobile_bringup:/home/geoni/ros2_ws/install/dtb_mobile_navigation2:/home/geoni/ros2_ws/install/dtb_mobile_bringup:/opt/ros/humble:/home/geoni/ros2_ws/install/ugv_sdk:/home/geoni/ros2_ws/install/tracer_msgs:/home/geoni/ros2_ws/install/sllidar_ros2:/home/geoni/ros2_ws/install/my_diff_mobile:/home/geoni/ros2_ws/install/dtb_urdf2:/home/geoni/ros2_ws/install/dtb_urdf:/home/geoni/ros2_ws/install/dtb_mobile_navigation:/home/geoni/ros2_ws/install/dtb_mobile_cartographer /usr/bin/cmake /home/geoni/myros2_ws/src/dtb_mobile_navigation -DCMAKE_INSTALL_PREFIX=/home/geoni/myros2_ws/install/dtb_mobile_navigation
[1.303s] Invoking command in '/home/geoni/myros2_ws/build/dtb_mobile_navigation': CMAKE_PREFIX_PATH=/home/geoni/myros2_ws/install/tracer_base:/home/geoni/myros2_ws/install/ugv_sdk:/home/geoni/myros2_ws/install/tracer_msgs:/home/geoni/myros2_ws/install/sllidar_ros2:/home/geoni/myros2_ws/install/my_diff_mobile:/home/geoni/myros2_ws/install/dtb_urdf:/home/geoni/myros2_ws/install/dtb_mobile_navigation:/home/geoni/myros2_ws/install/dtb_mobile_cartographer:/home/geoni/ros2_ws/install/tracer_base:/home/geoni/myros2_ws/install/dtb_mobile_navigation2:/home/geoni/myros2_ws/install/dtb_mobile_bringup:/home/geoni/ros2_ws/install/dtb_mobile_navigation2:/home/geoni/ros2_ws/install/dtb_mobile_bringup:/opt/ros/humble:/home/geoni/ros2_ws/install/ugv_sdk:/home/geoni/ros2_ws/install/tracer_msgs:/home/geoni/ros2_ws/install/sllidar_ros2:/home/geoni/ros2_ws/install/my_diff_mobile:/home/geoni/ros2_ws/install/dtb_urdf2:/home/geoni/ros2_ws/install/dtb_urdf:/home/geoni/ros2_ws/install/dtb_mobile_navigation:/home/geoni/ros2_ws/install/dtb_mobile_cartographer /usr/bin/cmake --build /home/geoni/myros2_ws/build/dtb_mobile_navigation -- -j16 -l16
[1.365s] Invoked command in '/home/geoni/myros2_ws/build/dtb_mobile_navigation' returned '0': CMAKE_PREFIX_PATH=/home/geoni/myros2_ws/install/tracer_base:/home/geoni/myros2_ws/install/ugv_sdk:/home/geoni/myros2_ws/install/tracer_msgs:/home/geoni/myros2_ws/install/sllidar_ros2:/home/geoni/myros2_ws/install/my_diff_mobile:/home/geoni/myros2_ws/install/dtb_urdf:/home/geoni/myros2_ws/install/dtb_mobile_navigation:/home/geoni/myros2_ws/install/dtb_mobile_cartographer:/home/geoni/ros2_ws/install/tracer_base:/home/geoni/myros2_ws/install/dtb_mobile_navigation2:/home/geoni/myros2_ws/install/dtb_mobile_bringup:/home/geoni/ros2_ws/install/dtb_mobile_navigation2:/home/geoni/ros2_ws/install/dtb_mobile_bringup:/opt/ros/humble:/home/geoni/ros2_ws/install/ugv_sdk:/home/geoni/ros2_ws/install/tracer_msgs:/home/geoni/ros2_ws/install/sllidar_ros2:/home/geoni/ros2_ws/install/my_diff_mobile:/home/geoni/ros2_ws/install/dtb_urdf2:/home/geoni/ros2_ws/install/dtb_urdf:/home/geoni/ros2_ws/install/dtb_mobile_navigation:/home/geoni/ros2_ws/install/dtb_mobile_cartographer /usr/bin/cmake --build /home/geoni/myros2_ws/build/dtb_mobile_navigation -- -j16 -l16
[1.491s] Invoking command in '/home/geoni/myros2_ws/build/dtb_mobile_navigation': CMAKE_PREFIX_PATH=/home/geoni/myros2_ws/install/tracer_base:/home/geoni/myros2_ws/install/ugv_sdk:/home/geoni/myros2_ws/install/tracer_msgs:/home/geoni/myros2_ws/install/sllidar_ros2:/home/geoni/myros2_ws/install/my_diff_mobile:/home/geoni/myros2_ws/install/dtb_urdf:/home/geoni/myros2_ws/install/dtb_mobile_navigation:/home/geoni/myros2_ws/install/dtb_mobile_cartographer:/home/geoni/ros2_ws/install/tracer_base:/home/geoni/myros2_ws/install/dtb_mobile_navigation2:/home/geoni/myros2_ws/install/dtb_mobile_bringup:/home/geoni/ros2_ws/install/dtb_mobile_navigation2:/home/geoni/ros2_ws/install/dtb_mobile_bringup:/opt/ros/humble:/home/geoni/ros2_ws/install/ugv_sdk:/home/geoni/ros2_ws/install/tracer_msgs:/home/geoni/ros2_ws/install/sllidar_ros2:/home/geoni/ros2_ws/install/my_diff_mobile:/home/geoni/ros2_ws/install/dtb_urdf2:/home/geoni/ros2_ws/install/dtb_urdf:/home/geoni/ros2_ws/install/dtb_mobile_navigation:/home/geoni/ros2_ws/install/dtb_mobile_cartographer /usr/bin/cmake --install /home/geoni/myros2_ws/build/dtb_mobile_navigation
[1.504s] -- Install configuration: ""
[1.504s] -- Installing: /home/geoni/myros2_ws/install/dtb_mobile_navigation/share/dtb_mobile_navigation/launch
[1.504s] -- Installing: /home/geoni/myros2_ws/install/dtb_mobile_navigation/share/dtb_mobile_navigation/launch/geoni_navigation2.launch.py
[1.504s] -- Installing: /home/geoni/myros2_ws/install/dtb_mobile_navigation/share/dtb_mobile_navigation/launch/navigation2.launch.py
[1.504s] -- Installing: /home/geoni/myros2_ws/install/dtb_mobile_navigation/share/dtb_mobile_navigation/maps
[1.504s] -- Installing: /home/geoni/myros2_ws/install/dtb_mobile_navigation/share/dtb_mobile_navigation/maps/map2.pgm
[1.505s] -- Installing: /home/geoni/myros2_ws/install/dtb_mobile_navigation/share/dtb_mobile_navigation/maps/map2.yaml
[1.505s] -- Installing: /home/geoni/myros2_ws/install/dtb_mobile_navigation/share/dtb_mobile_navigation/maps/map.yaml
[1.505s] -- Installing: /home/geoni/myros2_ws/install/dtb_mobile_navigation/share/dtb_mobile_navigation/maps/hanyang_5.yaml
[1.505s] -- Installing: /home/geoni/myros2_ws/install/dtb_mobile_navigation/share/dtb_mobile_navigation/maps/hanyang_5.pgm
[1.507s] -- Installing: /home/geoni/myros2_ws/install/dtb_mobile_navigation/share/dtb_mobile_navigation/maps/map.pgm
[1.507s] -- Installing: /home/geoni/myros2_ws/install/dtb_mobile_navigation/share/dtb_mobile_navigation/rviz
[1.508s] -- Installing: /home/geoni/myros2_ws/install/dtb_mobile_navigation/share/dtb_mobile_navigation/rviz/rviz.rviz
[1.508s] -- Installing: /home/geoni/myros2_ws/install/dtb_mobile_navigation/share/dtb_mobile_navigation/rviz/view_rviz.rviz
[1.508s] -- Installing: /home/geoni/myros2_ws/install/dtb_mobile_navigation/share/dtb_mobile_navigation/config
[1.508s] -- Installing: /home/geoni/myros2_ws/install/dtb_mobile_navigation/share/dtb_mobile_navigation/config/tracer.yaml
[1.508s] -- Installing: /home/geoni/myros2_ws/install/dtb_mobile_navigation/share/dtb_mobile_navigation/config/navigation2_1.yaml
[1.508s] -- Installing: /home/geoni/myros2_ws/install/dtb_mobile_navigation/share/dtb_mobile_navigation/config/navigation2.yaml
[1.508s] -- Installing: /home/geoni/myros2_ws/install/dtb_mobile_navigation/share/ament_index/resource_index/package_run_dependencies/dtb_mobile_navigation
[1.508s] -- Installing: /home/geoni/myros2_ws/install/dtb_mobile_navigation/share/ament_index/resource_index/parent_prefix_path/dtb_mobile_navigation
[1.508s] -- Installing: /home/geoni/myros2_ws/install/dtb_mobile_navigation/share/dtb_mobile_navigation/environment/ament_prefix_path.sh
[1.509s] -- Installing: /home/geoni/myros2_ws/install/dtb_mobile_navigation/share/dtb_mobile_navigation/environment/ament_prefix_path.dsv
[1.509s] -- Installing: /home/geoni/myros2_ws/install/dtb_mobile_navigation/share/dtb_mobile_navigation/environment/path.sh
[1.509s] -- Installing: /home/geoni/myros2_ws/install/dtb_mobile_navigation/share/dtb_mobile_navigation/environment/path.dsv
[1.509s] -- Installing: /home/geoni/myros2_ws/install/dtb_mobile_navigation/share/dtb_mobile_navigation/local_setup.bash
[1.509s] -- Installing: /home/geoni/myros2_ws/install/dtb_mobile_navigation/share/dtb_mobile_navigation/local_setup.sh
[1.509s] -- Installing: /home/geoni/myros2_ws/install/dtb_mobile_navigation/share/dtb_mobile_navigation/local_setup.zsh
[1.509s] -- Installing: /home/geoni/myros2_ws/install/dtb_mobile_navigation/share/dtb_mobile_navigation/local_setup.dsv
[1.509s] -- Installing: /home/geoni/myros2_ws/install/dtb_mobile_navigation/share/dtb_mobile_navigation/package.dsv
[1.510s] -- Installing: /home/geoni/myros2_ws/install/dtb_mobile_navigation/share/ament_index/resource_index/packages/dtb_mobile_navigation
[1.510s] -- Installing: /home/geoni/myros2_ws/install/dtb_mobile_navigation/share/dtb_mobile_navigation/cmake/dtb_mobile_navigationConfig.cmake
[1.510s] -- Installing: /home/geoni/myros2_ws/install/dtb_mobile_navigation/share/dtb_mobile_navigation/cmake/dtb_mobile_navigationConfig-version.cmake
[1.510s] -- Installing: /home/geoni/myros2_ws/install/dtb_mobile_navigation/share/dtb_mobile_navigation/package.xml
[1.520s] Invoked command in '/home/geoni/myros2_ws/build/dtb_mobile_navigation' returned '0': CMAKE_PREFIX_PATH=/home/geoni/myros2_ws/install/tracer_base:/home/geoni/myros2_ws/install/ugv_sdk:/home/geoni/myros2_ws/install/tracer_msgs:/home/geoni/myros2_ws/install/sllidar_ros2:/home/geoni/myros2_ws/install/my_diff_mobile:/home/geoni/myros2_ws/install/dtb_urdf:/home/geoni/myros2_ws/install/dtb_mobile_navigation:/home/geoni/myros2_ws/install/dtb_mobile_cartographer:/home/geoni/ros2_ws/install/tracer_base:/home/geoni/myros2_ws/install/dtb_mobile_navigation2:/home/geoni/myros2_ws/install/dtb_mobile_bringup:/home/geoni/ros2_ws/install/dtb_mobile_navigation2:/home/geoni/ros2_ws/install/dtb_mobile_bringup:/opt/ros/humble:/home/geoni/ros2_ws/install/ugv_sdk:/home/geoni/ros2_ws/install/tracer_msgs:/home/geoni/ros2_ws/install/sllidar_ros2:/home/geoni/ros2_ws/install/my_diff_mobile:/home/geoni/ros2_ws/install/dtb_urdf2:/home/geoni/ros2_ws/install/dtb_urdf:/home/geoni/ros2_ws/install/dtb_mobile_navigation:/home/geoni/ros2_ws/install/dtb_mobile_cartographer /usr/bin/cmake --install /home/geoni/myros2_ws/build/dtb_mobile_navigation
