[0.516s] Invoking command in '/home/geoni/myros2_ws/build/dtb_urdf': CMAKE_PREFIX_PATH=/home/geoni/myros2_ws/install/tracer_base:/home/geoni/myros2_ws/install/dtb_mobile_navigation2:/home/geoni/myros2_ws/install/dtb_mobile_bringup:/home/geoni/ros2_ws/install/dtb_mobile_navigation2:/home/geoni/ros2_ws/install/dtb_mobile_bringup:/opt/ros/humble:/home/geoni/myros2_ws/install/ugv_sdk:/home/geoni/myros2_ws/install/tracer_msgs:/home/geoni/myros2_ws/install/sllidar_ros2:/home/geoni/myros2_ws/install/my_diff_mobile:/home/geoni/myros2_ws/install/dtb_urdf:/home/geoni/myros2_ws/install/dtb_mobile_navigation:/home/geoni/myros2_ws/install/dtb_mobile_cartographer:/home/geoni/ros2_ws/install/tracer_base:/home/geoni/ros2_ws/install/ugv_sdk:/home/geoni/ros2_ws/install/tracer_msgs:/home/geoni/ros2_ws/install/sllidar_ros2:/home/geoni/ros2_ws/install/my_diff_mobile:/home/geoni/ros2_ws/install/dtb_urdf2:/home/geoni/ros2_ws/install/dtb_urdf:/home/geoni/ros2_ws/install/dtb_mobile_navigation:/home/geoni/ros2_ws/install/dtb_mobile_cartographer /usr/bin/cmake --build /home/geoni/myros2_ws/build/dtb_urdf -- -j16 -l16
[0.557s] Invoked command in '/home/geoni/myros2_ws/build/dtb_urdf' returned '0': CMAKE_PREFIX_PATH=/home/geoni/myros2_ws/install/tracer_base:/home/geoni/myros2_ws/install/dtb_mobile_navigation2:/home/geoni/myros2_ws/install/dtb_mobile_bringup:/home/geoni/ros2_ws/install/dtb_mobile_navigation2:/home/geoni/ros2_ws/install/dtb_mobile_bringup:/opt/ros/humble:/home/geoni/myros2_ws/install/ugv_sdk:/home/geoni/myros2_ws/install/tracer_msgs:/home/geoni/myros2_ws/install/sllidar_ros2:/home/geoni/myros2_ws/install/my_diff_mobile:/home/geoni/myros2_ws/install/dtb_urdf:/home/geoni/myros2_ws/install/dtb_mobile_navigation:/home/geoni/myros2_ws/install/dtb_mobile_cartographer:/home/geoni/ros2_ws/install/tracer_base:/home/geoni/ros2_ws/install/ugv_sdk:/home/geoni/ros2_ws/install/tracer_msgs:/home/geoni/ros2_ws/install/sllidar_ros2:/home/geoni/ros2_ws/install/my_diff_mobile:/home/geoni/ros2_ws/install/dtb_urdf2:/home/geoni/ros2_ws/install/dtb_urdf:/home/geoni/ros2_ws/install/dtb_mobile_navigation:/home/geoni/ros2_ws/install/dtb_mobile_cartographer /usr/bin/cmake --build /home/geoni/myros2_ws/build/dtb_urdf -- -j16 -l16
[0.595s] Invoking command in '/home/geoni/myros2_ws/build/dtb_urdf': CMAKE_PREFIX_PATH=/home/geoni/myros2_ws/install/tracer_base:/home/geoni/myros2_ws/install/dtb_mobile_navigation2:/home/geoni/myros2_ws/install/dtb_mobile_bringup:/home/geoni/ros2_ws/install/dtb_mobile_navigation2:/home/geoni/ros2_ws/install/dtb_mobile_bringup:/opt/ros/humble:/home/geoni/myros2_ws/install/ugv_sdk:/home/geoni/myros2_ws/install/tracer_msgs:/home/geoni/myros2_ws/install/sllidar_ros2:/home/geoni/myros2_ws/install/my_diff_mobile:/home/geoni/myros2_ws/install/dtb_urdf:/home/geoni/myros2_ws/install/dtb_mobile_navigation:/home/geoni/myros2_ws/install/dtb_mobile_cartographer:/home/geoni/ros2_ws/install/tracer_base:/home/geoni/ros2_ws/install/ugv_sdk:/home/geoni/ros2_ws/install/tracer_msgs:/home/geoni/ros2_ws/install/sllidar_ros2:/home/geoni/ros2_ws/install/my_diff_mobile:/home/geoni/ros2_ws/install/dtb_urdf2:/home/geoni/ros2_ws/install/dtb_urdf:/home/geoni/ros2_ws/install/dtb_mobile_navigation:/home/geoni/ros2_ws/install/dtb_mobile_cartographer /usr/bin/cmake --install /home/geoni/myros2_ws/build/dtb_urdf
[0.605s] -- Install configuration: ""
[0.605s] -- Up-to-date: /home/geoni/myros2_ws/install/dtb_urdf/share/dtb_urdf/description
[0.605s] -- Up-to-date: /home/geoni/myros2_ws/install/dtb_urdf/share/dtb_urdf/description/meshes
[0.605s] -- Up-to-date: /home/geoni/myros2_ws/install/dtb_urdf/share/dtb_urdf/description/meshes/sensor
[0.605s] -- Up-to-date: /home/geoni/myros2_ws/install/dtb_urdf/share/dtb_urdf/description/meshes/sensor/ydlidar_g2.stl
[0.605s] -- Up-to-date: /home/geoni/myros2_ws/install/dtb_urdf/share/dtb_urdf/description/meshes/wheel_r.STL
[0.605s] -- Up-to-date: /home/geoni/myros2_ws/install/dtb_urdf/share/dtb_urdf/description/meshes/base
[0.605s] -- Up-to-date: /home/geoni/myros2_ws/install/dtb_urdf/share/dtb_urdf/description/meshes/base/caster.stl
[0.605s] -- Up-to-date: /home/geoni/myros2_ws/install/dtb_urdf/share/dtb_urdf/description/meshes/base/second.stl
[0.605s] -- Up-to-date: /home/geoni/myros2_ws/install/dtb_urdf/share/dtb_urdf/description/meshes/base/mob_wheel.stl
[0.606s] -- Up-to-date: /home/geoni/myros2_ws/install/dtb_urdf/share/dtb_urdf/description/meshes/base/first.stl
[0.606s] -- Up-to-date: /home/geoni/myros2_ws/install/dtb_urdf/share/dtb_urdf/description/meshes/base/base.stl
[0.606s] -- Up-to-date: /home/geoni/myros2_ws/install/dtb_urdf/share/dtb_urdf/description/meshes/wheel_l.STL
[0.606s] -- Up-to-date: /home/geoni/myros2_ws/install/dtb_urdf/share/dtb_urdf/description/meshes/base_link.STL
[0.606s] -- Up-to-date: /home/geoni/myros2_ws/install/dtb_urdf/share/dtb_urdf/description/urdf
[0.606s] -- Up-to-date: /home/geoni/myros2_ws/install/dtb_urdf/share/dtb_urdf/description/urdf/diff_mobile.xacro
[0.606s] -- Up-to-date: /home/geoni/myros2_ws/install/dtb_urdf/share/dtb_urdf/description/urdf/diff_mobile.urdf
[0.606s] -- Up-to-date: /home/geoni/myros2_ws/install/dtb_urdf/share/dtb_urdf/description/urdf/inertial_macros.xacro
[0.606s] -- Up-to-date: /home/geoni/myros2_ws/install/dtb_urdf/share/dtb_urdf/description/urdf/tracer_mini.urdf
[0.606s] -- Up-to-date: /home/geoni/myros2_ws/install/dtb_urdf/share/dtb_urdf/description/urdf/diff_mobile2.urdf
[0.606s] -- Up-to-date: /home/geoni/myros2_ws/install/dtb_urdf/share/dtb_urdf/description/urdf/sensors.xacro
[0.606s] -- Up-to-date: /home/geoni/myros2_ws/install/dtb_urdf/share/dtb_urdf/description/urdf/robot_core.xacro
[0.606s] -- Up-to-date: /home/geoni/myros2_ws/install/dtb_urdf/share/dtb_urdf/description/urdf/agilex_tracer.urdf
[0.606s] -- Up-to-date: /home/geoni/myros2_ws/install/dtb_urdf/share/dtb_urdf/launch
[0.606s] -- Up-to-date: /home/geoni/myros2_ws/install/dtb_urdf/share/dtb_urdf/launch/tracer_mini_description_rviz.launch.py
[0.606s] -- Up-to-date: /home/geoni/myros2_ws/install/dtb_urdf/share/dtb_urdf/launch/view_dtb_mobile.launch.py
[0.607s] -- Up-to-date: /home/geoni/myros2_ws/install/dtb_urdf/share/dtb_urdf/launch/tracer_mini_description.launch.py
[0.607s] -- Up-to-date: /home/geoni/myros2_ws/install/dtb_urdf/share/dtb_urdf/launch/tracer_mini_state_publisher.launch.py
[0.607s] -- Up-to-date: /home/geoni/myros2_ws/install/dtb_urdf/share/dtb_urdf/rviz
[0.607s] -- Up-to-date: /home/geoni/myros2_ws/install/dtb_urdf/share/dtb_urdf/rviz/rviz.rviz
[0.607s] -- Up-to-date: /home/geoni/myros2_ws/install/dtb_urdf/share/dtb_urdf/rviz/model.rviz
[0.607s] -- Up-to-date: /home/geoni/myros2_ws/install/dtb_urdf/share/dtb_urdf/rviz/view_rviz.rviz
[0.607s] -- Up-to-date: /home/geoni/myros2_ws/install/dtb_urdf/share/dtb_urdf/worlds
[0.607s] -- Up-to-date: /home/geoni/myros2_ws/install/dtb_urdf/share/dtb_urdf/worlds/hello2
[0.607s] -- Up-to-date: /home/geoni/myros2_ws/install/dtb_urdf/share/dtb_urdf/worlds/hello2/model.sdf
[0.607s] -- Up-to-date: /home/geoni/myros2_ws/install/dtb_urdf/share/dtb_urdf/worlds/hello2/model.config
[0.607s] -- Up-to-date: /home/geoni/myros2_ws/install/dtb_urdf/share/dtb_urdf/worlds/king.world
[0.607s] -- Up-to-date: /home/geoni/myros2_ws/install/dtb_urdf/share/dtb_urdf/worlds/hello.world
[0.607s] -- Up-to-date: /home/geoni/myros2_ws/install/dtb_urdf/share/dtb_urdf/worlds/willowgarage_world.world
[0.607s] -- Up-to-date: /home/geoni/myros2_ws/install/dtb_urdf/share/dtb_urdf/worlds/my_room_world.world
[0.607s] -- Up-to-date: /home/geoni/myros2_ws/install/dtb_urdf/share/dtb_urdf/worlds/models
[0.607s] -- Up-to-date: /home/geoni/myros2_ws/install/dtb_urdf/share/dtb_urdf/worlds/models/object_my_room_world
[0.607s] -- Up-to-date: /home/geoni/myros2_ws/install/dtb_urdf/share/dtb_urdf/worlds/models/object_my_room_world/object_my_room_world
[0.608s] -- Up-to-date: /home/geoni/myros2_ws/install/dtb_urdf/share/dtb_urdf/worlds/models/object_my_room_world/object_my_room_world/model.sdf
[0.609s] -- Up-to-date: /home/geoni/myros2_ws/install/dtb_urdf/share/dtb_urdf/worlds/models/object_my_room_world/object_my_room_world/model.config
[0.609s] -- Up-to-date: /home/geoni/myros2_ws/install/dtb_urdf/share/dtb_urdf/worlds/models/my_room_world
[0.609s] -- Up-to-date: /home/geoni/myros2_ws/install/dtb_urdf/share/dtb_urdf/worlds/models/my_room_world/model.sdf
[0.609s] -- Up-to-date: /home/geoni/myros2_ws/install/dtb_urdf/share/dtb_urdf/worlds/models/my_room_world/model.config
[0.609s] -- Up-to-date: /home/geoni/myros2_ws/install/dtb_urdf/share/dtb_urdf/config
[0.609s] -- Up-to-date: /home/geoni/myros2_ws/install/dtb_urdf/share/dtb_urdf/config/diff_mobile_lds_2d.lua
[0.609s] -- Up-to-date: /home/geoni/myros2_ws/install/dtb_urdf/share/dtb_urdf/config/navigation2.yaml
[0.610s] -- Up-to-date: /home/geoni/myros2_ws/install/dtb_urdf/share/dtb_urdf/maps
[0.610s] -- Up-to-date: /home/geoni/myros2_ws/install/dtb_urdf/share/dtb_urdf/maps/my_room_map.yaml
[0.610s] -- Up-to-date: /home/geoni/myros2_ws/install/dtb_urdf/share/dtb_urdf/maps/igeoni_map.yaml
[0.610s] -- Up-to-date: /home/geoni/myros2_ws/install/dtb_urdf/share/dtb_urdf/maps/my_room_map.pgm
[0.610s] -- Up-to-date: /home/geoni/myros2_ws/install/dtb_urdf/share/dtb_urdf/maps/igeoni_map.pgm
[0.611s] -- Up-to-date: /home/geoni/myros2_ws/install/dtb_urdf/share/ament_index/resource_index/package_run_dependencies/dtb_urdf
[0.611s] -- Up-to-date: /home/geoni/myros2_ws/install/dtb_urdf/share/ament_index/resource_index/parent_prefix_path/dtb_urdf
[0.611s] -- Up-to-date: /home/geoni/myros2_ws/install/dtb_urdf/share/dtb_urdf/environment/ament_prefix_path.sh
[0.611s] -- Up-to-date: /home/geoni/myros2_ws/install/dtb_urdf/share/dtb_urdf/environment/ament_prefix_path.dsv
[0.611s] -- Up-to-date: /home/geoni/myros2_ws/install/dtb_urdf/share/dtb_urdf/environment/path.sh
[0.611s] -- Up-to-date: /home/geoni/myros2_ws/install/dtb_urdf/share/dtb_urdf/environment/path.dsv
[0.611s] -- Up-to-date: /home/geoni/myros2_ws/install/dtb_urdf/share/dtb_urdf/local_setup.bash
[0.611s] -- Up-to-date: /home/geoni/myros2_ws/install/dtb_urdf/share/dtb_urdf/local_setup.sh
[0.611s] -- Up-to-date: /home/geoni/myros2_ws/install/dtb_urdf/share/dtb_urdf/local_setup.zsh
[0.611s] -- Up-to-date: /home/geoni/myros2_ws/install/dtb_urdf/share/dtb_urdf/local_setup.dsv
[0.611s] -- Up-to-date: /home/geoni/myros2_ws/install/dtb_urdf/share/dtb_urdf/package.dsv
[0.612s] -- Up-to-date: /home/geoni/myros2_ws/install/dtb_urdf/share/ament_index/resource_index/packages/dtb_urdf
[0.612s] -- Up-to-date: /home/geoni/myros2_ws/install/dtb_urdf/share/dtb_urdf/cmake/dtb_urdfConfig.cmake
[0.612s] -- Up-to-date: /home/geoni/myros2_ws/install/dtb_urdf/share/dtb_urdf/cmake/dtb_urdfConfig-version.cmake
[0.612s] -- Up-to-date: /home/geoni/myros2_ws/install/dtb_urdf/share/dtb_urdf/package.xml
[0.629s] Invoked command in '/home/geoni/myros2_ws/build/dtb_urdf' returned '0': CMAKE_PREFIX_PATH=/home/geoni/myros2_ws/install/tracer_base:/home/geoni/myros2_ws/install/dtb_mobile_navigation2:/home/geoni/myros2_ws/install/dtb_mobile_bringup:/home/geoni/ros2_ws/install/dtb_mobile_navigation2:/home/geoni/ros2_ws/install/dtb_mobile_bringup:/opt/ros/humble:/home/geoni/myros2_ws/install/ugv_sdk:/home/geoni/myros2_ws/install/tracer_msgs:/home/geoni/myros2_ws/install/sllidar_ros2:/home/geoni/myros2_ws/install/my_diff_mobile:/home/geoni/myros2_ws/install/dtb_urdf:/home/geoni/myros2_ws/install/dtb_mobile_navigation:/home/geoni/myros2_ws/install/dtb_mobile_cartographer:/home/geoni/ros2_ws/install/tracer_base:/home/geoni/ros2_ws/install/ugv_sdk:/home/geoni/ros2_ws/install/tracer_msgs:/home/geoni/ros2_ws/install/sllidar_ros2:/home/geoni/ros2_ws/install/my_diff_mobile:/home/geoni/ros2_ws/install/dtb_urdf2:/home/geoni/ros2_ws/install/dtb_urdf:/home/geoni/ros2_ws/install/dtb_mobile_navigation:/home/geoni/ros2_ws/install/dtb_mobile_cartographer /usr/bin/cmake --install /home/geoni/myros2_ws/build/dtb_urdf
