-- Install configuration: ""
-- Up-to-date: /home/geoni/myros2_ws/install/dtb_mobile_cartographer/share/dtb_mobile_cartographer/maps
-- Up-to-date: /home/geoni/myros2_ws/install/dtb_mobile_cartographer/share/dtb_mobile_cartographer/maps/map.yaml
-- Up-to-date: /home/geoni/myros2_ws/install/dtb_mobile_cartographer/share/dtb_mobile_cartographer/maps/map.pgm
-- Up-to-date: /home/geoni/myros2_ws/install/dtb_mobile_cartographer/share/dtb_mobile_cartographer/launch
-- Up-to-date: /home/geoni/myros2_ws/install/dtb_mobile_cartographer/share/dtb_mobile_cartographer/launch/occupancy_grid.launch.py
-- Up-to-date: /home/geoni/myros2_ws/install/dtb_mobile_cartographer/share/dtb_mobile_cartographer/launch/cartographer_mapping_dtb_mobile.launch.py
-- Up-to-date: /home/geoni/myros2_ws/install/dtb_mobile_cartographer/share/dtb_mobile_cartographer/launch/cartographer_mapping.launch.py
-- Up-to-date: /home/geoni/myros2_ws/install/dtb_mobile_cartographer/share/dtb_mobile_cartographer/config
-- Up-to-date: /home/geoni/myros2_ws/install/dtb_mobile_cartographer/share/dtb_mobile_cartographer/config/dtb_mobile_lds_2d.lua
-- Up-to-date: /home/geoni/myros2_ws/install/dtb_mobile_cartographer/share/dtb_mobile_cartographer/config/mapping_rviz_v2.rviz
-- Up-to-date: /home/geoni/myros2_ws/install/dtb_mobile_cartographer/share/dtb_mobile_cartographer/config/mapping_rviz.rviz
-- Up-to-date: /home/geoni/myros2_ws/install/dtb_mobile_cartographer/share/ament_index/resource_index/package_run_dependencies/dtb_mobile_cartographer
-- Up-to-date: /home/geoni/myros2_ws/install/dtb_mobile_cartographer/share/ament_index/resource_index/parent_prefix_path/dtb_mobile_cartographer
-- Up-to-date: /home/geoni/myros2_ws/install/dtb_mobile_cartographer/share/dtb_mobile_cartographer/environment/ament_prefix_path.sh
-- Up-to-date: /home/geoni/myros2_ws/install/dtb_mobile_cartographer/share/dtb_mobile_cartographer/environment/ament_prefix_path.dsv
-- Up-to-date: /home/geoni/myros2_ws/install/dtb_mobile_cartographer/share/dtb_mobile_cartographer/environment/path.sh
-- Up-to-date: /home/geoni/myros2_ws/install/dtb_mobile_cartographer/share/dtb_mobile_cartographer/environment/path.dsv
-- Up-to-date: /home/geoni/myros2_ws/install/dtb_mobile_cartographer/share/dtb_mobile_cartographer/local_setup.bash
-- Up-to-date: /home/geoni/myros2_ws/install/dtb_mobile_cartographer/share/dtb_mobile_cartographer/local_setup.sh
-- Up-to-date: /home/geoni/myros2_ws/install/dtb_mobile_cartographer/share/dtb_mobile_cartographer/local_setup.zsh
-- Up-to-date: /home/geoni/myros2_ws/install/dtb_mobile_cartographer/share/dtb_mobile_cartographer/local_setup.dsv
-- Installing: /home/geoni/myros2_ws/install/dtb_mobile_cartographer/share/dtb_mobile_cartographer/package.dsv
-- Up-to-date: /home/geoni/myros2_ws/install/dtb_mobile_cartographer/share/ament_index/resource_index/packages/dtb_mobile_cartographer
-- Up-to-date: /home/geoni/myros2_ws/install/dtb_mobile_cartographer/share/dtb_mobile_cartographer/cmake/dtb_mobile_cartographerConfig.cmake
-- Up-to-date: /home/geoni/myros2_ws/install/dtb_mobile_cartographer/share/dtb_mobile_cartographer/cmake/dtb_mobile_cartographerConfig-version.cmake
-- Up-to-date: /home/geoni/myros2_ws/install/dtb_mobile_cartographer/share/dtb_mobile_cartographer/package.xml
