[0.290s] Invoking command in '/home/geoni/myros2_ws/build/dtb_mobile_cartographer': CMAKE_PREFIX_PATH=/home/geoni/myros2_ws/install/tracer_base:/home/geoni/myros2_ws/install/dtb_mobile_navigation2:/home/geoni/myros2_ws/install/dtb_mobile_bringup:/home/geoni/ros2_ws/install/dtb_mobile_navigation2:/home/geoni/ros2_ws/install/dtb_mobile_bringup:/opt/ros/humble:/home/geoni/myros2_ws/install/ugv_sdk:/home/geoni/myros2_ws/install/tracer_msgs:/home/geoni/myros2_ws/install/sllidar_ros2:/home/geoni/myros2_ws/install/my_diff_mobile:/home/geoni/myros2_ws/install/dtb_urdf:/home/geoni/myros2_ws/install/dtb_mobile_navigation:/home/geoni/myros2_ws/install/dtb_mobile_cartographer:/home/geoni/ros2_ws/install/tracer_base:/home/geoni/ros2_ws/install/ugv_sdk:/home/geoni/ros2_ws/install/tracer_msgs:/home/geoni/ros2_ws/install/sllidar_ros2:/home/geoni/ros2_ws/install/my_diff_mobile:/home/geoni/ros2_ws/install/dtb_urdf2:/home/geoni/ros2_ws/install/dtb_urdf:/home/geoni/ros2_ws/install/dtb_mobile_navigation:/home/geoni/ros2_ws/install/dtb_mobile_cartographer /usr/bin/cmake --build /home/geoni/myros2_ws/build/dtb_mobile_cartographer -- -j16 -l16
[0.524s] Invoked command in '/home/geoni/myros2_ws/build/dtb_mobile_cartographer' returned '0': CMAKE_PREFIX_PATH=/home/geoni/myros2_ws/install/tracer_base:/home/geoni/myros2_ws/install/dtb_mobile_navigation2:/home/geoni/myros2_ws/install/dtb_mobile_bringup:/home/geoni/ros2_ws/install/dtb_mobile_navigation2:/home/geoni/ros2_ws/install/dtb_mobile_bringup:/opt/ros/humble:/home/geoni/myros2_ws/install/ugv_sdk:/home/geoni/myros2_ws/install/tracer_msgs:/home/geoni/myros2_ws/install/sllidar_ros2:/home/geoni/myros2_ws/install/my_diff_mobile:/home/geoni/myros2_ws/install/dtb_urdf:/home/geoni/myros2_ws/install/dtb_mobile_navigation:/home/geoni/myros2_ws/install/dtb_mobile_cartographer:/home/geoni/ros2_ws/install/tracer_base:/home/geoni/ros2_ws/install/ugv_sdk:/home/geoni/ros2_ws/install/tracer_msgs:/home/geoni/ros2_ws/install/sllidar_ros2:/home/geoni/ros2_ws/install/my_diff_mobile:/home/geoni/ros2_ws/install/dtb_urdf2:/home/geoni/ros2_ws/install/dtb_urdf:/home/geoni/ros2_ws/install/dtb_mobile_navigation:/home/geoni/ros2_ws/install/dtb_mobile_cartographer /usr/bin/cmake --build /home/geoni/myros2_ws/build/dtb_mobile_cartographer -- -j16 -l16
[0.558s] Invoking command in '/home/geoni/myros2_ws/build/dtb_mobile_cartographer': CMAKE_PREFIX_PATH=/home/geoni/myros2_ws/install/tracer_base:/home/geoni/myros2_ws/install/dtb_mobile_navigation2:/home/geoni/myros2_ws/install/dtb_mobile_bringup:/home/geoni/ros2_ws/install/dtb_mobile_navigation2:/home/geoni/ros2_ws/install/dtb_mobile_bringup:/opt/ros/humble:/home/geoni/myros2_ws/install/ugv_sdk:/home/geoni/myros2_ws/install/tracer_msgs:/home/geoni/myros2_ws/install/sllidar_ros2:/home/geoni/myros2_ws/install/my_diff_mobile:/home/geoni/myros2_ws/install/dtb_urdf:/home/geoni/myros2_ws/install/dtb_mobile_navigation:/home/geoni/myros2_ws/install/dtb_mobile_cartographer:/home/geoni/ros2_ws/install/tracer_base:/home/geoni/ros2_ws/install/ugv_sdk:/home/geoni/ros2_ws/install/tracer_msgs:/home/geoni/ros2_ws/install/sllidar_ros2:/home/geoni/ros2_ws/install/my_diff_mobile:/home/geoni/ros2_ws/install/dtb_urdf2:/home/geoni/ros2_ws/install/dtb_urdf:/home/geoni/ros2_ws/install/dtb_mobile_navigation:/home/geoni/ros2_ws/install/dtb_mobile_cartographer /usr/bin/cmake --install /home/geoni/myros2_ws/build/dtb_mobile_cartographer
[0.568s] -- Install configuration: ""
[0.568s] -- Up-to-date: /home/geoni/myros2_ws/install/dtb_mobile_cartographer/share/dtb_mobile_cartographer/maps
[0.568s] -- Up-to-date: /home/geoni/myros2_ws/install/dtb_mobile_cartographer/share/dtb_mobile_cartographer/maps/map.yaml
[0.568s] -- Up-to-date: /home/geoni/myros2_ws/install/dtb_mobile_cartographer/share/dtb_mobile_cartographer/maps/map.pgm
[0.569s] -- Up-to-date: /home/geoni/myros2_ws/install/dtb_mobile_cartographer/share/dtb_mobile_cartographer/launch
[0.569s] -- Up-to-date: /home/geoni/myros2_ws/install/dtb_mobile_cartographer/share/dtb_mobile_cartographer/launch/occupancy_grid.launch.py
[0.569s] -- Up-to-date: /home/geoni/myros2_ws/install/dtb_mobile_cartographer/share/dtb_mobile_cartographer/launch/cartographer_mapping_dtb_mobile.launch.py
[0.570s] -- Up-to-date: /home/geoni/myros2_ws/install/dtb_mobile_cartographer/share/dtb_mobile_cartographer/launch/cartographer_mapping.launch.py
[0.570s] -- Up-to-date: /home/geoni/myros2_ws/install/dtb_mobile_cartographer/share/dtb_mobile_cartographer/config
[0.570s] -- Up-to-date: /home/geoni/myros2_ws/install/dtb_mobile_cartographer/share/dtb_mobile_cartographer/config/dtb_mobile_lds_2d.lua
[0.571s] -- Up-to-date: /home/geoni/myros2_ws/install/dtb_mobile_cartographer/share/dtb_mobile_cartographer/config/mapping_rviz_v2.rviz
[0.571s] -- Up-to-date: /home/geoni/myros2_ws/install/dtb_mobile_cartographer/share/dtb_mobile_cartographer/config/mapping_rviz.rviz
[0.571s] -- Up-to-date: /home/geoni/myros2_ws/install/dtb_mobile_cartographer/share/ament_index/resource_index/package_run_dependencies/dtb_mobile_cartographer
[0.571s] -- Up-to-date: /home/geoni/myros2_ws/install/dtb_mobile_cartographer/share/ament_index/resource_index/parent_prefix_path/dtb_mobile_cartographer
[0.571s] -- Up-to-date: /home/geoni/myros2_ws/install/dtb_mobile_cartographer/share/dtb_mobile_cartographer/environment/ament_prefix_path.sh
[0.571s] -- Up-to-date: /home/geoni/myros2_ws/install/dtb_mobile_cartographer/share/dtb_mobile_cartographer/environment/ament_prefix_path.dsv
[0.571s] -- Up-to-date: /home/geoni/myros2_ws/install/dtb_mobile_cartographer/share/dtb_mobile_cartographer/environment/path.sh
[0.571s] -- Up-to-date: /home/geoni/myros2_ws/install/dtb_mobile_cartographer/share/dtb_mobile_cartographer/environment/path.dsv
[0.572s] -- Up-to-date: /home/geoni/myros2_ws/install/dtb_mobile_cartographer/share/dtb_mobile_cartographer/local_setup.bash
[0.572s] -- Up-to-date: /home/geoni/myros2_ws/install/dtb_mobile_cartographer/share/dtb_mobile_cartographer/local_setup.sh
[0.574s] -- Up-to-date: /home/geoni/myros2_ws/install/dtb_mobile_cartographer/share/dtb_mobile_cartographer/local_setup.zsh
[0.575s] -- Up-to-date: /home/geoni/myros2_ws/install/dtb_mobile_cartographer/share/dtb_mobile_cartographer/local_setup.dsv
[0.575s] -- Installing: /home/geoni/myros2_ws/install/dtb_mobile_cartographer/share/dtb_mobile_cartographer/package.dsv
[0.575s] -- Up-to-date: /home/geoni/myros2_ws/install/dtb_mobile_cartographer/share/ament_index/resource_index/packages/dtb_mobile_cartographer
[0.575s] -- Up-to-date: /home/geoni/myros2_ws/install/dtb_mobile_cartographer/share/dtb_mobile_cartographer/cmake/dtb_mobile_cartographerConfig.cmake
[0.575s] -- Up-to-date: /home/geoni/myros2_ws/install/dtb_mobile_cartographer/share/dtb_mobile_cartographer/cmake/dtb_mobile_cartographerConfig-version.cmake
[0.575s] -- Up-to-date: /home/geoni/myros2_ws/install/dtb_mobile_cartographer/share/dtb_mobile_cartographer/package.xml
[0.584s] Invoked command in '/home/geoni/myros2_ws/build/dtb_mobile_cartographer' returned '0': CMAKE_PREFIX_PATH=/home/geoni/myros2_ws/install/tracer_base:/home/geoni/myros2_ws/install/dtb_mobile_navigation2:/home/geoni/myros2_ws/install/dtb_mobile_bringup:/home/geoni/ros2_ws/install/dtb_mobile_navigation2:/home/geoni/ros2_ws/install/dtb_mobile_bringup:/opt/ros/humble:/home/geoni/myros2_ws/install/ugv_sdk:/home/geoni/myros2_ws/install/tracer_msgs:/home/geoni/myros2_ws/install/sllidar_ros2:/home/geoni/myros2_ws/install/my_diff_mobile:/home/geoni/myros2_ws/install/dtb_urdf:/home/geoni/myros2_ws/install/dtb_mobile_navigation:/home/geoni/myros2_ws/install/dtb_mobile_cartographer:/home/geoni/ros2_ws/install/tracer_base:/home/geoni/ros2_ws/install/ugv_sdk:/home/geoni/ros2_ws/install/tracer_msgs:/home/geoni/ros2_ws/install/sllidar_ros2:/home/geoni/ros2_ws/install/my_diff_mobile:/home/geoni/ros2_ws/install/dtb_urdf2:/home/geoni/ros2_ws/install/dtb_urdf:/home/geoni/ros2_ws/install/dtb_mobile_navigation:/home/geoni/ros2_ws/install/dtb_mobile_cartographer /usr/bin/cmake --install /home/geoni/myros2_ws/build/dtb_mobile_cartographer
