[0.053s] Invoking command in '/home/geoni/myros2_ws/build/tracer_msgs': CMAKE_PREFIX_PATH=/home/geoni/myros2_ws/install/tracer_base:/home/geoni/myros2_ws/install/ugv_sdk:/home/geoni/myros2_ws/install/tracer_msgs:/home/geoni/myros2_ws/install/sllidar_ros2:/home/geoni/myros2_ws/install/my_diff_mobile:/home/geoni/myros2_ws/install/dtb_urdf:/home/geoni/myros2_ws/install/dtb_mobile_navigation:/home/geoni/myros2_ws/install/dtb_mobile_cartographer:/home/geoni/ros2_ws/install/tracer_base:/home/geoni/myros2_ws/install/dtb_mobile_navigation2:/home/geoni/myros2_ws/install/dtb_mobile_bringup:/home/geoni/ros2_ws/install/dtb_mobile_navigation2:/home/geoni/ros2_ws/install/dtb_mobile_bringup:/opt/ros/humble:/home/geoni/ros2_ws/install/ugv_sdk:/home/geoni/ros2_ws/install/tracer_msgs:/home/geoni/ros2_ws/install/sllidar_ros2:/home/geoni/ros2_ws/install/my_diff_mobile:/home/geoni/ros2_ws/install/dtb_urdf2:/home/geoni/ros2_ws/install/dtb_urdf:/home/geoni/ros2_ws/install/dtb_mobile_navigation:/home/geoni/ros2_ws/install/dtb_mobile_cartographer /usr/bin/cmake /home/geoni/myros2_ws/src/tracer_ros2/tracer_msgs -DCMAKE_INSTALL_PREFIX=/home/geoni/myros2_ws/install/tracer_msgs
[0.628s] -- The C compiler identification is GNU 11.4.0
[0.628s] -- The CXX compiler identification is GNU 11.4.0
[0.628s] -- Detecting C compiler ABI info
[0.628s] -- Detecting C compiler ABI info - done
[0.628s] -- Check for working C compiler: /usr/bin/cc - skipped
[0.628s] -- Detecting C compile features
[0.628s] -- Detecting C compile features - done
[0.628s] -- Detecting CXX compiler ABI info
[0.628s] -- Detecting CXX compiler ABI info - done
[0.628s] -- Check for working CXX compiler: /usr/bin/c++ - skipped
[0.628s] -- Detecting CXX compile features
[0.629s] -- Detecting CXX compile features - done
[0.629s] -- Found ament_cmake: 1.3.8 (/opt/ros/humble/share/ament_cmake/cmake)
[0.629s] -- Found Python3: /usr/bin/python3 (found version "3.10.12") found components: Interpreter 
[0.643s] -- Found builtin_interfaces: 1.2.1 (/opt/ros/humble/share/builtin_interfaces/cmake)
[0.686s] -- Found rosidl_generator_c: 3.1.5 (/opt/ros/humble/share/rosidl_generator_c/cmake)
[0.695s] -- Found rosidl_adapter: 3.1.5 (/opt/ros/humble/share/rosidl_adapter/cmake)
[0.710s] -- Found rosidl_generator_cpp: 3.1.5 (/opt/ros/humble/share/rosidl_generator_cpp/cmake)
[0.737s] -- Using all available rosidl_typesupport_c: rosidl_typesupport_fastrtps_c;rosidl_typesupport_introspection_c
[0.768s] -- Using all available rosidl_typesupport_cpp: rosidl_typesupport_fastrtps_cpp;rosidl_typesupport_introspection_cpp
[0.795s] -- Found rosidl_default_generators: 1.2.0 (/opt/ros/humble/share/rosidl_default_generators/cmake)
[0.811s] -- Found std_msgs: 4.2.3 (/opt/ros/humble/share/std_msgs/cmake)
[1.373s] -- Found ament_cmake_ros: 0.10.0 (/opt/ros/humble/share/ament_cmake_ros/cmake)
[1.919s] -- Using all available rosidl_typesupport_c: rosidl_typesupport_fastrtps_c;rosidl_typesupport_introspection_c
[2.169s] -- Using all available rosidl_typesupport_cpp: rosidl_typesupport_fastrtps_cpp;rosidl_typesupport_introspection_cpp
[2.209s] -- Found PythonInterp: /usr/bin/python3 (found suitable version "3.10.12", minimum required is "3.6") 
[2.214s] -- Found python_cmake_module: 0.10.0 (/opt/ros/humble/share/python_cmake_module/cmake)
[2.255s] -- Found PythonLibs: /usr/lib/x86_64-linux-gnu/libpython3.10.so (found suitable version "3.10.12", minimum required is "3.5") 
[2.255s] -- Using PYTHON_EXECUTABLE: /usr/bin/python3
[2.256s] -- Using PYTHON_INCLUDE_DIRS: /usr/include/python3.10
[2.256s] -- Using PYTHON_LIBRARIES: /usr/lib/x86_64-linux-gnu/libpython3.10.so
[2.289s] -- Found PythonExtra: .so  
[2.381s] -- Found ament_lint_auto: 0.12.10 (/opt/ros/humble/share/ament_lint_auto/cmake)
[2.417s] -- Added test 'copyright' to check source files copyright and LICENSE
[2.419s] -- Added test 'lint_cmake' to check CMake code style
[2.421s] -- Added test 'xmllint' to check XML markup files
[2.426s] -- Configuring done
[2.480s] -- Generating done
[2.484s] -- Build files have been written to: /home/geoni/myros2_ws/build/tracer_msgs
[2.492s] Invoked command in '/home/geoni/myros2_ws/build/tracer_msgs' returned '0': CMAKE_PREFIX_PATH=/home/geoni/myros2_ws/install/tracer_base:/home/geoni/myros2_ws/install/ugv_sdk:/home/geoni/myros2_ws/install/tracer_msgs:/home/geoni/myros2_ws/install/sllidar_ros2:/home/geoni/myros2_ws/install/my_diff_mobile:/home/geoni/myros2_ws/install/dtb_urdf:/home/geoni/myros2_ws/install/dtb_mobile_navigation:/home/geoni/myros2_ws/install/dtb_mobile_cartographer:/home/geoni/ros2_ws/install/tracer_base:/home/geoni/myros2_ws/install/dtb_mobile_navigation2:/home/geoni/myros2_ws/install/dtb_mobile_bringup:/home/geoni/ros2_ws/install/dtb_mobile_navigation2:/home/geoni/ros2_ws/install/dtb_mobile_bringup:/opt/ros/humble:/home/geoni/ros2_ws/install/ugv_sdk:/home/geoni/ros2_ws/install/tracer_msgs:/home/geoni/ros2_ws/install/sllidar_ros2:/home/geoni/ros2_ws/install/my_diff_mobile:/home/geoni/ros2_ws/install/dtb_urdf2:/home/geoni/ros2_ws/install/dtb_urdf:/home/geoni/ros2_ws/install/dtb_mobile_navigation:/home/geoni/ros2_ws/install/dtb_mobile_cartographer /usr/bin/cmake /home/geoni/myros2_ws/src/tracer_ros2/tracer_msgs -DCMAKE_INSTALL_PREFIX=/home/geoni/myros2_ws/install/tracer_msgs
[2.494s] Invoking command in '/home/geoni/myros2_ws/build/tracer_msgs': CMAKE_PREFIX_PATH=/home/geoni/myros2_ws/install/tracer_base:/home/geoni/myros2_ws/install/ugv_sdk:/home/geoni/myros2_ws/install/tracer_msgs:/home/geoni/myros2_ws/install/sllidar_ros2:/home/geoni/myros2_ws/install/my_diff_mobile:/home/geoni/myros2_ws/install/dtb_urdf:/home/geoni/myros2_ws/install/dtb_mobile_navigation:/home/geoni/myros2_ws/install/dtb_mobile_cartographer:/home/geoni/ros2_ws/install/tracer_base:/home/geoni/myros2_ws/install/dtb_mobile_navigation2:/home/geoni/myros2_ws/install/dtb_mobile_bringup:/home/geoni/ros2_ws/install/dtb_mobile_navigation2:/home/geoni/ros2_ws/install/dtb_mobile_bringup:/opt/ros/humble:/home/geoni/ros2_ws/install/ugv_sdk:/home/geoni/ros2_ws/install/tracer_msgs:/home/geoni/ros2_ws/install/sllidar_ros2:/home/geoni/ros2_ws/install/my_diff_mobile:/home/geoni/ros2_ws/install/dtb_urdf2:/home/geoni/ros2_ws/install/dtb_urdf:/home/geoni/ros2_ws/install/dtb_mobile_navigation:/home/geoni/ros2_ws/install/dtb_mobile_cartographer /usr/bin/cmake --build /home/geoni/myros2_ws/build/tracer_msgs -- -j16 -l16
[2.545s] [  1%] [34m[1mGenerating C code for ROS interfaces[0m
[2.559s] [  3%] [34m[1mGenerating C++ code for ROS interfaces[0m
[2.569s] [  3%] Built target ament_cmake_python_copy_tracer_msgs
[2.849s] running egg_info
[2.849s] creating tracer_msgs.egg-info
[2.849s] writing tracer_msgs.egg-info/PKG-INFO
[2.849s] writing dependency_links to tracer_msgs.egg-info/dependency_links.txt
[2.850s] writing top-level names to tracer_msgs.egg-info/top_level.txt
[2.850s] writing manifest file 'tracer_msgs.egg-info/SOURCES.txt'
[2.852s] reading manifest file 'tracer_msgs.egg-info/SOURCES.txt'
[2.852s] writing manifest file 'tracer_msgs.egg-info/SOURCES.txt'
[2.888s] [  3%] Built target ament_cmake_python_build_tracer_msgs_egg
[3.647s] [  3%] Built target tracer_msgs__cpp
[3.691s] [  4%] [34m[1mGenerating C++ type support for eProsima Fast-RTPS[0m
[3.702s] [  6%] [34m[1mGenerating C++ type support dispatch for ROS interfaces[0m
[3.770s] [  7%] [34m[1mGenerating C++ introspection for ROS interfaces[0m
[3.894s] [  9%] [32mBuilding C object CMakeFiles/tracer_msgs__rosidl_generator_c.dir/rosidl_generator_c/tracer_msgs/msg/detail/tracer_actuator_state__functions.c.o[0m
[3.899s] [ 11%] [32mBuilding C object CMakeFiles/tracer_msgs__rosidl_generator_c.dir/rosidl_generator_c/tracer_msgs/msg/detail/tracer_light_cmd__functions.c.o[0m
[3.922s] [ 12%] [32mBuilding C object CMakeFiles/tracer_msgs__rosidl_generator_c.dir/rosidl_generator_c/tracer_msgs/msg/detail/tracer_light_state__functions.c.o[0m
[3.973s] [ 14%] [32mBuilding C object CMakeFiles/tracer_msgs__rosidl_generator_c.dir/rosidl_generator_c/tracer_msgs/msg/detail/tracer_rc_state__functions.c.o[0m
[4.032s] [ 15%] [32mBuilding C object CMakeFiles/tracer_msgs__rosidl_generator_c.dir/rosidl_generator_c/tracer_msgs/msg/detail/tracer_status__functions.c.o[0m
[4.239s] [ 17%] [32m[1mLinking C shared library libtracer_msgs__rosidl_generator_c.so[0m
[4.333s] [ 17%] Built target tracer_msgs__rosidl_generator_c
[4.348s] [ 19%] [34m[1mGenerating C type support for eProsima Fast-RTPS[0m
[4.348s] [ 20%] [34m[1mGenerating C introspection for ROS interfaces[0m
[4.349s] [ 22%] [34m[1mGenerating C type support dispatch for ROS interfaces[0m
[4.574s] [ 23%] [32mBuilding CXX object CMakeFiles/tracer_msgs__rosidl_typesupport_cpp.dir/rosidl_typesupport_cpp/tracer_msgs/msg/tracer_actuator_state__type_support.cpp.o[0m
[4.577s] [ 25%] [32mBuilding CXX object CMakeFiles/tracer_msgs__rosidl_typesupport_cpp.dir/rosidl_typesupport_cpp/tracer_msgs/msg/tracer_light_state__type_support.cpp.o[0m
[4.582s] [ 26%] [32mBuilding CXX object CMakeFiles/tracer_msgs__rosidl_typesupport_cpp.dir/rosidl_typesupport_cpp/tracer_msgs/msg/tracer_rc_state__type_support.cpp.o[0m
[4.586s] [ 30%] [32mBuilding CXX object CMakeFiles/tracer_msgs__rosidl_typesupport_cpp.dir/rosidl_typesupport_cpp/tracer_msgs/msg/tracer_light_cmd__type_support.cpp.o[0m
[4.586s] [ 30%] [32mBuilding CXX object CMakeFiles/tracer_msgs__rosidl_typesupport_cpp.dir/rosidl_typesupport_cpp/tracer_msgs/msg/tracer_status__type_support.cpp.o[0m
[4.596s] [ 31%] [32mBuilding CXX object CMakeFiles/tracer_msgs__rosidl_typesupport_fastrtps_cpp.dir/rosidl_typesupport_fastrtps_cpp/tracer_msgs/msg/detail/dds_fastrtps/tracer_actuator_state__type_support.cpp.o[0m
[4.597s] [ 33%] [32mBuilding CXX object CMakeFiles/tracer_msgs__rosidl_typesupport_fastrtps_cpp.dir/rosidl_typesupport_fastrtps_cpp/tracer_msgs/msg/detail/dds_fastrtps/tracer_light_cmd__type_support.cpp.o[0m
[4.607s] [ 34%] [32mBuilding CXX object CMakeFiles/tracer_msgs__rosidl_typesupport_fastrtps_cpp.dir/rosidl_typesupport_fastrtps_cpp/tracer_msgs/msg/detail/dds_fastrtps/tracer_light_state__type_support.cpp.o[0m
[4.624s] [ 36%] [32mBuilding CXX object CMakeFiles/tracer_msgs__rosidl_typesupport_fastrtps_cpp.dir/rosidl_typesupport_fastrtps_cpp/tracer_msgs/msg/detail/dds_fastrtps/tracer_rc_state__type_support.cpp.o[0m
[4.690s] [ 38%] [32mBuilding CXX object CMakeFiles/tracer_msgs__rosidl_typesupport_fastrtps_cpp.dir/rosidl_typesupport_fastrtps_cpp/tracer_msgs/msg/detail/dds_fastrtps/tracer_status__type_support.cpp.o[0m
[4.951s] [ 39%] [32mBuilding CXX object CMakeFiles/tracer_msgs__rosidl_typesupport_introspection_cpp.dir/rosidl_typesupport_introspection_cpp/tracer_msgs/msg/detail/tracer_light_cmd__type_support.cpp.o[0m
[4.954s] [ 41%] [32mBuilding CXX object CMakeFiles/tracer_msgs__rosidl_typesupport_introspection_cpp.dir/rosidl_typesupport_introspection_cpp/tracer_msgs/msg/detail/tracer_actuator_state__type_support.cpp.o[0m
[4.954s] [ 42%] [32mBuilding CXX object CMakeFiles/tracer_msgs__rosidl_typesupport_introspection_cpp.dir/rosidl_typesupport_introspection_cpp/tracer_msgs/msg/detail/tracer_light_state__type_support.cpp.o[0m
[4.987s] [ 44%] [32mBuilding CXX object CMakeFiles/tracer_msgs__rosidl_typesupport_introspection_cpp.dir/rosidl_typesupport_introspection_cpp/tracer_msgs/msg/detail/tracer_rc_state__type_support.cpp.o[0m
[5.017s] [ 46%] [32mBuilding CXX object CMakeFiles/tracer_msgs__rosidl_typesupport_introspection_cpp.dir/rosidl_typesupport_introspection_cpp/tracer_msgs/msg/detail/tracer_status__type_support.cpp.o[0m
[5.116s] [ 47%] [32mBuilding CXX object CMakeFiles/tracer_msgs__rosidl_typesupport_c.dir/rosidl_typesupport_c/tracer_msgs/msg/tracer_actuator_state__type_support.cpp.o[0m
[5.130s] [ 49%] [32mBuilding CXX object CMakeFiles/tracer_msgs__rosidl_typesupport_c.dir/rosidl_typesupport_c/tracer_msgs/msg/tracer_light_state__type_support.cpp.o[0m
[5.148s] [ 50%] [32mBuilding CXX object CMakeFiles/tracer_msgs__rosidl_typesupport_c.dir/rosidl_typesupport_c/tracer_msgs/msg/tracer_light_cmd__type_support.cpp.o[0m
[5.192s] [ 52%] [32m[1mLinking CXX shared library libtracer_msgs__rosidl_typesupport_cpp.so[0m
[5.221s] [ 53%] [32mBuilding CXX object CMakeFiles/tracer_msgs__rosidl_typesupport_c.dir/rosidl_typesupport_c/tracer_msgs/msg/tracer_rc_state__type_support.cpp.o[0m
[5.235s] [ 55%] [32mBuilding CXX object CMakeFiles/tracer_msgs__rosidl_typesupport_c.dir/rosidl_typesupport_c/tracer_msgs/msg/tracer_status__type_support.cpp.o[0m
[5.300s] [ 55%] Built target tracer_msgs__rosidl_typesupport_cpp
[5.343s] [ 57%] [32m[1mLinking CXX shared library libtracer_msgs__rosidl_typesupport_c.so[0m
[5.347s] [ 58%] [32mBuilding CXX object CMakeFiles/tracer_msgs__rosidl_typesupport_fastrtps_c.dir/rosidl_typesupport_fastrtps_c/tracer_msgs/msg/detail/tracer_actuator_state__type_support_c.cpp.o[0m
[5.379s] [ 60%] [32mBuilding CXX object CMakeFiles/tracer_msgs__rosidl_typesupport_fastrtps_c.dir/rosidl_typesupport_fastrtps_c/tracer_msgs/msg/detail/tracer_light_cmd__type_support_c.cpp.o[0m
[5.385s] [ 61%] [32mBuilding CXX object CMakeFiles/tracer_msgs__rosidl_typesupport_fastrtps_c.dir/rosidl_typesupport_fastrtps_c/tracer_msgs/msg/detail/tracer_rc_state__type_support_c.cpp.o[0m
[5.393s] [ 63%] [32mBuilding CXX object CMakeFiles/tracer_msgs__rosidl_typesupport_fastrtps_c.dir/rosidl_typesupport_fastrtps_c/tracer_msgs/msg/detail/tracer_light_state__type_support_c.cpp.o[0m
[5.394s] [ 65%] [32mBuilding CXX object CMakeFiles/tracer_msgs__rosidl_typesupport_fastrtps_c.dir/rosidl_typesupport_fastrtps_c/tracer_msgs/msg/detail/tracer_status__type_support_c.cpp.o[0m
[5.480s] [ 66%] [32m[1mLinking CXX shared library libtracer_msgs__rosidl_typesupport_fastrtps_cpp.so[0m
[5.485s] [ 66%] Built target tracer_msgs__rosidl_typesupport_c
[5.514s] [ 68%] [32mBuilding C object CMakeFiles/tracer_msgs__rosidl_typesupport_introspection_c.dir/rosidl_typesupport_introspection_c/tracer_msgs/msg/detail/tracer_light_state__type_support.c.o[0m
[5.516s] [ 69%] [32mBuilding C object CMakeFiles/tracer_msgs__rosidl_typesupport_introspection_c.dir/rosidl_typesupport_introspection_c/tracer_msgs/msg/detail/tracer_light_cmd__type_support.c.o[0m
[5.516s] [ 71%] [32mBuilding C object CMakeFiles/tracer_msgs__rosidl_typesupport_introspection_c.dir/rosidl_typesupport_introspection_c/tracer_msgs/msg/detail/tracer_actuator_state__type_support.c.o[0m
[5.516s] [ 73%] [32mBuilding C object CMakeFiles/tracer_msgs__rosidl_typesupport_introspection_c.dir/rosidl_typesupport_introspection_c/tracer_msgs/msg/detail/tracer_rc_state__type_support.c.o[0m
[5.524s] [ 74%] [32mBuilding C object CMakeFiles/tracer_msgs__rosidl_typesupport_introspection_c.dir/rosidl_typesupport_introspection_c/tracer_msgs/msg/detail/tracer_status__type_support.c.o[0m
[5.600s] [ 76%] [32m[1mLinking C shared library libtracer_msgs__rosidl_typesupport_introspection_c.so[0m
[5.634s] [ 76%] Built target tracer_msgs__rosidl_typesupport_fastrtps_cpp
[5.659s] [ 76%] Built target tracer_msgs__rosidl_typesupport_introspection_c
[5.766s] [ 77%] [32m[1mLinking CXX shared library libtracer_msgs__rosidl_typesupport_introspection_cpp.so[0m
[5.854s] [ 77%] Built target tracer_msgs__rosidl_typesupport_introspection_cpp
[5.932s] [ 79%] [32m[1mLinking CXX shared library libtracer_msgs__rosidl_typesupport_fastrtps_c.so[0m
[6.035s] [ 79%] Built target tracer_msgs__rosidl_typesupport_fastrtps_c
[6.065s] [ 79%] Built target tracer_msgs
[6.090s] [ 80%] [34m[1mGenerating Python code for ROS interfaces[0m
[7.198s] [ 80%] Built target tracer_msgs__py
[7.221s] [ 85%] [32mBuilding C object CMakeFiles/tracer_msgs__rosidl_generator_py.dir/rosidl_generator_py/tracer_msgs/msg/_tracer_actuator_state_s.c.o[0m
[7.221s] [ 85%] [32mBuilding C object CMakeFiles/tracer_msgs__rosidl_generator_py.dir/rosidl_generator_py/tracer_msgs/msg/_tracer_light_state_s.c.o[0m
[7.221s] [ 85%] [32mBuilding C object CMakeFiles/tracer_msgs__rosidl_generator_py.dir/rosidl_generator_py/tracer_msgs/msg/_tracer_light_cmd_s.c.o[0m
[7.222s] [ 87%] [32mBuilding C object CMakeFiles/tracer_msgs__rosidl_generator_py.dir/rosidl_generator_py/tracer_msgs/msg/_tracer_rc_state_s.c.o[0m
[7.224s] [ 88%] [32mBuilding C object CMakeFiles/tracer_msgs__rosidl_generator_py.dir/rosidl_generator_py/tracer_msgs/msg/_tracer_status_s.c.o[0m
[7.421s] [ 90%] [32m[1mLinking C shared library rosidl_generator_py/tracer_msgs/libtracer_msgs__rosidl_generator_py.so[0m
[7.489s] [ 90%] Built target tracer_msgs__rosidl_generator_py
[7.515s] [ 95%] [32mBuilding C object CMakeFiles/tracer_msgs__rosidl_typesupport_introspection_c__pyext.dir/rosidl_generator_py/tracer_msgs/_tracer_msgs_s.ep.rosidl_typesupport_introspection_c.c.o[0m
[7.515s] [ 95%] [32mBuilding C object CMakeFiles/tracer_msgs__rosidl_typesupport_fastrtps_c__pyext.dir/rosidl_generator_py/tracer_msgs/_tracer_msgs_s.ep.rosidl_typesupport_fastrtps_c.c.o[0m
[7.516s] [ 95%] [32mBuilding C object CMakeFiles/tracer_msgs__rosidl_typesupport_c__pyext.dir/rosidl_generator_py/tracer_msgs/_tracer_msgs_s.ep.rosidl_typesupport_c.c.o[0m
[7.659s] [ 96%] [32m[1mLinking C shared library rosidl_generator_py/tracer_msgs/tracer_msgs_s__rosidl_typesupport_introspection_c.cpython-310-x86_64-linux-gnu.so[0m
[7.662s] [ 98%] [32m[1mLinking C shared library rosidl_generator_py/tracer_msgs/tracer_msgs_s__rosidl_typesupport_fastrtps_c.cpython-310-x86_64-linux-gnu.so[0m
[7.663s] [100%] [32m[1mLinking C shared library rosidl_generator_py/tracer_msgs/tracer_msgs_s__rosidl_typesupport_c.cpython-310-x86_64-linux-gnu.so[0m
[7.713s] [100%] Built target tracer_msgs__rosidl_typesupport_introspection_c__pyext
[7.715s] [100%] Built target tracer_msgs__rosidl_typesupport_c__pyext
[7.729s] [100%] Built target tracer_msgs__rosidl_typesupport_fastrtps_c__pyext
[7.747s] Invoked command in '/home/geoni/myros2_ws/build/tracer_msgs' returned '0': CMAKE_PREFIX_PATH=/home/geoni/myros2_ws/install/tracer_base:/home/geoni/myros2_ws/install/ugv_sdk:/home/geoni/myros2_ws/install/tracer_msgs:/home/geoni/myros2_ws/install/sllidar_ros2:/home/geoni/myros2_ws/install/my_diff_mobile:/home/geoni/myros2_ws/install/dtb_urdf:/home/geoni/myros2_ws/install/dtb_mobile_navigation:/home/geoni/myros2_ws/install/dtb_mobile_cartographer:/home/geoni/ros2_ws/install/tracer_base:/home/geoni/myros2_ws/install/dtb_mobile_navigation2:/home/geoni/myros2_ws/install/dtb_mobile_bringup:/home/geoni/ros2_ws/install/dtb_mobile_navigation2:/home/geoni/ros2_ws/install/dtb_mobile_bringup:/opt/ros/humble:/home/geoni/ros2_ws/install/ugv_sdk:/home/geoni/ros2_ws/install/tracer_msgs:/home/geoni/ros2_ws/install/sllidar_ros2:/home/geoni/ros2_ws/install/my_diff_mobile:/home/geoni/ros2_ws/install/dtb_urdf2:/home/geoni/ros2_ws/install/dtb_urdf:/home/geoni/ros2_ws/install/dtb_mobile_navigation:/home/geoni/ros2_ws/install/dtb_mobile_cartographer /usr/bin/cmake --build /home/geoni/myros2_ws/build/tracer_msgs -- -j16 -l16
[7.870s] Invoking command in '/home/geoni/myros2_ws/build/tracer_msgs': CMAKE_PREFIX_PATH=/home/geoni/myros2_ws/install/tracer_base:/home/geoni/myros2_ws/install/ugv_sdk:/home/geoni/myros2_ws/install/tracer_msgs:/home/geoni/myros2_ws/install/sllidar_ros2:/home/geoni/myros2_ws/install/my_diff_mobile:/home/geoni/myros2_ws/install/dtb_urdf:/home/geoni/myros2_ws/install/dtb_mobile_navigation:/home/geoni/myros2_ws/install/dtb_mobile_cartographer:/home/geoni/ros2_ws/install/tracer_base:/home/geoni/myros2_ws/install/dtb_mobile_navigation2:/home/geoni/myros2_ws/install/dtb_mobile_bringup:/home/geoni/ros2_ws/install/dtb_mobile_navigation2:/home/geoni/ros2_ws/install/dtb_mobile_bringup:/opt/ros/humble:/home/geoni/ros2_ws/install/ugv_sdk:/home/geoni/ros2_ws/install/tracer_msgs:/home/geoni/ros2_ws/install/sllidar_ros2:/home/geoni/ros2_ws/install/my_diff_mobile:/home/geoni/ros2_ws/install/dtb_urdf2:/home/geoni/ros2_ws/install/dtb_urdf:/home/geoni/ros2_ws/install/dtb_mobile_navigation:/home/geoni/ros2_ws/install/dtb_mobile_cartographer /usr/bin/cmake --install /home/geoni/myros2_ws/build/tracer_msgs
[7.882s] -- Install configuration: ""
[7.882s] -- Installing: /home/geoni/myros2_ws/install/tracer_msgs/share/ament_index/resource_index/rosidl_interfaces/tracer_msgs
[7.882s] -- Installing: /home/geoni/myros2_ws/install/tracer_msgs/include/tracer_msgs/tracer_msgs
[7.882s] -- Installing: /home/geoni/myros2_ws/install/tracer_msgs/include/tracer_msgs/tracer_msgs/msg
[7.882s] -- Installing: /home/geoni/myros2_ws/install/tracer_msgs/include/tracer_msgs/tracer_msgs/msg/tracer_actuator_state.h
[7.882s] -- Installing: /home/geoni/myros2_ws/install/tracer_msgs/include/tracer_msgs/tracer_msgs/msg/tracer_status.h
[7.883s] -- Installing: /home/geoni/myros2_ws/install/tracer_msgs/include/tracer_msgs/tracer_msgs/msg/tracer_rc_state.h
[7.883s] -- Installing: /home/geoni/myros2_ws/install/tracer_msgs/include/tracer_msgs/tracer_msgs/msg/tracer_light_state.h
[7.883s] -- Installing: /home/geoni/myros2_ws/install/tracer_msgs/include/tracer_msgs/tracer_msgs/msg/tracer_light_cmd.h
[7.883s] -- Installing: /home/geoni/myros2_ws/install/tracer_msgs/include/tracer_msgs/tracer_msgs/msg/detail
[7.883s] -- Installing: /home/geoni/myros2_ws/install/tracer_msgs/include/tracer_msgs/tracer_msgs/msg/detail/tracer_actuator_state__struct.h
[7.883s] -- Installing: /home/geoni/myros2_ws/install/tracer_msgs/include/tracer_msgs/tracer_msgs/msg/detail/tracer_rc_state__struct.h
[7.883s] -- Installing: /home/geoni/myros2_ws/install/tracer_msgs/include/tracer_msgs/tracer_msgs/msg/detail/tracer_light_state__functions.h
[7.884s] -- Installing: /home/geoni/myros2_ws/install/tracer_msgs/include/tracer_msgs/tracer_msgs/msg/detail/tracer_rc_state__functions.c
[7.884s] -- Installing: /home/geoni/myros2_ws/install/tracer_msgs/include/tracer_msgs/tracer_msgs/msg/detail/tracer_rc_state__functions.h
[7.884s] -- Installing: /home/geoni/myros2_ws/install/tracer_msgs/include/tracer_msgs/tracer_msgs/msg/detail/tracer_rc_state__type_support.h
[7.884s] -- Installing: /home/geoni/myros2_ws/install/tracer_msgs/include/tracer_msgs/tracer_msgs/msg/detail/tracer_status__type_support.h
[7.884s] -- Installing: /home/geoni/myros2_ws/install/tracer_msgs/include/tracer_msgs/tracer_msgs/msg/detail/tracer_light_cmd__functions.c
[7.884s] -- Installing: /home/geoni/myros2_ws/install/tracer_msgs/include/tracer_msgs/tracer_msgs/msg/detail/tracer_actuator_state__type_support.h
[7.885s] -- Installing: /home/geoni/myros2_ws/install/tracer_msgs/include/tracer_msgs/tracer_msgs/msg/detail/tracer_status__functions.h
[7.885s] -- Installing: /home/geoni/myros2_ws/install/tracer_msgs/include/tracer_msgs/tracer_msgs/msg/detail/tracer_actuator_state__functions.c
[7.885s] -- Installing: /home/geoni/myros2_ws/install/tracer_msgs/include/tracer_msgs/tracer_msgs/msg/detail/tracer_status__functions.c
[7.885s] -- Installing: /home/geoni/myros2_ws/install/tracer_msgs/include/tracer_msgs/tracer_msgs/msg/detail/tracer_light_cmd__struct.h
[7.885s] -- Installing: /home/geoni/myros2_ws/install/tracer_msgs/include/tracer_msgs/tracer_msgs/msg/detail/tracer_light_state__struct.h
[7.885s] -- Installing: /home/geoni/myros2_ws/install/tracer_msgs/include/tracer_msgs/tracer_msgs/msg/detail/tracer_light_state__functions.c
[7.886s] -- Installing: /home/geoni/myros2_ws/install/tracer_msgs/include/tracer_msgs/tracer_msgs/msg/detail/tracer_light_state__type_support.h
[7.886s] -- Installing: /home/geoni/myros2_ws/install/tracer_msgs/include/tracer_msgs/tracer_msgs/msg/detail/tracer_light_cmd__functions.h
[7.886s] -- Installing: /home/geoni/myros2_ws/install/tracer_msgs/include/tracer_msgs/tracer_msgs/msg/detail/tracer_status__struct.h
[7.886s] -- Installing: /home/geoni/myros2_ws/install/tracer_msgs/include/tracer_msgs/tracer_msgs/msg/detail/tracer_light_cmd__type_support.h
[7.886s] -- Installing: /home/geoni/myros2_ws/install/tracer_msgs/include/tracer_msgs/tracer_msgs/msg/detail/tracer_actuator_state__functions.h
[7.886s] -- Installing: /home/geoni/myros2_ws/install/tracer_msgs/include/tracer_msgs/tracer_msgs/msg/rosidl_generator_c__visibility_control.h
[7.886s] -- Installing: /home/geoni/myros2_ws/install/tracer_msgs/share/tracer_msgs/environment/library_path.sh
[7.887s] -- Installing: /home/geoni/myros2_ws/install/tracer_msgs/share/tracer_msgs/environment/library_path.dsv
[7.887s] -- Installing: /home/geoni/myros2_ws/install/tracer_msgs/lib/libtracer_msgs__rosidl_generator_c.so
[7.887s] -- Set runtime path of "/home/geoni/myros2_ws/install/tracer_msgs/lib/libtracer_msgs__rosidl_generator_c.so" to ""
[7.887s] -- Up-to-date: /home/geoni/myros2_ws/install/tracer_msgs/include/tracer_msgs/tracer_msgs
[7.887s] -- Up-to-date: /home/geoni/myros2_ws/install/tracer_msgs/include/tracer_msgs/tracer_msgs/msg
[7.887s] -- Up-to-date: /home/geoni/myros2_ws/install/tracer_msgs/include/tracer_msgs/tracer_msgs/msg/detail
[7.888s] -- Installing: /home/geoni/myros2_ws/install/tracer_msgs/include/tracer_msgs/tracer_msgs/msg/detail/tracer_light_cmd__rosidl_typesupport_fastrtps_c.h
[7.888s] -- Installing: /home/geoni/myros2_ws/install/tracer_msgs/include/tracer_msgs/tracer_msgs/msg/detail/tracer_rc_state__rosidl_typesupport_fastrtps_c.h
[7.888s] -- Installing: /home/geoni/myros2_ws/install/tracer_msgs/include/tracer_msgs/tracer_msgs/msg/detail/tracer_actuator_state__rosidl_typesupport_fastrtps_c.h
[7.888s] -- Installing: /home/geoni/myros2_ws/install/tracer_msgs/include/tracer_msgs/tracer_msgs/msg/detail/tracer_light_state__rosidl_typesupport_fastrtps_c.h
[7.888s] -- Installing: /home/geoni/myros2_ws/install/tracer_msgs/include/tracer_msgs/tracer_msgs/msg/detail/tracer_status__rosidl_typesupport_fastrtps_c.h
[7.889s] -- Installing: /home/geoni/myros2_ws/install/tracer_msgs/include/tracer_msgs/tracer_msgs/msg/rosidl_typesupport_fastrtps_c__visibility_control.h
[7.889s] -- Installing: /home/geoni/myros2_ws/install/tracer_msgs/lib/libtracer_msgs__rosidl_typesupport_fastrtps_c.so
[7.889s] -- Set runtime path of "/home/geoni/myros2_ws/install/tracer_msgs/lib/libtracer_msgs__rosidl_typesupport_fastrtps_c.so" to ""
[7.889s] -- Up-to-date: /home/geoni/myros2_ws/install/tracer_msgs/include/tracer_msgs/tracer_msgs
[7.889s] -- Up-to-date: /home/geoni/myros2_ws/install/tracer_msgs/include/tracer_msgs/tracer_msgs/msg
[7.889s] -- Installing: /home/geoni/myros2_ws/install/tracer_msgs/include/tracer_msgs/tracer_msgs/msg/tracer_status.hpp
[7.889s] -- Installing: /home/geoni/myros2_ws/install/tracer_msgs/include/tracer_msgs/tracer_msgs/msg/tracer_light_state.hpp
[7.889s] -- Installing: /home/geoni/myros2_ws/install/tracer_msgs/include/tracer_msgs/tracer_msgs/msg/tracer_light_cmd.hpp
[7.890s] -- Installing: /home/geoni/myros2_ws/install/tracer_msgs/include/tracer_msgs/tracer_msgs/msg/tracer_actuator_state.hpp
[7.890s] -- Up-to-date: /home/geoni/myros2_ws/install/tracer_msgs/include/tracer_msgs/tracer_msgs/msg/detail
[7.890s] -- Installing: /home/geoni/myros2_ws/install/tracer_msgs/include/tracer_msgs/tracer_msgs/msg/detail/tracer_rc_state__builder.hpp
[7.890s] -- Installing: /home/geoni/myros2_ws/install/tracer_msgs/include/tracer_msgs/tracer_msgs/msg/detail/tracer_status__traits.hpp
[7.890s] -- Installing: /home/geoni/myros2_ws/install/tracer_msgs/include/tracer_msgs/tracer_msgs/msg/detail/tracer_light_cmd__builder.hpp
[7.890s] -- Installing: /home/geoni/myros2_ws/install/tracer_msgs/include/tracer_msgs/tracer_msgs/msg/detail/tracer_light_state__traits.hpp
[7.890s] -- Installing: /home/geoni/myros2_ws/install/tracer_msgs/include/tracer_msgs/tracer_msgs/msg/detail/tracer_light_state__struct.hpp
[7.890s] -- Installing: /home/geoni/myros2_ws/install/tracer_msgs/include/tracer_msgs/tracer_msgs/msg/detail/tracer_status__struct.hpp
[7.891s] -- Installing: /home/geoni/myros2_ws/install/tracer_msgs/include/tracer_msgs/tracer_msgs/msg/detail/tracer_light_cmd__traits.hpp
[7.891s] -- Installing: /home/geoni/myros2_ws/install/tracer_msgs/include/tracer_msgs/tracer_msgs/msg/detail/tracer_actuator_state__traits.hpp
[7.891s] -- Installing: /home/geoni/myros2_ws/install/tracer_msgs/include/tracer_msgs/tracer_msgs/msg/detail/tracer_rc_state__struct.hpp
[7.891s] -- Installing: /home/geoni/myros2_ws/install/tracer_msgs/include/tracer_msgs/tracer_msgs/msg/detail/tracer_actuator_state__struct.hpp
[7.891s] -- Installing: /home/geoni/myros2_ws/install/tracer_msgs/include/tracer_msgs/tracer_msgs/msg/detail/tracer_status__builder.hpp
[7.891s] -- Installing: /home/geoni/myros2_ws/install/tracer_msgs/include/tracer_msgs/tracer_msgs/msg/detail/tracer_light_state__builder.hpp
[7.891s] -- Installing: /home/geoni/myros2_ws/install/tracer_msgs/include/tracer_msgs/tracer_msgs/msg/detail/tracer_rc_state__traits.hpp
[7.891s] -- Installing: /home/geoni/myros2_ws/install/tracer_msgs/include/tracer_msgs/tracer_msgs/msg/detail/tracer_light_cmd__struct.hpp
[7.891s] -- Installing: /home/geoni/myros2_ws/install/tracer_msgs/include/tracer_msgs/tracer_msgs/msg/detail/tracer_actuator_state__builder.hpp
[7.892s] -- Installing: /home/geoni/myros2_ws/install/tracer_msgs/include/tracer_msgs/tracer_msgs/msg/tracer_rc_state.hpp
[7.892s] -- Up-to-date: /home/geoni/myros2_ws/install/tracer_msgs/include/tracer_msgs/tracer_msgs
[7.892s] -- Up-to-date: /home/geoni/myros2_ws/install/tracer_msgs/include/tracer_msgs/tracer_msgs/msg
[7.892s] -- Up-to-date: /home/geoni/myros2_ws/install/tracer_msgs/include/tracer_msgs/tracer_msgs/msg/detail
[7.892s] -- Installing: /home/geoni/myros2_ws/install/tracer_msgs/include/tracer_msgs/tracer_msgs/msg/detail/tracer_light_state__rosidl_typesupport_fastrtps_cpp.hpp
[7.892s] -- Installing: /home/geoni/myros2_ws/install/tracer_msgs/include/tracer_msgs/tracer_msgs/msg/detail/dds_fastrtps
[7.892s] -- Installing: /home/geoni/myros2_ws/install/tracer_msgs/include/tracer_msgs/tracer_msgs/msg/detail/tracer_status__rosidl_typesupport_fastrtps_cpp.hpp
[7.892s] -- Installing: /home/geoni/myros2_ws/install/tracer_msgs/include/tracer_msgs/tracer_msgs/msg/detail/tracer_rc_state__rosidl_typesupport_fastrtps_cpp.hpp
[7.892s] -- Installing: /home/geoni/myros2_ws/install/tracer_msgs/include/tracer_msgs/tracer_msgs/msg/detail/tracer_light_cmd__rosidl_typesupport_fastrtps_cpp.hpp
[7.892s] -- Installing: /home/geoni/myros2_ws/install/tracer_msgs/include/tracer_msgs/tracer_msgs/msg/detail/tracer_actuator_state__rosidl_typesupport_fastrtps_cpp.hpp
[7.892s] -- Installing: /home/geoni/myros2_ws/install/tracer_msgs/include/tracer_msgs/tracer_msgs/msg/rosidl_typesupport_fastrtps_cpp__visibility_control.h
[7.893s] -- Installing: /home/geoni/myros2_ws/install/tracer_msgs/lib/libtracer_msgs__rosidl_typesupport_fastrtps_cpp.so
[7.893s] -- Set runtime path of "/home/geoni/myros2_ws/install/tracer_msgs/lib/libtracer_msgs__rosidl_typesupport_fastrtps_cpp.so" to ""
[7.893s] -- Up-to-date: /home/geoni/myros2_ws/install/tracer_msgs/include/tracer_msgs/tracer_msgs
[7.893s] -- Up-to-date: /home/geoni/myros2_ws/install/tracer_msgs/include/tracer_msgs/tracer_msgs/msg
[7.893s] -- Installing: /home/geoni/myros2_ws/install/tracer_msgs/include/tracer_msgs/tracer_msgs/msg/rosidl_typesupport_introspection_c__visibility_control.h
[7.893s] -- Up-to-date: /home/geoni/myros2_ws/install/tracer_msgs/include/tracer_msgs/tracer_msgs/msg/detail
[7.893s] -- Installing: /home/geoni/myros2_ws/install/tracer_msgs/include/tracer_msgs/tracer_msgs/msg/detail/tracer_actuator_state__type_support.c
[7.893s] -- Installing: /home/geoni/myros2_ws/install/tracer_msgs/include/tracer_msgs/tracer_msgs/msg/detail/tracer_light_state__rosidl_typesupport_introspection_c.h
[7.893s] -- Installing: /home/geoni/myros2_ws/install/tracer_msgs/include/tracer_msgs/tracer_msgs/msg/detail/tracer_rc_state__rosidl_typesupport_introspection_c.h
[7.893s] -- Installing: /home/geoni/myros2_ws/install/tracer_msgs/include/tracer_msgs/tracer_msgs/msg/detail/tracer_light_cmd__type_support.c
[7.893s] -- Installing: /home/geoni/myros2_ws/install/tracer_msgs/include/tracer_msgs/tracer_msgs/msg/detail/tracer_actuator_state__rosidl_typesupport_introspection_c.h
[7.893s] -- Installing: /home/geoni/myros2_ws/install/tracer_msgs/include/tracer_msgs/tracer_msgs/msg/detail/tracer_light_state__type_support.c
[7.894s] -- Installing: /home/geoni/myros2_ws/install/tracer_msgs/include/tracer_msgs/tracer_msgs/msg/detail/tracer_status__type_support.c
[7.894s] -- Installing: /home/geoni/myros2_ws/install/tracer_msgs/include/tracer_msgs/tracer_msgs/msg/detail/tracer_rc_state__type_support.c
[7.894s] -- Installing: /home/geoni/myros2_ws/install/tracer_msgs/include/tracer_msgs/tracer_msgs/msg/detail/tracer_light_cmd__rosidl_typesupport_introspection_c.h
[7.894s] -- Installing: /home/geoni/myros2_ws/install/tracer_msgs/include/tracer_msgs/tracer_msgs/msg/detail/tracer_status__rosidl_typesupport_introspection_c.h
[7.894s] -- Installing: /home/geoni/myros2_ws/install/tracer_msgs/lib/libtracer_msgs__rosidl_typesupport_introspection_c.so
[7.894s] -- Set runtime path of "/home/geoni/myros2_ws/install/tracer_msgs/lib/libtracer_msgs__rosidl_typesupport_introspection_c.so" to ""
[7.894s] -- Installing: /home/geoni/myros2_ws/install/tracer_msgs/lib/libtracer_msgs__rosidl_typesupport_c.so
[7.894s] -- Set runtime path of "/home/geoni/myros2_ws/install/tracer_msgs/lib/libtracer_msgs__rosidl_typesupport_c.so" to ""
[7.894s] -- Up-to-date: /home/geoni/myros2_ws/install/tracer_msgs/include/tracer_msgs/tracer_msgs
[7.894s] -- Up-to-date: /home/geoni/myros2_ws/install/tracer_msgs/include/tracer_msgs/tracer_msgs/msg
[7.894s] -- Up-to-date: /home/geoni/myros2_ws/install/tracer_msgs/include/tracer_msgs/tracer_msgs/msg/detail
[7.895s] -- Installing: /home/geoni/myros2_ws/install/tracer_msgs/include/tracer_msgs/tracer_msgs/msg/detail/tracer_light_cmd__type_support.cpp
[7.895s] -- Installing: /home/geoni/myros2_ws/install/tracer_msgs/include/tracer_msgs/tracer_msgs/msg/detail/tracer_actuator_state__type_support.cpp
[7.895s] -- Installing: /home/geoni/myros2_ws/install/tracer_msgs/include/tracer_msgs/tracer_msgs/msg/detail/tracer_light_cmd__rosidl_typesupport_introspection_cpp.hpp
[7.895s] -- Installing: /home/geoni/myros2_ws/install/tracer_msgs/include/tracer_msgs/tracer_msgs/msg/detail/tracer_rc_state__rosidl_typesupport_introspection_cpp.hpp
[7.895s] -- Installing: /home/geoni/myros2_ws/install/tracer_msgs/include/tracer_msgs/tracer_msgs/msg/detail/tracer_status__rosidl_typesupport_introspection_cpp.hpp
[7.895s] -- Installing: /home/geoni/myros2_ws/install/tracer_msgs/include/tracer_msgs/tracer_msgs/msg/detail/tracer_light_state__rosidl_typesupport_introspection_cpp.hpp
[7.895s] -- Installing: /home/geoni/myros2_ws/install/tracer_msgs/include/tracer_msgs/tracer_msgs/msg/detail/tracer_status__type_support.cpp
[7.895s] -- Installing: /home/geoni/myros2_ws/install/tracer_msgs/include/tracer_msgs/tracer_msgs/msg/detail/tracer_rc_state__type_support.cpp
[7.895s] -- Installing: /home/geoni/myros2_ws/install/tracer_msgs/include/tracer_msgs/tracer_msgs/msg/detail/tracer_actuator_state__rosidl_typesupport_introspection_cpp.hpp
[7.895s] -- Installing: /home/geoni/myros2_ws/install/tracer_msgs/include/tracer_msgs/tracer_msgs/msg/detail/tracer_light_state__type_support.cpp
[7.895s] -- Installing: /home/geoni/myros2_ws/install/tracer_msgs/lib/libtracer_msgs__rosidl_typesupport_introspection_cpp.so
[7.895s] -- Set runtime path of "/home/geoni/myros2_ws/install/tracer_msgs/lib/libtracer_msgs__rosidl_typesupport_introspection_cpp.so" to ""
[7.896s] -- Installing: /home/geoni/myros2_ws/install/tracer_msgs/lib/libtracer_msgs__rosidl_typesupport_cpp.so
[7.896s] -- Set runtime path of "/home/geoni/myros2_ws/install/tracer_msgs/lib/libtracer_msgs__rosidl_typesupport_cpp.so" to ""
[7.896s] -- Installing: /home/geoni/myros2_ws/install/tracer_msgs/share/tracer_msgs/environment/pythonpath.sh
[7.896s] -- Installing: /home/geoni/myros2_ws/install/tracer_msgs/share/tracer_msgs/environment/pythonpath.dsv
[7.896s] -- Installing: /home/geoni/myros2_ws/install/tracer_msgs/local/lib/python3.10/dist-packages/tracer_msgs-0.1.0-py3.10.egg-info
[7.896s] -- Installing: /home/geoni/myros2_ws/install/tracer_msgs/local/lib/python3.10/dist-packages/tracer_msgs-0.1.0-py3.10.egg-info/PKG-INFO
[7.896s] -- Installing: /home/geoni/myros2_ws/install/tracer_msgs/local/lib/python3.10/dist-packages/tracer_msgs-0.1.0-py3.10.egg-info/top_level.txt
[7.896s] -- Installing: /home/geoni/myros2_ws/install/tracer_msgs/local/lib/python3.10/dist-packages/tracer_msgs-0.1.0-py3.10.egg-info/dependency_links.txt
[7.896s] -- Installing: /home/geoni/myros2_ws/install/tracer_msgs/local/lib/python3.10/dist-packages/tracer_msgs-0.1.0-py3.10.egg-info/SOURCES.txt
[7.896s] -- Installing: /home/geoni/myros2_ws/install/tracer_msgs/local/lib/python3.10/dist-packages/tracer_msgs
[7.896s] -- Installing: /home/geoni/myros2_ws/install/tracer_msgs/local/lib/python3.10/dist-packages/tracer_msgs/msg
[7.897s] -- Installing: /home/geoni/myros2_ws/install/tracer_msgs/local/lib/python3.10/dist-packages/tracer_msgs/msg/_tracer_status_s.c
[7.897s] -- Installing: /home/geoni/myros2_ws/install/tracer_msgs/local/lib/python3.10/dist-packages/tracer_msgs/msg/_tracer_rc_state.py
[7.897s] -- Installing: /home/geoni/myros2_ws/install/tracer_msgs/local/lib/python3.10/dist-packages/tracer_msgs/msg/_tracer_light_cmd_s.c
[7.897s] -- Installing: /home/geoni/myros2_ws/install/tracer_msgs/local/lib/python3.10/dist-packages/tracer_msgs/msg/_tracer_light_cmd.py
[7.897s] -- Installing: /home/geoni/myros2_ws/install/tracer_msgs/local/lib/python3.10/dist-packages/tracer_msgs/msg/__init__.py
[7.897s] -- Installing: /home/geoni/myros2_ws/install/tracer_msgs/local/lib/python3.10/dist-packages/tracer_msgs/msg/_tracer_light_state_s.c
[7.897s] -- Installing: /home/geoni/myros2_ws/install/tracer_msgs/local/lib/python3.10/dist-packages/tracer_msgs/msg/_tracer_actuator_state.py
[7.897s] -- Installing: /home/geoni/myros2_ws/install/tracer_msgs/local/lib/python3.10/dist-packages/tracer_msgs/msg/_tracer_light_state.py
[7.897s] -- Installing: /home/geoni/myros2_ws/install/tracer_msgs/local/lib/python3.10/dist-packages/tracer_msgs/msg/_tracer_rc_state_s.c
[7.897s] -- Installing: /home/geoni/myros2_ws/install/tracer_msgs/local/lib/python3.10/dist-packages/tracer_msgs/msg/_tracer_status.py
[7.897s] -- Installing: /home/geoni/myros2_ws/install/tracer_msgs/local/lib/python3.10/dist-packages/tracer_msgs/msg/_tracer_actuator_state_s.c
[7.898s] -- Installing: /home/geoni/myros2_ws/install/tracer_msgs/local/lib/python3.10/dist-packages/tracer_msgs/_tracer_msgs_s.ep.rosidl_typesupport_introspection_c.c
[7.898s] -- Installing: /home/geoni/myros2_ws/install/tracer_msgs/local/lib/python3.10/dist-packages/tracer_msgs/_tracer_msgs_s.ep.rosidl_typesupport_c.c
[7.898s] -- Installing: /home/geoni/myros2_ws/install/tracer_msgs/local/lib/python3.10/dist-packages/tracer_msgs/tracer_msgs_s__rosidl_typesupport_fastrtps_c.cpython-310-x86_64-linux-gnu.so
[7.898s] -- Installing: /home/geoni/myros2_ws/install/tracer_msgs/local/lib/python3.10/dist-packages/tracer_msgs/__init__.py
[7.898s] -- Installing: /home/geoni/myros2_ws/install/tracer_msgs/local/lib/python3.10/dist-packages/tracer_msgs/libtracer_msgs__rosidl_generator_py.so
[7.898s] -- Installing: /home/geoni/myros2_ws/install/tracer_msgs/local/lib/python3.10/dist-packages/tracer_msgs/tracer_msgs_s__rosidl_typesupport_c.cpython-310-x86_64-linux-gnu.so
[7.898s] -- Installing: /home/geoni/myros2_ws/install/tracer_msgs/local/lib/python3.10/dist-packages/tracer_msgs/_tracer_msgs_s.ep.rosidl_typesupport_fastrtps_c.c
[7.898s] -- Installing: /home/geoni/myros2_ws/install/tracer_msgs/local/lib/python3.10/dist-packages/tracer_msgs/tracer_msgs_s__rosidl_typesupport_introspection_c.cpython-310-x86_64-linux-gnu.so
[7.931s] Listing '/home/geoni/myros2_ws/install/tracer_msgs/local/lib/python3.10/dist-packages/tracer_msgs'...
[7.931s] Compiling '/home/geoni/myros2_ws/install/tracer_msgs/local/lib/python3.10/dist-packages/tracer_msgs/__init__.py'...
[7.931s] Listing '/home/geoni/myros2_ws/install/tracer_msgs/local/lib/python3.10/dist-packages/tracer_msgs/msg'...
[7.931s] Compiling '/home/geoni/myros2_ws/install/tracer_msgs/local/lib/python3.10/dist-packages/tracer_msgs/msg/__init__.py'...
[7.931s] Compiling '/home/geoni/myros2_ws/install/tracer_msgs/local/lib/python3.10/dist-packages/tracer_msgs/msg/_tracer_actuator_state.py'...
[7.931s] Compiling '/home/geoni/myros2_ws/install/tracer_msgs/local/lib/python3.10/dist-packages/tracer_msgs/msg/_tracer_light_cmd.py'...
[7.931s] Compiling '/home/geoni/myros2_ws/install/tracer_msgs/local/lib/python3.10/dist-packages/tracer_msgs/msg/_tracer_light_state.py'...
[7.932s] Compiling '/home/geoni/myros2_ws/install/tracer_msgs/local/lib/python3.10/dist-packages/tracer_msgs/msg/_tracer_rc_state.py'...
[7.932s] Compiling '/home/geoni/myros2_ws/install/tracer_msgs/local/lib/python3.10/dist-packages/tracer_msgs/msg/_tracer_status.py'...
[7.936s] -- Installing: /home/geoni/myros2_ws/install/tracer_msgs/local/lib/python3.10/dist-packages/tracer_msgs/tracer_msgs_s__rosidl_typesupport_fastrtps_c.cpython-310-x86_64-linux-gnu.so
[7.936s] -- Set runtime path of "/home/geoni/myros2_ws/install/tracer_msgs/local/lib/python3.10/dist-packages/tracer_msgs/tracer_msgs_s__rosidl_typesupport_fastrtps_c.cpython-310-x86_64-linux-gnu.so" to ""
[7.936s] -- Installing: /home/geoni/myros2_ws/install/tracer_msgs/local/lib/python3.10/dist-packages/tracer_msgs/tracer_msgs_s__rosidl_typesupport_introspection_c.cpython-310-x86_64-linux-gnu.so
[7.937s] -- Set runtime path of "/home/geoni/myros2_ws/install/tracer_msgs/local/lib/python3.10/dist-packages/tracer_msgs/tracer_msgs_s__rosidl_typesupport_introspection_c.cpython-310-x86_64-linux-gnu.so" to ""
[7.937s] -- Installing: /home/geoni/myros2_ws/install/tracer_msgs/local/lib/python3.10/dist-packages/tracer_msgs/tracer_msgs_s__rosidl_typesupport_c.cpython-310-x86_64-linux-gnu.so
[7.937s] -- Set runtime path of "/home/geoni/myros2_ws/install/tracer_msgs/local/lib/python3.10/dist-packages/tracer_msgs/tracer_msgs_s__rosidl_typesupport_c.cpython-310-x86_64-linux-gnu.so" to ""
[7.937s] -- Installing: /home/geoni/myros2_ws/install/tracer_msgs/lib/libtracer_msgs__rosidl_generator_py.so
[7.938s] -- Set runtime path of "/home/geoni/myros2_ws/install/tracer_msgs/lib/libtracer_msgs__rosidl_generator_py.so" to ""
[7.938s] -- Installing: /home/geoni/myros2_ws/install/tracer_msgs/share/tracer_msgs/msg/TracerActuatorState.idl
[7.938s] -- Installing: /home/geoni/myros2_ws/install/tracer_msgs/share/tracer_msgs/msg/TracerLightCmd.idl
[7.938s] -- Installing: /home/geoni/myros2_ws/install/tracer_msgs/share/tracer_msgs/msg/TracerLightState.idl
[7.938s] -- Installing: /home/geoni/myros2_ws/install/tracer_msgs/share/tracer_msgs/msg/TracerRCState.idl
[7.938s] -- Installing: /home/geoni/myros2_ws/install/tracer_msgs/share/tracer_msgs/msg/TracerStatus.idl
[7.938s] -- Installing: /home/geoni/myros2_ws/install/tracer_msgs/share/tracer_msgs/msg/TracerActuatorState.msg
[7.938s] -- Installing: /home/geoni/myros2_ws/install/tracer_msgs/share/tracer_msgs/msg/TracerLightCmd.msg
[7.938s] -- Installing: /home/geoni/myros2_ws/install/tracer_msgs/share/tracer_msgs/msg/TracerLightState.msg
[7.939s] -- Installing: /home/geoni/myros2_ws/install/tracer_msgs/share/tracer_msgs/msg/TracerRCState.msg
[7.939s] -- Installing: /home/geoni/myros2_ws/install/tracer_msgs/share/tracer_msgs/msg/TracerStatus.msg
[7.939s] -- Installing: /home/geoni/myros2_ws/install/tracer_msgs/share/ament_index/resource_index/package_run_dependencies/tracer_msgs
[7.939s] -- Installing: /home/geoni/myros2_ws/install/tracer_msgs/share/ament_index/resource_index/parent_prefix_path/tracer_msgs
[7.939s] -- Installing: /home/geoni/myros2_ws/install/tracer_msgs/share/tracer_msgs/environment/ament_prefix_path.sh
[7.939s] -- Installing: /home/geoni/myros2_ws/install/tracer_msgs/share/tracer_msgs/environment/ament_prefix_path.dsv
[7.939s] -- Installing: /home/geoni/myros2_ws/install/tracer_msgs/share/tracer_msgs/environment/path.sh
[7.940s] -- Installing: /home/geoni/myros2_ws/install/tracer_msgs/share/tracer_msgs/environment/path.dsv
[7.940s] -- Installing: /home/geoni/myros2_ws/install/tracer_msgs/share/tracer_msgs/local_setup.bash
[7.940s] -- Installing: /home/geoni/myros2_ws/install/tracer_msgs/share/tracer_msgs/local_setup.sh
[7.940s] -- Installing: /home/geoni/myros2_ws/install/tracer_msgs/share/tracer_msgs/local_setup.zsh
[7.941s] -- Installing: /home/geoni/myros2_ws/install/tracer_msgs/share/tracer_msgs/local_setup.dsv
[7.941s] -- Installing: /home/geoni/myros2_ws/install/tracer_msgs/share/tracer_msgs/package.dsv
[7.941s] -- Installing: /home/geoni/myros2_ws/install/tracer_msgs/share/ament_index/resource_index/packages/tracer_msgs
[7.941s] -- Installing: /home/geoni/myros2_ws/install/tracer_msgs/share/tracer_msgs/cmake/export_tracer_msgs__rosidl_generator_cExport.cmake
[7.941s] -- Installing: /home/geoni/myros2_ws/install/tracer_msgs/share/tracer_msgs/cmake/export_tracer_msgs__rosidl_generator_cExport-noconfig.cmake
[7.941s] -- Installing: /home/geoni/myros2_ws/install/tracer_msgs/share/tracer_msgs/cmake/export_tracer_msgs__rosidl_typesupport_fastrtps_cExport.cmake
[7.941s] -- Installing: /home/geoni/myros2_ws/install/tracer_msgs/share/tracer_msgs/cmake/export_tracer_msgs__rosidl_typesupport_fastrtps_cExport-noconfig.cmake
[7.941s] -- Installing: /home/geoni/myros2_ws/install/tracer_msgs/share/tracer_msgs/cmake/export_tracer_msgs__rosidl_generator_cppExport.cmake
[7.942s] -- Installing: /home/geoni/myros2_ws/install/tracer_msgs/share/tracer_msgs/cmake/export_tracer_msgs__rosidl_typesupport_fastrtps_cppExport.cmake
[7.942s] -- Installing: /home/geoni/myros2_ws/install/tracer_msgs/share/tracer_msgs/cmake/export_tracer_msgs__rosidl_typesupport_fastrtps_cppExport-noconfig.cmake
[7.942s] -- Installing: /home/geoni/myros2_ws/install/tracer_msgs/share/tracer_msgs/cmake/tracer_msgs__rosidl_typesupport_introspection_cExport.cmake
[7.942s] -- Installing: /home/geoni/myros2_ws/install/tracer_msgs/share/tracer_msgs/cmake/tracer_msgs__rosidl_typesupport_introspection_cExport-noconfig.cmake
[7.942s] -- Installing: /home/geoni/myros2_ws/install/tracer_msgs/share/tracer_msgs/cmake/tracer_msgs__rosidl_typesupport_cExport.cmake
[7.942s] -- Installing: /home/geoni/myros2_ws/install/tracer_msgs/share/tracer_msgs/cmake/tracer_msgs__rosidl_typesupport_cExport-noconfig.cmake
[7.942s] -- Installing: /home/geoni/myros2_ws/install/tracer_msgs/share/tracer_msgs/cmake/tracer_msgs__rosidl_typesupport_introspection_cppExport.cmake
[7.942s] -- Installing: /home/geoni/myros2_ws/install/tracer_msgs/share/tracer_msgs/cmake/tracer_msgs__rosidl_typesupport_introspection_cppExport-noconfig.cmake
[7.942s] -- Installing: /home/geoni/myros2_ws/install/tracer_msgs/share/tracer_msgs/cmake/tracer_msgs__rosidl_typesupport_cppExport.cmake
[7.943s] -- Installing: /home/geoni/myros2_ws/install/tracer_msgs/share/tracer_msgs/cmake/tracer_msgs__rosidl_typesupport_cppExport-noconfig.cmake
[7.943s] -- Installing: /home/geoni/myros2_ws/install/tracer_msgs/share/tracer_msgs/cmake/export_tracer_msgs__rosidl_generator_pyExport.cmake
[7.943s] -- Installing: /home/geoni/myros2_ws/install/tracer_msgs/share/tracer_msgs/cmake/export_tracer_msgs__rosidl_generator_pyExport-noconfig.cmake
[7.943s] -- Installing: /home/geoni/myros2_ws/install/tracer_msgs/share/tracer_msgs/cmake/rosidl_cmake-extras.cmake
[7.943s] -- Installing: /home/geoni/myros2_ws/install/tracer_msgs/share/tracer_msgs/cmake/ament_cmake_export_dependencies-extras.cmake
[7.943s] -- Installing: /home/geoni/myros2_ws/install/tracer_msgs/share/tracer_msgs/cmake/ament_cmake_export_include_directories-extras.cmake
[7.943s] -- Installing: /home/geoni/myros2_ws/install/tracer_msgs/share/tracer_msgs/cmake/ament_cmake_export_libraries-extras.cmake
[7.943s] -- Installing: /home/geoni/myros2_ws/install/tracer_msgs/share/tracer_msgs/cmake/ament_cmake_export_targets-extras.cmake
[7.943s] -- Installing: /home/geoni/myros2_ws/install/tracer_msgs/share/tracer_msgs/cmake/rosidl_cmake_export_typesupport_targets-extras.cmake
[7.944s] -- Installing: /home/geoni/myros2_ws/install/tracer_msgs/share/tracer_msgs/cmake/rosidl_cmake_export_typesupport_libraries-extras.cmake
[7.944s] -- Installing: /home/geoni/myros2_ws/install/tracer_msgs/share/tracer_msgs/cmake/tracer_msgsConfig.cmake
[7.944s] -- Installing: /home/geoni/myros2_ws/install/tracer_msgs/share/tracer_msgs/cmake/tracer_msgsConfig-version.cmake
[7.944s] -- Installing: /home/geoni/myros2_ws/install/tracer_msgs/share/tracer_msgs/package.xml
[7.946s] Invoked command in '/home/geoni/myros2_ws/build/tracer_msgs' returned '0': CMAKE_PREFIX_PATH=/home/geoni/myros2_ws/install/tracer_base:/home/geoni/myros2_ws/install/ugv_sdk:/home/geoni/myros2_ws/install/tracer_msgs:/home/geoni/myros2_ws/install/sllidar_ros2:/home/geoni/myros2_ws/install/my_diff_mobile:/home/geoni/myros2_ws/install/dtb_urdf:/home/geoni/myros2_ws/install/dtb_mobile_navigation:/home/geoni/myros2_ws/install/dtb_mobile_cartographer:/home/geoni/ros2_ws/install/tracer_base:/home/geoni/myros2_ws/install/dtb_mobile_navigation2:/home/geoni/myros2_ws/install/dtb_mobile_bringup:/home/geoni/ros2_ws/install/dtb_mobile_navigation2:/home/geoni/ros2_ws/install/dtb_mobile_bringup:/opt/ros/humble:/home/geoni/ros2_ws/install/ugv_sdk:/home/geoni/ros2_ws/install/tracer_msgs:/home/geoni/ros2_ws/install/sllidar_ros2:/home/geoni/ros2_ws/install/my_diff_mobile:/home/geoni/ros2_ws/install/dtb_urdf2:/home/geoni/ros2_ws/install/dtb_urdf:/home/geoni/ros2_ws/install/dtb_mobile_navigation:/home/geoni/ros2_ws/install/dtb_mobile_cartographer /usr/bin/cmake --install /home/geoni/myros2_ws/build/tracer_msgs
