[0.892s] Invoking command in '/home/geoni/myros2_ws/src/dtb_mobile_bringup': PYTHONPATH=/home/geoni/myros2_ws/build/dtb_mobile_bringup/prefix_override:/home/geoni/myros2_ws/install/dtb_mobile_bringup/lib/python3.10/site-packages:${PYTHONPATH} /usr/bin/python3 -W ignore:setup.py install is deprecated setup.py egg_info --egg-base ../../build/dtb_mobile_bringup build --build-base /home/geoni/myros2_ws/build/dtb_mobile_bringup/build install --record /home/geoni/myros2_ws/build/dtb_mobile_bringup/install.log --single-version-externally-managed install_data
[1.105s] running egg_info
[1.106s] writing ../../build/dtb_mobile_bringup/dtb_mobile_bringup.egg-info/PKG-INFO
[1.106s] writing dependency_links to ../../build/dtb_mobile_bringup/dtb_mobile_bringup.egg-info/dependency_links.txt
[1.106s] writing entry points to ../../build/dtb_mobile_bringup/dtb_mobile_bringup.egg-info/entry_points.txt
[1.106s] writing requirements to ../../build/dtb_mobile_bringup/dtb_mobile_bringup.egg-info/requires.txt
[1.106s] writing top-level names to ../../build/dtb_mobile_bringup/dtb_mobile_bringup.egg-info/top_level.txt
[1.108s] reading manifest file '../../build/dtb_mobile_bringup/dtb_mobile_bringup.egg-info/SOURCES.txt'
[1.109s] writing manifest file '../../build/dtb_mobile_bringup/dtb_mobile_bringup.egg-info/SOURCES.txt'
[1.109s] running build
[1.109s] running build_py
[1.109s] running install
[1.109s] running install_lib
[1.110s] running install_data
[1.110s] running install_egg_info
[1.112s] removing '/home/geoni/myros2_ws/install/dtb_mobile_bringup/lib/python3.10/site-packages/dtb_mobile_bringup-0.0.0-py3.10.egg-info' (and everything under it)
[1.112s] Copying ../../build/dtb_mobile_bringup/dtb_mobile_bringup.egg-info to /home/geoni/myros2_ws/install/dtb_mobile_bringup/lib/python3.10/site-packages/dtb_mobile_bringup-0.0.0-py3.10.egg-info
[1.113s] running install_scripts
[1.132s] writing list of installed files to '/home/geoni/myros2_ws/build/dtb_mobile_bringup/install.log'
[1.154s] Invoked command in '/home/geoni/myros2_ws/src/dtb_mobile_bringup' returned '0': PYTHONPATH=/home/geoni/myros2_ws/build/dtb_mobile_bringup/prefix_override:/home/geoni/myros2_ws/install/dtb_mobile_bringup/lib/python3.10/site-packages:${PYTHONPATH} /usr/bin/python3 -W ignore:setup.py install is deprecated setup.py egg_info --egg-base ../../build/dtb_mobile_bringup build --build-base /home/geoni/myros2_ws/build/dtb_mobile_bringup/build install --record /home/geoni/myros2_ws/build/dtb_mobile_bringup/install.log --single-version-externally-managed install_data
