-- Install configuration: ""
-- Up-to-date: /home/geoni/myros2_ws/install/dtb_urdf/share/dtb_urdf/description
-- Up-to-date: /home/geoni/myros2_ws/install/dtb_urdf/share/dtb_urdf/description/meshes
-- Up-to-date: /home/geoni/myros2_ws/install/dtb_urdf/share/dtb_urdf/description/meshes/sensor
-- Up-to-date: /home/geoni/myros2_ws/install/dtb_urdf/share/dtb_urdf/description/meshes/sensor/ydlidar_g2.stl
-- Up-to-date: /home/geoni/myros2_ws/install/dtb_urdf/share/dtb_urdf/description/meshes/wheel_r.STL
-- Up-to-date: /home/geoni/myros2_ws/install/dtb_urdf/share/dtb_urdf/description/meshes/base
-- Up-to-date: /home/geoni/myros2_ws/install/dtb_urdf/share/dtb_urdf/description/meshes/base/caster.stl
-- Up-to-date: /home/geoni/myros2_ws/install/dtb_urdf/share/dtb_urdf/description/meshes/base/second.stl
-- Up-to-date: /home/geoni/myros2_ws/install/dtb_urdf/share/dtb_urdf/description/meshes/base/mob_wheel.stl
-- Up-to-date: /home/geoni/myros2_ws/install/dtb_urdf/share/dtb_urdf/description/meshes/base/first.stl
-- Up-to-date: /home/geoni/myros2_ws/install/dtb_urdf/share/dtb_urdf/description/meshes/base/base.stl
-- Up-to-date: /home/geoni/myros2_ws/install/dtb_urdf/share/dtb_urdf/description/meshes/wheel_l.STL
-- Up-to-date: /home/geoni/myros2_ws/install/dtb_urdf/share/dtb_urdf/description/meshes/base_link.STL
-- Up-to-date: /home/geoni/myros2_ws/install/dtb_urdf/share/dtb_urdf/description/urdf
-- Up-to-date: /home/geoni/myros2_ws/install/dtb_urdf/share/dtb_urdf/description/urdf/diff_mobile.xacro
-- Up-to-date: /home/geoni/myros2_ws/install/dtb_urdf/share/dtb_urdf/description/urdf/diff_mobile.urdf
-- Up-to-date: /home/geoni/myros2_ws/install/dtb_urdf/share/dtb_urdf/description/urdf/inertial_macros.xacro
-- Up-to-date: /home/geoni/myros2_ws/install/dtb_urdf/share/dtb_urdf/description/urdf/tracer_mini.urdf
-- Up-to-date: /home/geoni/myros2_ws/install/dtb_urdf/share/dtb_urdf/description/urdf/diff_mobile2.urdf
-- Up-to-date: /home/geoni/myros2_ws/install/dtb_urdf/share/dtb_urdf/description/urdf/sensors.xacro
-- Up-to-date: /home/geoni/myros2_ws/install/dtb_urdf/share/dtb_urdf/description/urdf/robot_core.xacro
-- Up-to-date: /home/geoni/myros2_ws/install/dtb_urdf/share/dtb_urdf/description/urdf/agilex_tracer.urdf
-- Up-to-date: /home/geoni/myros2_ws/install/dtb_urdf/share/dtb_urdf/launch
-- Up-to-date: /home/geoni/myros2_ws/install/dtb_urdf/share/dtb_urdf/launch/tracer_mini_description_rviz.launch.py
-- Up-to-date: /home/geoni/myros2_ws/install/dtb_urdf/share/dtb_urdf/launch/view_dtb_mobile.launch.py
-- Up-to-date: /home/geoni/myros2_ws/install/dtb_urdf/share/dtb_urdf/launch/tracer_mini_description.launch.py
-- Up-to-date: /home/geoni/myros2_ws/install/dtb_urdf/share/dtb_urdf/launch/tracer_mini_state_publisher.launch.py
-- Up-to-date: /home/geoni/myros2_ws/install/dtb_urdf/share/dtb_urdf/rviz
-- Up-to-date: /home/geoni/myros2_ws/install/dtb_urdf/share/dtb_urdf/rviz/rviz.rviz
-- Up-to-date: /home/geoni/myros2_ws/install/dtb_urdf/share/dtb_urdf/rviz/model.rviz
-- Up-to-date: /home/geoni/myros2_ws/install/dtb_urdf/share/dtb_urdf/rviz/view_rviz.rviz
-- Up-to-date: /home/geoni/myros2_ws/install/dtb_urdf/share/dtb_urdf/worlds
-- Up-to-date: /home/geoni/myros2_ws/install/dtb_urdf/share/dtb_urdf/worlds/hello2
-- Up-to-date: /home/geoni/myros2_ws/install/dtb_urdf/share/dtb_urdf/worlds/hello2/model.sdf
-- Up-to-date: /home/geoni/myros2_ws/install/dtb_urdf/share/dtb_urdf/worlds/hello2/model.config
-- Up-to-date: /home/geoni/myros2_ws/install/dtb_urdf/share/dtb_urdf/worlds/king.world
-- Up-to-date: /home/geoni/myros2_ws/install/dtb_urdf/share/dtb_urdf/worlds/hello.world
-- Up-to-date: /home/geoni/myros2_ws/install/dtb_urdf/share/dtb_urdf/worlds/willowgarage_world.world
-- Up-to-date: /home/geoni/myros2_ws/install/dtb_urdf/share/dtb_urdf/worlds/my_room_world.world
-- Up-to-date: /home/geoni/myros2_ws/install/dtb_urdf/share/dtb_urdf/worlds/models
-- Up-to-date: /home/geoni/myros2_ws/install/dtb_urdf/share/dtb_urdf/worlds/models/object_my_room_world
-- Up-to-date: /home/geoni/myros2_ws/install/dtb_urdf/share/dtb_urdf/worlds/models/object_my_room_world/object_my_room_world
-- Up-to-date: /home/geoni/myros2_ws/install/dtb_urdf/share/dtb_urdf/worlds/models/object_my_room_world/object_my_room_world/model.sdf
-- Up-to-date: /home/geoni/myros2_ws/install/dtb_urdf/share/dtb_urdf/worlds/models/object_my_room_world/object_my_room_world/model.config
-- Up-to-date: /home/geoni/myros2_ws/install/dtb_urdf/share/dtb_urdf/worlds/models/my_room_world
-- Up-to-date: /home/geoni/myros2_ws/install/dtb_urdf/share/dtb_urdf/worlds/models/my_room_world/model.sdf
-- Up-to-date: /home/geoni/myros2_ws/install/dtb_urdf/share/dtb_urdf/worlds/models/my_room_world/model.config
-- Up-to-date: /home/geoni/myros2_ws/install/dtb_urdf/share/dtb_urdf/config
-- Up-to-date: /home/geoni/myros2_ws/install/dtb_urdf/share/dtb_urdf/config/diff_mobile_lds_2d.lua
-- Up-to-date: /home/geoni/myros2_ws/install/dtb_urdf/share/dtb_urdf/config/navigation2.yaml
-- Up-to-date: /home/geoni/myros2_ws/install/dtb_urdf/share/dtb_urdf/maps
-- Up-to-date: /home/geoni/myros2_ws/install/dtb_urdf/share/dtb_urdf/maps/my_room_map.yaml
-- Up-to-date: /home/geoni/myros2_ws/install/dtb_urdf/share/dtb_urdf/maps/igeoni_map.yaml
-- Up-to-date: /home/geoni/myros2_ws/install/dtb_urdf/share/dtb_urdf/maps/my_room_map.pgm
-- Up-to-date: /home/geoni/myros2_ws/install/dtb_urdf/share/dtb_urdf/maps/igeoni_map.pgm
-- Up-to-date: /home/geoni/myros2_ws/install/dtb_urdf/share/ament_index/resource_index/package_run_dependencies/dtb_urdf
-- Up-to-date: /home/geoni/myros2_ws/install/dtb_urdf/share/ament_index/resource_index/parent_prefix_path/dtb_urdf
-- Up-to-date: /home/geoni/myros2_ws/install/dtb_urdf/share/dtb_urdf/environment/ament_prefix_path.sh
-- Up-to-date: /home/geoni/myros2_ws/install/dtb_urdf/share/dtb_urdf/environment/ament_prefix_path.dsv
-- Up-to-date: /home/geoni/myros2_ws/install/dtb_urdf/share/dtb_urdf/environment/path.sh
-- Up-to-date: /home/geoni/myros2_ws/install/dtb_urdf/share/dtb_urdf/environment/path.dsv
-- Up-to-date: /home/geoni/myros2_ws/install/dtb_urdf/share/dtb_urdf/local_setup.bash
-- Up-to-date: /home/geoni/myros2_ws/install/dtb_urdf/share/dtb_urdf/local_setup.sh
-- Up-to-date: /home/geoni/myros2_ws/install/dtb_urdf/share/dtb_urdf/local_setup.zsh
-- Up-to-date: /home/geoni/myros2_ws/install/dtb_urdf/share/dtb_urdf/local_setup.dsv
-- Installing: /home/geoni/myros2_ws/install/dtb_urdf/share/dtb_urdf/package.dsv
-- Up-to-date: /home/geoni/myros2_ws/install/dtb_urdf/share/ament_index/resource_index/packages/dtb_urdf
-- Up-to-date: /home/geoni/myros2_ws/install/dtb_urdf/share/dtb_urdf/cmake/dtb_urdfConfig.cmake
-- Up-to-date: /home/geoni/myros2_ws/install/dtb_urdf/share/dtb_urdf/cmake/dtb_urdfConfig-version.cmake
-- Up-to-date: /home/geoni/myros2_ws/install/dtb_urdf/share/dtb_urdf/package.xml
