[0.013s] Invoking command in '/home/geoni/myros2_ws/build/tracer_base': CMAKE_PREFIX_PATH=/home/geoni/myros2_ws/install/dtb_mobile_navigation2:/home/geoni/myros2_ws/install/dtb_mobile_bringup:/home/geoni/ros2_ws/install/dtb_mobile_navigation2:/home/geoni/ros2_ws/install/dtb_mobile_bringup:/opt/ros/humble:/home/geoni/myros2_ws/install/ugv_sdk:/home/geoni/myros2_ws/install/tracer_msgs:/home/geoni/myros2_ws/install/tracer_base:/home/geoni/myros2_ws/install/sllidar_ros2:/home/geoni/myros2_ws/install/my_diff_mobile:/home/geoni/myros2_ws/install/dtb_urdf:/home/geoni/myros2_ws/install/dtb_mobile_navigation:/home/geoni/myros2_ws/install/dtb_mobile_cartographer:/home/geoni/ros2_ws/install/tracer_base:/home/geoni/ros2_ws/install/ugv_sdk:/home/geoni/ros2_ws/install/tracer_msgs:/home/geoni/ros2_ws/install/sllidar_ros2:/home/geoni/ros2_ws/install/my_diff_mobile:/home/geoni/ros2_ws/install/dtb_urdf2:/home/geoni/ros2_ws/install/dtb_urdf:/home/geoni/ros2_ws/install/dtb_mobile_navigation:/home/geoni/ros2_ws/install/dtb_mobile_cartographer /usr/bin/cmake --build /home/geoni/myros2_ws/build/tracer_base -- -j16 -l16
[0.069s] [100%] Built target tracer_base_node
[0.088s] Invoked command in '/home/geoni/myros2_ws/build/tracer_base' returned '0': CMAKE_PREFIX_PATH=/home/geoni/myros2_ws/install/dtb_mobile_navigation2:/home/geoni/myros2_ws/install/dtb_mobile_bringup:/home/geoni/ros2_ws/install/dtb_mobile_navigation2:/home/geoni/ros2_ws/install/dtb_mobile_bringup:/opt/ros/humble:/home/geoni/myros2_ws/install/ugv_sdk:/home/geoni/myros2_ws/install/tracer_msgs:/home/geoni/myros2_ws/install/tracer_base:/home/geoni/myros2_ws/install/sllidar_ros2:/home/geoni/myros2_ws/install/my_diff_mobile:/home/geoni/myros2_ws/install/dtb_urdf:/home/geoni/myros2_ws/install/dtb_mobile_navigation:/home/geoni/myros2_ws/install/dtb_mobile_cartographer:/home/geoni/ros2_ws/install/tracer_base:/home/geoni/ros2_ws/install/ugv_sdk:/home/geoni/ros2_ws/install/tracer_msgs:/home/geoni/ros2_ws/install/sllidar_ros2:/home/geoni/ros2_ws/install/my_diff_mobile:/home/geoni/ros2_ws/install/dtb_urdf2:/home/geoni/ros2_ws/install/dtb_urdf:/home/geoni/ros2_ws/install/dtb_mobile_navigation:/home/geoni/ros2_ws/install/dtb_mobile_cartographer /usr/bin/cmake --build /home/geoni/myros2_ws/build/tracer_base -- -j16 -l16
[0.107s] Invoking command in '/home/geoni/myros2_ws/build/tracer_base': CMAKE_PREFIX_PATH=/home/geoni/myros2_ws/install/dtb_mobile_navigation2:/home/geoni/myros2_ws/install/dtb_mobile_bringup:/home/geoni/ros2_ws/install/dtb_mobile_navigation2:/home/geoni/ros2_ws/install/dtb_mobile_bringup:/opt/ros/humble:/home/geoni/myros2_ws/install/ugv_sdk:/home/geoni/myros2_ws/install/tracer_msgs:/home/geoni/myros2_ws/install/tracer_base:/home/geoni/myros2_ws/install/sllidar_ros2:/home/geoni/myros2_ws/install/my_diff_mobile:/home/geoni/myros2_ws/install/dtb_urdf:/home/geoni/myros2_ws/install/dtb_mobile_navigation:/home/geoni/myros2_ws/install/dtb_mobile_cartographer:/home/geoni/ros2_ws/install/tracer_base:/home/geoni/ros2_ws/install/ugv_sdk:/home/geoni/ros2_ws/install/tracer_msgs:/home/geoni/ros2_ws/install/sllidar_ros2:/home/geoni/ros2_ws/install/my_diff_mobile:/home/geoni/ros2_ws/install/dtb_urdf2:/home/geoni/ros2_ws/install/dtb_urdf:/home/geoni/ros2_ws/install/dtb_mobile_navigation:/home/geoni/ros2_ws/install/dtb_mobile_cartographer /usr/bin/cmake --install /home/geoni/myros2_ws/build/tracer_base
[0.113s] -- Install configuration: ""
[0.113s] -- Up-to-date: /home/geoni/myros2_ws/install/tracer_base/lib/tracer_base/tracer_base_node
[0.114s] -- Up-to-date: /home/geoni/myros2_ws/install/tracer_base/share/tracer_base//launch
[0.114s] -- Up-to-date: /home/geoni/myros2_ws/install/tracer_base/share/tracer_base//launch/tracer_base.launch.py
[0.114s] -- Up-to-date: /home/geoni/myros2_ws/install/tracer_base/share/tracer_base//launch/tracer_mini_base.launch.py
[0.114s] -- Up-to-date: /home/geoni/myros2_ws/install/tracer_base/share/ament_index/resource_index/package_run_dependencies/tracer_base
[0.114s] -- Up-to-date: /home/geoni/myros2_ws/install/tracer_base/share/ament_index/resource_index/parent_prefix_path/tracer_base
[0.114s] -- Up-to-date: /home/geoni/myros2_ws/install/tracer_base/share/tracer_base/environment/ament_prefix_path.sh
[0.114s] -- Up-to-date: /home/geoni/myros2_ws/install/tracer_base/share/tracer_base/environment/ament_prefix_path.dsv
[0.114s] -- Up-to-date: /home/geoni/myros2_ws/install/tracer_base/share/tracer_base/environment/path.sh
[0.114s] -- Up-to-date: /home/geoni/myros2_ws/install/tracer_base/share/tracer_base/environment/path.dsv
[0.114s] -- Up-to-date: /home/geoni/myros2_ws/install/tracer_base/share/tracer_base/local_setup.bash
[0.114s] -- Up-to-date: /home/geoni/myros2_ws/install/tracer_base/share/tracer_base/local_setup.sh
[0.114s] -- Up-to-date: /home/geoni/myros2_ws/install/tracer_base/share/tracer_base/local_setup.zsh
[0.114s] -- Up-to-date: /home/geoni/myros2_ws/install/tracer_base/share/tracer_base/local_setup.dsv
[0.115s] -- Installing: /home/geoni/myros2_ws/install/tracer_base/share/tracer_base/package.dsv
[0.115s] -- Up-to-date: /home/geoni/myros2_ws/install/tracer_base/share/ament_index/resource_index/packages/tracer_base
[0.115s] -- Up-to-date: /home/geoni/myros2_ws/install/tracer_base/share/tracer_base/cmake/tracer_baseConfig.cmake
[0.115s] -- Up-to-date: /home/geoni/myros2_ws/install/tracer_base/share/tracer_base/cmake/tracer_baseConfig-version.cmake
[0.115s] -- Up-to-date: /home/geoni/myros2_ws/install/tracer_base/share/tracer_base/package.xml
[0.117s] Invoked command in '/home/geoni/myros2_ws/build/tracer_base' returned '0': CMAKE_PREFIX_PATH=/home/geoni/myros2_ws/install/dtb_mobile_navigation2:/home/geoni/myros2_ws/install/dtb_mobile_bringup:/home/geoni/ros2_ws/install/dtb_mobile_navigation2:/home/geoni/ros2_ws/install/dtb_mobile_bringup:/opt/ros/humble:/home/geoni/myros2_ws/install/ugv_sdk:/home/geoni/myros2_ws/install/tracer_msgs:/home/geoni/myros2_ws/install/tracer_base:/home/geoni/myros2_ws/install/sllidar_ros2:/home/geoni/myros2_ws/install/my_diff_mobile:/home/geoni/myros2_ws/install/dtb_urdf:/home/geoni/myros2_ws/install/dtb_mobile_navigation:/home/geoni/myros2_ws/install/dtb_mobile_cartographer:/home/geoni/ros2_ws/install/tracer_base:/home/geoni/ros2_ws/install/ugv_sdk:/home/geoni/ros2_ws/install/tracer_msgs:/home/geoni/ros2_ws/install/sllidar_ros2:/home/geoni/ros2_ws/install/my_diff_mobile:/home/geoni/ros2_ws/install/dtb_urdf2:/home/geoni/ros2_ws/install/dtb_urdf:/home/geoni/ros2_ws/install/dtb_mobile_navigation:/home/geoni/ros2_ws/install/dtb_mobile_cartographer /usr/bin/cmake --install /home/geoni/myros2_ws/build/tracer_base
