-- The C compiler identification is GNU 11.4.0
-- The CXX compiler identification is GNU 11.4.0
-- Detecting C compiler ABI info
-- Detecting C compiler ABI info - done
-- Check for working C compiler: /usr/bin/cc - skipped
-- Detecting C compile features
-- Detecting C compile features - done
-- Detecting CXX compiler ABI info
-- Detecting CXX compiler ABI info - done
-- Check for working CXX compiler: /usr/bin/c++ - skipped
-- Detecting CXX compile features
-- Detecting CXX compile features - done
-- Found ament_cmake: 1.3.8 (/opt/ros/humble/share/ament_cmake/cmake)
-- Found Python3: /usr/bin/python3 (found version "3.10.12") found components: Interpreter 
-- Found rclpy: 3.3.12 (/opt/ros/humble/share/rclpy/cmake)
-- Found rclcpp: 16.0.8 (/opt/ros/humble/share/rclcpp/cmake)
-- Found rosidl_generator_c: 3.1.5 (/opt/ros/humble/share/rosidl_generator_c/cmake)
-- Found rosidl_adapter: 3.1.5 (/opt/ros/humble/share/rosidl_adapter/cmake)
-- Found rosidl_generator_cpp: 3.1.5 (/opt/ros/humble/share/rosidl_generator_cpp/cmake)
-- Using all available rosidl_typesupport_c: rosidl_typesupport_fastrtps_c;rosidl_typesupport_introspection_c
-- Using all available rosidl_typesupport_cpp: rosidl_typesupport_fastrtps_cpp;rosidl_typesupport_introspection_cpp
-- Found rmw_implementation_cmake: 6.1.1 (/opt/ros/humble/share/rmw_implementation_cmake/cmake)
-- Found rmw_fastrtps_cpp: 6.2.6 (/opt/ros/humble/share/rmw_fastrtps_cpp/cmake)
-- Found OpenSSL: /usr/lib/x86_64-linux-gnu/libcrypto.so (found version "3.0.2")  
-- Found FastRTPS: /opt/ros/humble/include  
-- Using RMW implementation 'rmw_fastrtps_cpp' as default
-- Looking for pthread.h
-- Looking for pthread.h - found
-- Performing Test CMAKE_HAVE_LIBC_PTHREAD
-- Performing Test CMAKE_HAVE_LIBC_PTHREAD - Success
-- Found Threads: TRUE  
-- Found ament_lint_auto: 0.12.10 (/opt/ros/humble/share/ament_lint_auto/cmake)
-- Added test 'flake8' to check Python code syntax and style conventions
-- Added test 'lint_cmake' to check CMake code style
-- Added test 'pep257' to check Python code against some of the docstring style conventions in PEP 257
-- Added test 'xmllint' to check XML markup files
-- Configuring done
-- Generating done
-- Build files have been written to: /home/geoni/myros2_ws/build/dtb_mobile_cartographer
-- Install configuration: ""
-- Installing: /home/geoni/myros2_ws/install/dtb_mobile_cartographer/share/dtb_mobile_cartographer/maps
-- Installing: /home/geoni/myros2_ws/install/dtb_mobile_cartographer/share/dtb_mobile_cartographer/maps/map.yaml
-- Installing: /home/geoni/myros2_ws/install/dtb_mobile_cartographer/share/dtb_mobile_cartographer/maps/map.pgm
-- Installing: /home/geoni/myros2_ws/install/dtb_mobile_cartographer/share/dtb_mobile_cartographer/launch
-- Installing: /home/geoni/myros2_ws/install/dtb_mobile_cartographer/share/dtb_mobile_cartographer/launch/occupancy_grid.launch.py
-- Installing: /home/geoni/myros2_ws/install/dtb_mobile_cartographer/share/dtb_mobile_cartographer/launch/cartographer_mapping_dtb_mobile.launch.py
-- Installing: /home/geoni/myros2_ws/install/dtb_mobile_cartographer/share/dtb_mobile_cartographer/launch/cartographer_mapping.launch.py
-- Installing: /home/geoni/myros2_ws/install/dtb_mobile_cartographer/share/dtb_mobile_cartographer/config
-- Installing: /home/geoni/myros2_ws/install/dtb_mobile_cartographer/share/dtb_mobile_cartographer/config/dtb_mobile_lds_2d.lua
-- Installing: /home/geoni/myros2_ws/install/dtb_mobile_cartographer/share/dtb_mobile_cartographer/config/mapping_rviz_v2.rviz
-- Installing: /home/geoni/myros2_ws/install/dtb_mobile_cartographer/share/dtb_mobile_cartographer/config/mapping_rviz.rviz
-- Installing: /home/geoni/myros2_ws/install/dtb_mobile_cartographer/share/ament_index/resource_index/package_run_dependencies/dtb_mobile_cartographer
-- Installing: /home/geoni/myros2_ws/install/dtb_mobile_cartographer/share/ament_index/resource_index/parent_prefix_path/dtb_mobile_cartographer
-- Installing: /home/geoni/myros2_ws/install/dtb_mobile_cartographer/share/dtb_mobile_cartographer/environment/ament_prefix_path.sh
-- Installing: /home/geoni/myros2_ws/install/dtb_mobile_cartographer/share/dtb_mobile_cartographer/environment/ament_prefix_path.dsv
-- Installing: /home/geoni/myros2_ws/install/dtb_mobile_cartographer/share/dtb_mobile_cartographer/environment/path.sh
-- Installing: /home/geoni/myros2_ws/install/dtb_mobile_cartographer/share/dtb_mobile_cartographer/environment/path.dsv
-- Installing: /home/geoni/myros2_ws/install/dtb_mobile_cartographer/share/dtb_mobile_cartographer/local_setup.bash
-- Installing: /home/geoni/myros2_ws/install/dtb_mobile_cartographer/share/dtb_mobile_cartographer/local_setup.sh
-- Installing: /home/geoni/myros2_ws/install/dtb_mobile_cartographer/share/dtb_mobile_cartographer/local_setup.zsh
-- Installing: /home/geoni/myros2_ws/install/dtb_mobile_cartographer/share/dtb_mobile_cartographer/local_setup.dsv
-- Installing: /home/geoni/myros2_ws/install/dtb_mobile_cartographer/share/dtb_mobile_cartographer/package.dsv
-- Installing: /home/geoni/myros2_ws/install/dtb_mobile_cartographer/share/ament_index/resource_index/packages/dtb_mobile_cartographer
-- Installing: /home/geoni/myros2_ws/install/dtb_mobile_cartographer/share/dtb_mobile_cartographer/cmake/dtb_mobile_cartographerConfig.cmake
-- Installing: /home/geoni/myros2_ws/install/dtb_mobile_cartographer/share/dtb_mobile_cartographer/cmake/dtb_mobile_cartographerConfig-version.cmake
-- Installing: /home/geoni/myros2_ws/install/dtb_mobile_cartographer/share/dtb_mobile_cartographer/package.xml
