[0.304s] Invoking command in '/home/geoni/myros2_ws/build/dtb_mobile_cartographer': CMAKE_PREFIX_PATH=/home/geoni/myros2_ws/install/tracer_base:/home/geoni/myros2_ws/install/ugv_sdk:/home/geoni/myros2_ws/install/tracer_msgs:/home/geoni/myros2_ws/install/sllidar_ros2:/home/geoni/myros2_ws/install/my_diff_mobile:/home/geoni/myros2_ws/install/dtb_urdf:/home/geoni/myros2_ws/install/dtb_mobile_navigation:/home/geoni/myros2_ws/install/dtb_mobile_cartographer:/home/geoni/ros2_ws/install/tracer_base:/home/geoni/myros2_ws/install/dtb_mobile_navigation2:/home/geoni/myros2_ws/install/dtb_mobile_bringup:/home/geoni/ros2_ws/install/dtb_mobile_navigation2:/home/geoni/ros2_ws/install/dtb_mobile_bringup:/opt/ros/humble:/home/geoni/ros2_ws/install/ugv_sdk:/home/geoni/ros2_ws/install/tracer_msgs:/home/geoni/ros2_ws/install/sllidar_ros2:/home/geoni/ros2_ws/install/my_diff_mobile:/home/geoni/ros2_ws/install/dtb_urdf2:/home/geoni/ros2_ws/install/dtb_urdf:/home/geoni/ros2_ws/install/dtb_mobile_navigation:/home/geoni/ros2_ws/install/dtb_mobile_cartographer /usr/bin/cmake /home/geoni/myros2_ws/src/dtb_mobile_cartographer -DCMAKE_INSTALL_PREFIX=/home/geoni/myros2_ws/install/dtb_mobile_cartographer
[0.619s] -- The C compiler identification is GNU 11.4.0
[0.619s] -- The CXX compiler identification is GNU 11.4.0
[0.619s] -- Detecting C compiler ABI info
[0.619s] -- Detecting C compiler ABI info - done
[0.619s] -- Check for working C compiler: /usr/bin/cc - skipped
[0.620s] -- Detecting C compile features
[0.620s] -- Detecting C compile features - done
[0.620s] -- Detecting CXX compiler ABI info
[0.620s] -- Detecting CXX compiler ABI info - done
[0.620s] -- Check for working CXX compiler: /usr/bin/c++ - skipped
[0.620s] -- Detecting CXX compile features
[0.620s] -- Detecting CXX compile features - done
[0.620s] -- Found ament_cmake: 1.3.8 (/opt/ros/humble/share/ament_cmake/cmake)
[0.893s] -- Found Python3: /usr/bin/python3 (found version "3.10.12") found components: Interpreter 
[1.040s] -- Found rclpy: 3.3.12 (/opt/ros/humble/share/rclpy/cmake)
[1.042s] -- Found rclcpp: 16.0.8 (/opt/ros/humble/share/rclcpp/cmake)
[1.114s] -- Found rosidl_generator_c: 3.1.5 (/opt/ros/humble/share/rosidl_generator_c/cmake)
[1.121s] -- Found rosidl_adapter: 3.1.5 (/opt/ros/humble/share/rosidl_adapter/cmake)
[1.135s] -- Found rosidl_generator_cpp: 3.1.5 (/opt/ros/humble/share/rosidl_generator_cpp/cmake)
[1.158s] -- Using all available rosidl_typesupport_c: rosidl_typesupport_fastrtps_c;rosidl_typesupport_introspection_c
[1.189s] -- Using all available rosidl_typesupport_cpp: rosidl_typesupport_fastrtps_cpp;rosidl_typesupport_introspection_cpp
[1.304s] -- Found rmw_implementation_cmake: 6.1.1 (/opt/ros/humble/share/rmw_implementation_cmake/cmake)
[1.307s] -- Found rmw_fastrtps_cpp: 6.2.6 (/opt/ros/humble/share/rmw_fastrtps_cpp/cmake)
[1.498s] -- Found OpenSSL: /usr/lib/x86_64-linux-gnu/libcrypto.so (found version "3.0.2")  
[1.552s] -- Found FastRTPS: /opt/ros/humble/include  
[1.634s] -- Using RMW implementation 'rmw_fastrtps_cpp' as default
[1.654s] -- Looking for pthread.h
[1.814s] -- Looking for pthread.h - found
[1.815s] -- Performing Test CMAKE_HAVE_LIBC_PTHREAD
[1.915s] -- Performing Test CMAKE_HAVE_LIBC_PTHREAD - Success
[1.917s] -- Found Threads: TRUE  
[2.114s] -- Found ament_lint_auto: 0.12.10 (/opt/ros/humble/share/ament_lint_auto/cmake)
[2.216s] -- Added test 'flake8' to check Python code syntax and style conventions
[2.217s] -- Added test 'lint_cmake' to check CMake code style
[2.219s] -- Added test 'pep257' to check Python code against some of the docstring style conventions in PEP 257
[2.222s] -- Added test 'xmllint' to check XML markup files
[2.224s] -- Configuring done
[2.230s] -- Generating done
[2.232s] -- Build files have been written to: /home/geoni/myros2_ws/build/dtb_mobile_cartographer
[2.244s] Invoked command in '/home/geoni/myros2_ws/build/dtb_mobile_cartographer' returned '0': CMAKE_PREFIX_PATH=/home/geoni/myros2_ws/install/tracer_base:/home/geoni/myros2_ws/install/ugv_sdk:/home/geoni/myros2_ws/install/tracer_msgs:/home/geoni/myros2_ws/install/sllidar_ros2:/home/geoni/myros2_ws/install/my_diff_mobile:/home/geoni/myros2_ws/install/dtb_urdf:/home/geoni/myros2_ws/install/dtb_mobile_navigation:/home/geoni/myros2_ws/install/dtb_mobile_cartographer:/home/geoni/ros2_ws/install/tracer_base:/home/geoni/myros2_ws/install/dtb_mobile_navigation2:/home/geoni/myros2_ws/install/dtb_mobile_bringup:/home/geoni/ros2_ws/install/dtb_mobile_navigation2:/home/geoni/ros2_ws/install/dtb_mobile_bringup:/opt/ros/humble:/home/geoni/ros2_ws/install/ugv_sdk:/home/geoni/ros2_ws/install/tracer_msgs:/home/geoni/ros2_ws/install/sllidar_ros2:/home/geoni/ros2_ws/install/my_diff_mobile:/home/geoni/ros2_ws/install/dtb_urdf2:/home/geoni/ros2_ws/install/dtb_urdf:/home/geoni/ros2_ws/install/dtb_mobile_navigation:/home/geoni/ros2_ws/install/dtb_mobile_cartographer /usr/bin/cmake /home/geoni/myros2_ws/src/dtb_mobile_cartographer -DCMAKE_INSTALL_PREFIX=/home/geoni/myros2_ws/install/dtb_mobile_cartographer
[2.246s] Invoking command in '/home/geoni/myros2_ws/build/dtb_mobile_cartographer': CMAKE_PREFIX_PATH=/home/geoni/myros2_ws/install/tracer_base:/home/geoni/myros2_ws/install/ugv_sdk:/home/geoni/myros2_ws/install/tracer_msgs:/home/geoni/myros2_ws/install/sllidar_ros2:/home/geoni/myros2_ws/install/my_diff_mobile:/home/geoni/myros2_ws/install/dtb_urdf:/home/geoni/myros2_ws/install/dtb_mobile_navigation:/home/geoni/myros2_ws/install/dtb_mobile_cartographer:/home/geoni/ros2_ws/install/tracer_base:/home/geoni/myros2_ws/install/dtb_mobile_navigation2:/home/geoni/myros2_ws/install/dtb_mobile_bringup:/home/geoni/ros2_ws/install/dtb_mobile_navigation2:/home/geoni/ros2_ws/install/dtb_mobile_bringup:/opt/ros/humble:/home/geoni/ros2_ws/install/ugv_sdk:/home/geoni/ros2_ws/install/tracer_msgs:/home/geoni/ros2_ws/install/sllidar_ros2:/home/geoni/ros2_ws/install/my_diff_mobile:/home/geoni/ros2_ws/install/dtb_urdf2:/home/geoni/ros2_ws/install/dtb_urdf:/home/geoni/ros2_ws/install/dtb_mobile_navigation:/home/geoni/ros2_ws/install/dtb_mobile_cartographer /usr/bin/cmake --build /home/geoni/myros2_ws/build/dtb_mobile_cartographer -- -j16 -l16
[2.299s] Invoked command in '/home/geoni/myros2_ws/build/dtb_mobile_cartographer' returned '0': CMAKE_PREFIX_PATH=/home/geoni/myros2_ws/install/tracer_base:/home/geoni/myros2_ws/install/ugv_sdk:/home/geoni/myros2_ws/install/tracer_msgs:/home/geoni/myros2_ws/install/sllidar_ros2:/home/geoni/myros2_ws/install/my_diff_mobile:/home/geoni/myros2_ws/install/dtb_urdf:/home/geoni/myros2_ws/install/dtb_mobile_navigation:/home/geoni/myros2_ws/install/dtb_mobile_cartographer:/home/geoni/ros2_ws/install/tracer_base:/home/geoni/myros2_ws/install/dtb_mobile_navigation2:/home/geoni/myros2_ws/install/dtb_mobile_bringup:/home/geoni/ros2_ws/install/dtb_mobile_navigation2:/home/geoni/ros2_ws/install/dtb_mobile_bringup:/opt/ros/humble:/home/geoni/ros2_ws/install/ugv_sdk:/home/geoni/ros2_ws/install/tracer_msgs:/home/geoni/ros2_ws/install/sllidar_ros2:/home/geoni/ros2_ws/install/my_diff_mobile:/home/geoni/ros2_ws/install/dtb_urdf2:/home/geoni/ros2_ws/install/dtb_urdf:/home/geoni/ros2_ws/install/dtb_mobile_navigation:/home/geoni/ros2_ws/install/dtb_mobile_cartographer /usr/bin/cmake --build /home/geoni/myros2_ws/build/dtb_mobile_cartographer -- -j16 -l16
[2.324s] Invoking command in '/home/geoni/myros2_ws/build/dtb_mobile_cartographer': CMAKE_PREFIX_PATH=/home/geoni/myros2_ws/install/tracer_base:/home/geoni/myros2_ws/install/ugv_sdk:/home/geoni/myros2_ws/install/tracer_msgs:/home/geoni/myros2_ws/install/sllidar_ros2:/home/geoni/myros2_ws/install/my_diff_mobile:/home/geoni/myros2_ws/install/dtb_urdf:/home/geoni/myros2_ws/install/dtb_mobile_navigation:/home/geoni/myros2_ws/install/dtb_mobile_cartographer:/home/geoni/ros2_ws/install/tracer_base:/home/geoni/myros2_ws/install/dtb_mobile_navigation2:/home/geoni/myros2_ws/install/dtb_mobile_bringup:/home/geoni/ros2_ws/install/dtb_mobile_navigation2:/home/geoni/ros2_ws/install/dtb_mobile_bringup:/opt/ros/humble:/home/geoni/ros2_ws/install/ugv_sdk:/home/geoni/ros2_ws/install/tracer_msgs:/home/geoni/ros2_ws/install/sllidar_ros2:/home/geoni/ros2_ws/install/my_diff_mobile:/home/geoni/ros2_ws/install/dtb_urdf2:/home/geoni/ros2_ws/install/dtb_urdf:/home/geoni/ros2_ws/install/dtb_mobile_navigation:/home/geoni/ros2_ws/install/dtb_mobile_cartographer /usr/bin/cmake --install /home/geoni/myros2_ws/build/dtb_mobile_cartographer
[2.335s] -- Install configuration: ""
[2.336s] -- Installing: /home/geoni/myros2_ws/install/dtb_mobile_cartographer/share/dtb_mobile_cartographer/maps
[2.336s] -- Installing: /home/geoni/myros2_ws/install/dtb_mobile_cartographer/share/dtb_mobile_cartographer/maps/map.yaml
[2.336s] -- Installing: /home/geoni/myros2_ws/install/dtb_mobile_cartographer/share/dtb_mobile_cartographer/maps/map.pgm
[2.337s] -- Installing: /home/geoni/myros2_ws/install/dtb_mobile_cartographer/share/dtb_mobile_cartographer/launch
[2.337s] -- Installing: /home/geoni/myros2_ws/install/dtb_mobile_cartographer/share/dtb_mobile_cartographer/launch/occupancy_grid.launch.py
[2.337s] -- Installing: /home/geoni/myros2_ws/install/dtb_mobile_cartographer/share/dtb_mobile_cartographer/launch/cartographer_mapping_dtb_mobile.launch.py
[2.337s] -- Installing: /home/geoni/myros2_ws/install/dtb_mobile_cartographer/share/dtb_mobile_cartographer/launch/cartographer_mapping.launch.py
[2.337s] -- Installing: /home/geoni/myros2_ws/install/dtb_mobile_cartographer/share/dtb_mobile_cartographer/config
[2.337s] -- Installing: /home/geoni/myros2_ws/install/dtb_mobile_cartographer/share/dtb_mobile_cartographer/config/dtb_mobile_lds_2d.lua
[2.337s] -- Installing: /home/geoni/myros2_ws/install/dtb_mobile_cartographer/share/dtb_mobile_cartographer/config/mapping_rviz_v2.rviz
[2.337s] -- Installing: /home/geoni/myros2_ws/install/dtb_mobile_cartographer/share/dtb_mobile_cartographer/config/mapping_rviz.rviz
[2.338s] -- Installing: /home/geoni/myros2_ws/install/dtb_mobile_cartographer/share/ament_index/resource_index/package_run_dependencies/dtb_mobile_cartographer
[2.338s] -- Installing: /home/geoni/myros2_ws/install/dtb_mobile_cartographer/share/ament_index/resource_index/parent_prefix_path/dtb_mobile_cartographer
[2.338s] -- Installing: /home/geoni/myros2_ws/install/dtb_mobile_cartographer/share/dtb_mobile_cartographer/environment/ament_prefix_path.sh
[2.338s] -- Installing: /home/geoni/myros2_ws/install/dtb_mobile_cartographer/share/dtb_mobile_cartographer/environment/ament_prefix_path.dsv
[2.339s] -- Installing: /home/geoni/myros2_ws/install/dtb_mobile_cartographer/share/dtb_mobile_cartographer/environment/path.sh
[2.339s] -- Installing: /home/geoni/myros2_ws/install/dtb_mobile_cartographer/share/dtb_mobile_cartographer/environment/path.dsv
[2.339s] -- Installing: /home/geoni/myros2_ws/install/dtb_mobile_cartographer/share/dtb_mobile_cartographer/local_setup.bash
[2.339s] -- Installing: /home/geoni/myros2_ws/install/dtb_mobile_cartographer/share/dtb_mobile_cartographer/local_setup.sh
[2.339s] -- Installing: /home/geoni/myros2_ws/install/dtb_mobile_cartographer/share/dtb_mobile_cartographer/local_setup.zsh
[2.339s] -- Installing: /home/geoni/myros2_ws/install/dtb_mobile_cartographer/share/dtb_mobile_cartographer/local_setup.dsv
[2.340s] -- Installing: /home/geoni/myros2_ws/install/dtb_mobile_cartographer/share/dtb_mobile_cartographer/package.dsv
[2.340s] -- Installing: /home/geoni/myros2_ws/install/dtb_mobile_cartographer/share/ament_index/resource_index/packages/dtb_mobile_cartographer
[2.340s] -- Installing: /home/geoni/myros2_ws/install/dtb_mobile_cartographer/share/dtb_mobile_cartographer/cmake/dtb_mobile_cartographerConfig.cmake
[2.340s] -- Installing: /home/geoni/myros2_ws/install/dtb_mobile_cartographer/share/dtb_mobile_cartographer/cmake/dtb_mobile_cartographerConfig-version.cmake
[2.340s] -- Installing: /home/geoni/myros2_ws/install/dtb_mobile_cartographer/share/dtb_mobile_cartographer/package.xml
[2.353s] Invoked command in '/home/geoni/myros2_ws/build/dtb_mobile_cartographer' returned '0': CMAKE_PREFIX_PATH=/home/geoni/myros2_ws/install/tracer_base:/home/geoni/myros2_ws/install/ugv_sdk:/home/geoni/myros2_ws/install/tracer_msgs:/home/geoni/myros2_ws/install/sllidar_ros2:/home/geoni/myros2_ws/install/my_diff_mobile:/home/geoni/myros2_ws/install/dtb_urdf:/home/geoni/myros2_ws/install/dtb_mobile_navigation:/home/geoni/myros2_ws/install/dtb_mobile_cartographer:/home/geoni/ros2_ws/install/tracer_base:/home/geoni/myros2_ws/install/dtb_mobile_navigation2:/home/geoni/myros2_ws/install/dtb_mobile_bringup:/home/geoni/ros2_ws/install/dtb_mobile_navigation2:/home/geoni/ros2_ws/install/dtb_mobile_bringup:/opt/ros/humble:/home/geoni/ros2_ws/install/ugv_sdk:/home/geoni/ros2_ws/install/tracer_msgs:/home/geoni/ros2_ws/install/sllidar_ros2:/home/geoni/ros2_ws/install/my_diff_mobile:/home/geoni/ros2_ws/install/dtb_urdf2:/home/geoni/ros2_ws/install/dtb_urdf:/home/geoni/ros2_ws/install/dtb_mobile_navigation:/home/geoni/ros2_ws/install/dtb_mobile_cartographer /usr/bin/cmake --install /home/geoni/myros2_ws/build/dtb_mobile_cartographer
