-- Install configuration: ""
-- Up-to-date: /home/geoni/myros2_ws/install/my_diff_mobile/share/my_diff_mobile/description
-- Up-to-date: /home/geoni/myros2_ws/install/my_diff_mobile/share/my_diff_mobile/description/meshes
-- Up-to-date: /home/geoni/myros2_ws/install/my_diff_mobile/share/my_diff_mobile/description/meshes/sensor
-- Up-to-date: /home/geoni/myros2_ws/install/my_diff_mobile/share/my_diff_mobile/description/meshes/sensor/ydlidar_g2.stl
-- Up-to-date: /home/geoni/myros2_ws/install/my_diff_mobile/share/my_diff_mobile/description/meshes/wheel_r.STL
-- Up-to-date: /home/geoni/myros2_ws/install/my_diff_mobile/share/my_diff_mobile/description/meshes/base
-- Up-to-date: /home/geoni/myros2_ws/install/my_diff_mobile/share/my_diff_mobile/description/meshes/base/caster.stl
-- Up-to-date: /home/geoni/myros2_ws/install/my_diff_mobile/share/my_diff_mobile/description/meshes/base/second.stl
-- Up-to-date: /home/geoni/myros2_ws/install/my_diff_mobile/share/my_diff_mobile/description/meshes/base/mob_wheel.stl
-- Up-to-date: /home/geoni/myros2_ws/install/my_diff_mobile/share/my_diff_mobile/description/meshes/base/first.stl
-- Up-to-date: /home/geoni/myros2_ws/install/my_diff_mobile/share/my_diff_mobile/description/meshes/base/base.stl
-- Up-to-date: /home/geoni/myros2_ws/install/my_diff_mobile/share/my_diff_mobile/description/meshes/wheel_l.STL
-- Up-to-date: /home/geoni/myros2_ws/install/my_diff_mobile/share/my_diff_mobile/description/meshes/base_link.STL
-- Up-to-date: /home/geoni/myros2_ws/install/my_diff_mobile/share/my_diff_mobile/description/urdf
-- Up-to-date: /home/geoni/myros2_ws/install/my_diff_mobile/share/my_diff_mobile/description/urdf/diff_mobile.xacro
-- Up-to-date: /home/geoni/myros2_ws/install/my_diff_mobile/share/my_diff_mobile/description/urdf/diff_mobile.urdf
-- Up-to-date: /home/geoni/myros2_ws/install/my_diff_mobile/share/my_diff_mobile/description/urdf/inertial_macros.xacro
-- Up-to-date: /home/geoni/myros2_ws/install/my_diff_mobile/share/my_diff_mobile/description/urdf/tracer_mini.urdf
-- Up-to-date: /home/geoni/myros2_ws/install/my_diff_mobile/share/my_diff_mobile/description/urdf/diff_mobile2.urdf
-- Up-to-date: /home/geoni/myros2_ws/install/my_diff_mobile/share/my_diff_mobile/description/urdf/sensors.xacro
-- Up-to-date: /home/geoni/myros2_ws/install/my_diff_mobile/share/my_diff_mobile/description/urdf/robot_core.xacro
-- Up-to-date: /home/geoni/myros2_ws/install/my_diff_mobile/share/my_diff_mobile/description/urdf/agilex_tracer.urdf
-- Up-to-date: /home/geoni/myros2_ws/install/my_diff_mobile/share/my_diff_mobile/launch
-- Up-to-date: /home/geoni/myros2_ws/install/my_diff_mobile/share/my_diff_mobile/launch/tracer_mini_description_rviz.launch.py
-- Up-to-date: /home/geoni/myros2_ws/install/my_diff_mobile/share/my_diff_mobile/launch/view_diff_mobile.launch.py
-- Up-to-date: /home/geoni/myros2_ws/install/my_diff_mobile/share/my_diff_mobile/launch/tracer_mini_description.launch.py
-- Up-to-date: /home/geoni/myros2_ws/install/my_diff_mobile/share/my_diff_mobile/launch/tracer_mini_state_publisher.launch.py
-- Up-to-date: /home/geoni/myros2_ws/install/my_diff_mobile/share/my_diff_mobile/rviz
-- Up-to-date: /home/geoni/myros2_ws/install/my_diff_mobile/share/my_diff_mobile/rviz/rviz.rviz
-- Up-to-date: /home/geoni/myros2_ws/install/my_diff_mobile/share/my_diff_mobile/rviz/view_rviz.rviz
-- Up-to-date: /home/geoni/myros2_ws/install/my_diff_mobile/share/my_diff_mobile/worlds
-- Up-to-date: /home/geoni/myros2_ws/install/my_diff_mobile/share/my_diff_mobile/worlds/willowgarage_world.world
-- Up-to-date: /home/geoni/myros2_ws/install/my_diff_mobile/share/my_diff_mobile/worlds/my_room_world.world
-- Up-to-date: /home/geoni/myros2_ws/install/my_diff_mobile/share/my_diff_mobile/worlds/models
-- Up-to-date: /home/geoni/myros2_ws/install/my_diff_mobile/share/my_diff_mobile/worlds/models/object_my_room_world
-- Up-to-date: /home/geoni/myros2_ws/install/my_diff_mobile/share/my_diff_mobile/worlds/models/object_my_room_world/object_my_room_world
-- Up-to-date: /home/geoni/myros2_ws/install/my_diff_mobile/share/my_diff_mobile/worlds/models/object_my_room_world/object_my_room_world/model.sdf
-- Up-to-date: /home/geoni/myros2_ws/install/my_diff_mobile/share/my_diff_mobile/worlds/models/object_my_room_world/object_my_room_world/model.config
-- Up-to-date: /home/geoni/myros2_ws/install/my_diff_mobile/share/my_diff_mobile/worlds/models/my_room_world
-- Up-to-date: /home/geoni/myros2_ws/install/my_diff_mobile/share/my_diff_mobile/worlds/models/my_room_world/model.sdf
-- Up-to-date: /home/geoni/myros2_ws/install/my_diff_mobile/share/my_diff_mobile/worlds/models/my_room_world/model.config
-- Up-to-date: /home/geoni/myros2_ws/install/my_diff_mobile/share/my_diff_mobile/config
-- Up-to-date: /home/geoni/myros2_ws/install/my_diff_mobile/share/my_diff_mobile/config/diff_mobile_lds_2d.lua
-- Up-to-date: /home/geoni/myros2_ws/install/my_diff_mobile/share/my_diff_mobile/config/navigation2.yaml
-- Up-to-date: /home/geoni/myros2_ws/install/my_diff_mobile/share/my_diff_mobile/maps
-- Up-to-date: /home/geoni/myros2_ws/install/my_diff_mobile/share/my_diff_mobile/maps/my_room_map.yaml
-- Up-to-date: /home/geoni/myros2_ws/install/my_diff_mobile/share/my_diff_mobile/maps/my_room_map.pgm
-- Up-to-date: /home/geoni/myros2_ws/install/my_diff_mobile/share/ament_index/resource_index/package_run_dependencies/my_diff_mobile
-- Up-to-date: /home/geoni/myros2_ws/install/my_diff_mobile/share/ament_index/resource_index/parent_prefix_path/my_diff_mobile
-- Up-to-date: /home/geoni/myros2_ws/install/my_diff_mobile/share/my_diff_mobile/environment/ament_prefix_path.sh
-- Up-to-date: /home/geoni/myros2_ws/install/my_diff_mobile/share/my_diff_mobile/environment/ament_prefix_path.dsv
-- Up-to-date: /home/geoni/myros2_ws/install/my_diff_mobile/share/my_diff_mobile/environment/path.sh
-- Up-to-date: /home/geoni/myros2_ws/install/my_diff_mobile/share/my_diff_mobile/environment/path.dsv
-- Up-to-date: /home/geoni/myros2_ws/install/my_diff_mobile/share/my_diff_mobile/local_setup.bash
-- Up-to-date: /home/geoni/myros2_ws/install/my_diff_mobile/share/my_diff_mobile/local_setup.sh
-- Up-to-date: /home/geoni/myros2_ws/install/my_diff_mobile/share/my_diff_mobile/local_setup.zsh
-- Up-to-date: /home/geoni/myros2_ws/install/my_diff_mobile/share/my_diff_mobile/local_setup.dsv
-- Up-to-date: /home/geoni/myros2_ws/install/my_diff_mobile/share/my_diff_mobile/package.dsv
-- Up-to-date: /home/geoni/myros2_ws/install/my_diff_mobile/share/ament_index/resource_index/packages/my_diff_mobile
-- Up-to-date: /home/geoni/myros2_ws/install/my_diff_mobile/share/my_diff_mobile/cmake/my_diff_mobileConfig.cmake
-- Up-to-date: /home/geoni/myros2_ws/install/my_diff_mobile/share/my_diff_mobile/cmake/my_diff_mobileConfig-version.cmake
-- Up-to-date: /home/geoni/myros2_ws/install/my_diff_mobile/share/my_diff_mobile/package.xml
