[0.517s] Invoking command in '/home/geoni/myros2_ws/build/my_diff_mobile': CMAKE_PREFIX_PATH=/home/geoni/myros2_ws/install/tracer_base:/home/geoni/myros2_ws/install/dtb_mobile_navigation2:/home/geoni/myros2_ws/install/dtb_mobile_bringup:/home/geoni/ros2_ws/install/dtb_mobile_navigation2:/home/geoni/ros2_ws/install/dtb_mobile_bringup:/opt/ros/humble:/home/geoni/myros2_ws/install/ugv_sdk:/home/geoni/myros2_ws/install/tracer_msgs:/home/geoni/myros2_ws/install/sllidar_ros2:/home/geoni/myros2_ws/install/my_diff_mobile:/home/geoni/myros2_ws/install/dtb_urdf:/home/geoni/myros2_ws/install/dtb_mobile_navigation:/home/geoni/myros2_ws/install/dtb_mobile_cartographer:/home/geoni/ros2_ws/install/tracer_base:/home/geoni/ros2_ws/install/ugv_sdk:/home/geoni/ros2_ws/install/tracer_msgs:/home/geoni/ros2_ws/install/sllidar_ros2:/home/geoni/ros2_ws/install/my_diff_mobile:/home/geoni/ros2_ws/install/dtb_urdf2:/home/geoni/ros2_ws/install/dtb_urdf:/home/geoni/ros2_ws/install/dtb_mobile_navigation:/home/geoni/ros2_ws/install/dtb_mobile_cartographer /usr/bin/cmake --build /home/geoni/myros2_ws/build/my_diff_mobile -- -j16 -l16
[0.569s] Invoked command in '/home/geoni/myros2_ws/build/my_diff_mobile' returned '0': CMAKE_PREFIX_PATH=/home/geoni/myros2_ws/install/tracer_base:/home/geoni/myros2_ws/install/dtb_mobile_navigation2:/home/geoni/myros2_ws/install/dtb_mobile_bringup:/home/geoni/ros2_ws/install/dtb_mobile_navigation2:/home/geoni/ros2_ws/install/dtb_mobile_bringup:/opt/ros/humble:/home/geoni/myros2_ws/install/ugv_sdk:/home/geoni/myros2_ws/install/tracer_msgs:/home/geoni/myros2_ws/install/sllidar_ros2:/home/geoni/myros2_ws/install/my_diff_mobile:/home/geoni/myros2_ws/install/dtb_urdf:/home/geoni/myros2_ws/install/dtb_mobile_navigation:/home/geoni/myros2_ws/install/dtb_mobile_cartographer:/home/geoni/ros2_ws/install/tracer_base:/home/geoni/ros2_ws/install/ugv_sdk:/home/geoni/ros2_ws/install/tracer_msgs:/home/geoni/ros2_ws/install/sllidar_ros2:/home/geoni/ros2_ws/install/my_diff_mobile:/home/geoni/ros2_ws/install/dtb_urdf2:/home/geoni/ros2_ws/install/dtb_urdf:/home/geoni/ros2_ws/install/dtb_mobile_navigation:/home/geoni/ros2_ws/install/dtb_mobile_cartographer /usr/bin/cmake --build /home/geoni/myros2_ws/build/my_diff_mobile -- -j16 -l16
[0.633s] Invoking command in '/home/geoni/myros2_ws/build/my_diff_mobile': CMAKE_PREFIX_PATH=/home/geoni/myros2_ws/install/tracer_base:/home/geoni/myros2_ws/install/dtb_mobile_navigation2:/home/geoni/myros2_ws/install/dtb_mobile_bringup:/home/geoni/ros2_ws/install/dtb_mobile_navigation2:/home/geoni/ros2_ws/install/dtb_mobile_bringup:/opt/ros/humble:/home/geoni/myros2_ws/install/ugv_sdk:/home/geoni/myros2_ws/install/tracer_msgs:/home/geoni/myros2_ws/install/sllidar_ros2:/home/geoni/myros2_ws/install/my_diff_mobile:/home/geoni/myros2_ws/install/dtb_urdf:/home/geoni/myros2_ws/install/dtb_mobile_navigation:/home/geoni/myros2_ws/install/dtb_mobile_cartographer:/home/geoni/ros2_ws/install/tracer_base:/home/geoni/ros2_ws/install/ugv_sdk:/home/geoni/ros2_ws/install/tracer_msgs:/home/geoni/ros2_ws/install/sllidar_ros2:/home/geoni/ros2_ws/install/my_diff_mobile:/home/geoni/ros2_ws/install/dtb_urdf2:/home/geoni/ros2_ws/install/dtb_urdf:/home/geoni/ros2_ws/install/dtb_mobile_navigation:/home/geoni/ros2_ws/install/dtb_mobile_cartographer /usr/bin/cmake --install /home/geoni/myros2_ws/build/my_diff_mobile
[0.642s] -- Install configuration: ""
[0.642s] -- Up-to-date: /home/geoni/myros2_ws/install/my_diff_mobile/share/my_diff_mobile/description
[0.642s] -- Up-to-date: /home/geoni/myros2_ws/install/my_diff_mobile/share/my_diff_mobile/description/meshes
[0.642s] -- Up-to-date: /home/geoni/myros2_ws/install/my_diff_mobile/share/my_diff_mobile/description/meshes/sensor
[0.643s] -- Up-to-date: /home/geoni/myros2_ws/install/my_diff_mobile/share/my_diff_mobile/description/meshes/sensor/ydlidar_g2.stl
[0.643s] -- Up-to-date: /home/geoni/myros2_ws/install/my_diff_mobile/share/my_diff_mobile/description/meshes/wheel_r.STL
[0.643s] -- Up-to-date: /home/geoni/myros2_ws/install/my_diff_mobile/share/my_diff_mobile/description/meshes/base
[0.643s] -- Up-to-date: /home/geoni/myros2_ws/install/my_diff_mobile/share/my_diff_mobile/description/meshes/base/caster.stl
[0.643s] -- Up-to-date: /home/geoni/myros2_ws/install/my_diff_mobile/share/my_diff_mobile/description/meshes/base/second.stl
[0.643s] -- Up-to-date: /home/geoni/myros2_ws/install/my_diff_mobile/share/my_diff_mobile/description/meshes/base/mob_wheel.stl
[0.643s] -- Up-to-date: /home/geoni/myros2_ws/install/my_diff_mobile/share/my_diff_mobile/description/meshes/base/first.stl
[0.644s] -- Up-to-date: /home/geoni/myros2_ws/install/my_diff_mobile/share/my_diff_mobile/description/meshes/base/base.stl
[0.644s] -- Up-to-date: /home/geoni/myros2_ws/install/my_diff_mobile/share/my_diff_mobile/description/meshes/wheel_l.STL
[0.644s] -- Up-to-date: /home/geoni/myros2_ws/install/my_diff_mobile/share/my_diff_mobile/description/meshes/base_link.STL
[0.645s] -- Up-to-date: /home/geoni/myros2_ws/install/my_diff_mobile/share/my_diff_mobile/description/urdf
[0.645s] -- Up-to-date: /home/geoni/myros2_ws/install/my_diff_mobile/share/my_diff_mobile/description/urdf/diff_mobile.xacro
[0.645s] -- Up-to-date: /home/geoni/myros2_ws/install/my_diff_mobile/share/my_diff_mobile/description/urdf/diff_mobile.urdf
[0.646s] -- Up-to-date: /home/geoni/myros2_ws/install/my_diff_mobile/share/my_diff_mobile/description/urdf/inertial_macros.xacro
[0.646s] -- Up-to-date: /home/geoni/myros2_ws/install/my_diff_mobile/share/my_diff_mobile/description/urdf/tracer_mini.urdf
[0.646s] -- Up-to-date: /home/geoni/myros2_ws/install/my_diff_mobile/share/my_diff_mobile/description/urdf/diff_mobile2.urdf
[0.647s] -- Up-to-date: /home/geoni/myros2_ws/install/my_diff_mobile/share/my_diff_mobile/description/urdf/sensors.xacro
[0.647s] -- Up-to-date: /home/geoni/myros2_ws/install/my_diff_mobile/share/my_diff_mobile/description/urdf/robot_core.xacro
[0.647s] -- Up-to-date: /home/geoni/myros2_ws/install/my_diff_mobile/share/my_diff_mobile/description/urdf/agilex_tracer.urdf
[0.648s] -- Up-to-date: /home/geoni/myros2_ws/install/my_diff_mobile/share/my_diff_mobile/launch
[0.649s] -- Up-to-date: /home/geoni/myros2_ws/install/my_diff_mobile/share/my_diff_mobile/launch/tracer_mini_description_rviz.launch.py
[0.650s] -- Up-to-date: /home/geoni/myros2_ws/install/my_diff_mobile/share/my_diff_mobile/launch/view_diff_mobile.launch.py
[0.650s] -- Up-to-date: /home/geoni/myros2_ws/install/my_diff_mobile/share/my_diff_mobile/launch/tracer_mini_description.launch.py
[0.650s] -- Up-to-date: /home/geoni/myros2_ws/install/my_diff_mobile/share/my_diff_mobile/launch/tracer_mini_state_publisher.launch.py
[0.650s] -- Up-to-date: /home/geoni/myros2_ws/install/my_diff_mobile/share/my_diff_mobile/rviz
[0.650s] -- Up-to-date: /home/geoni/myros2_ws/install/my_diff_mobile/share/my_diff_mobile/rviz/rviz.rviz
[0.651s] -- Up-to-date: /home/geoni/myros2_ws/install/my_diff_mobile/share/my_diff_mobile/rviz/view_rviz.rviz
[0.651s] -- Up-to-date: /home/geoni/myros2_ws/install/my_diff_mobile/share/my_diff_mobile/worlds
[0.651s] -- Up-to-date: /home/geoni/myros2_ws/install/my_diff_mobile/share/my_diff_mobile/worlds/willowgarage_world.world
[0.651s] -- Up-to-date: /home/geoni/myros2_ws/install/my_diff_mobile/share/my_diff_mobile/worlds/my_room_world.world
[0.651s] -- Up-to-date: /home/geoni/myros2_ws/install/my_diff_mobile/share/my_diff_mobile/worlds/models
[0.651s] -- Up-to-date: /home/geoni/myros2_ws/install/my_diff_mobile/share/my_diff_mobile/worlds/models/object_my_room_world
[0.652s] -- Up-to-date: /home/geoni/myros2_ws/install/my_diff_mobile/share/my_diff_mobile/worlds/models/object_my_room_world/object_my_room_world
[0.652s] -- Up-to-date: /home/geoni/myros2_ws/install/my_diff_mobile/share/my_diff_mobile/worlds/models/object_my_room_world/object_my_room_world/model.sdf
[0.652s] -- Up-to-date: /home/geoni/myros2_ws/install/my_diff_mobile/share/my_diff_mobile/worlds/models/object_my_room_world/object_my_room_world/model.config
[0.652s] -- Up-to-date: /home/geoni/myros2_ws/install/my_diff_mobile/share/my_diff_mobile/worlds/models/my_room_world
[0.652s] -- Up-to-date: /home/geoni/myros2_ws/install/my_diff_mobile/share/my_diff_mobile/worlds/models/my_room_world/model.sdf
[0.653s] -- Up-to-date: /home/geoni/myros2_ws/install/my_diff_mobile/share/my_diff_mobile/worlds/models/my_room_world/model.config
[0.653s] -- Up-to-date: /home/geoni/myros2_ws/install/my_diff_mobile/share/my_diff_mobile/config
[0.653s] -- Up-to-date: /home/geoni/myros2_ws/install/my_diff_mobile/share/my_diff_mobile/config/diff_mobile_lds_2d.lua
[0.653s] -- Up-to-date: /home/geoni/myros2_ws/install/my_diff_mobile/share/my_diff_mobile/config/navigation2.yaml
[0.653s] -- Up-to-date: /home/geoni/myros2_ws/install/my_diff_mobile/share/my_diff_mobile/maps
[0.653s] -- Up-to-date: /home/geoni/myros2_ws/install/my_diff_mobile/share/my_diff_mobile/maps/my_room_map.yaml
[0.653s] -- Up-to-date: /home/geoni/myros2_ws/install/my_diff_mobile/share/my_diff_mobile/maps/my_room_map.pgm
[0.653s] -- Up-to-date: /home/geoni/myros2_ws/install/my_diff_mobile/share/ament_index/resource_index/package_run_dependencies/my_diff_mobile
[0.653s] -- Up-to-date: /home/geoni/myros2_ws/install/my_diff_mobile/share/ament_index/resource_index/parent_prefix_path/my_diff_mobile
[0.653s] -- Up-to-date: /home/geoni/myros2_ws/install/my_diff_mobile/share/my_diff_mobile/environment/ament_prefix_path.sh
[0.654s] -- Up-to-date: /home/geoni/myros2_ws/install/my_diff_mobile/share/my_diff_mobile/environment/ament_prefix_path.dsv
[0.654s] -- Up-to-date: /home/geoni/myros2_ws/install/my_diff_mobile/share/my_diff_mobile/environment/path.sh
[0.654s] -- Up-to-date: /home/geoni/myros2_ws/install/my_diff_mobile/share/my_diff_mobile/environment/path.dsv
[0.654s] -- Up-to-date: /home/geoni/myros2_ws/install/my_diff_mobile/share/my_diff_mobile/local_setup.bash
[0.654s] -- Up-to-date: /home/geoni/myros2_ws/install/my_diff_mobile/share/my_diff_mobile/local_setup.sh
[0.654s] -- Up-to-date: /home/geoni/myros2_ws/install/my_diff_mobile/share/my_diff_mobile/local_setup.zsh
[0.654s] -- Up-to-date: /home/geoni/myros2_ws/install/my_diff_mobile/share/my_diff_mobile/local_setup.dsv
[0.654s] -- Up-to-date: /home/geoni/myros2_ws/install/my_diff_mobile/share/my_diff_mobile/package.dsv
[0.654s] -- Up-to-date: /home/geoni/myros2_ws/install/my_diff_mobile/share/ament_index/resource_index/packages/my_diff_mobile
[0.654s] -- Up-to-date: /home/geoni/myros2_ws/install/my_diff_mobile/share/my_diff_mobile/cmake/my_diff_mobileConfig.cmake
[0.654s] -- Up-to-date: /home/geoni/myros2_ws/install/my_diff_mobile/share/my_diff_mobile/cmake/my_diff_mobileConfig-version.cmake
[0.655s] -- Up-to-date: /home/geoni/myros2_ws/install/my_diff_mobile/share/my_diff_mobile/package.xml
[0.660s] Invoked command in '/home/geoni/myros2_ws/build/my_diff_mobile' returned '0': CMAKE_PREFIX_PATH=/home/geoni/myros2_ws/install/tracer_base:/home/geoni/myros2_ws/install/dtb_mobile_navigation2:/home/geoni/myros2_ws/install/dtb_mobile_bringup:/home/geoni/ros2_ws/install/dtb_mobile_navigation2:/home/geoni/ros2_ws/install/dtb_mobile_bringup:/opt/ros/humble:/home/geoni/myros2_ws/install/ugv_sdk:/home/geoni/myros2_ws/install/tracer_msgs:/home/geoni/myros2_ws/install/sllidar_ros2:/home/geoni/myros2_ws/install/my_diff_mobile:/home/geoni/myros2_ws/install/dtb_urdf:/home/geoni/myros2_ws/install/dtb_mobile_navigation:/home/geoni/myros2_ws/install/dtb_mobile_cartographer:/home/geoni/ros2_ws/install/tracer_base:/home/geoni/ros2_ws/install/ugv_sdk:/home/geoni/ros2_ws/install/tracer_msgs:/home/geoni/ros2_ws/install/sllidar_ros2:/home/geoni/ros2_ws/install/my_diff_mobile:/home/geoni/ros2_ws/install/dtb_urdf2:/home/geoni/ros2_ws/install/dtb_urdf:/home/geoni/ros2_ws/install/dtb_mobile_navigation:/home/geoni/ros2_ws/install/dtb_mobile_cartographer /usr/bin/cmake --install /home/geoni/myros2_ws/build/my_diff_mobile
