running egg_info
creating ../../build/dtb_mobile_navigation2/dtb_mobile_navigation2.egg-info
writing ../../build/dtb_mobile_navigation2/dtb_mobile_navigation2.egg-info/PKG-INFO
writing dependency_links to ../../build/dtb_mobile_navigation2/dtb_mobile_navigation2.egg-info/dependency_links.txt
writing entry points to ../../build/dtb_mobile_navigation2/dtb_mobile_navigation2.egg-info/entry_points.txt
writing requirements to ../../build/dtb_mobile_navigation2/dtb_mobile_navigation2.egg-info/requires.txt
writing top-level names to ../../build/dtb_mobile_navigation2/dtb_mobile_navigation2.egg-info/top_level.txt
writing manifest file '../../build/dtb_mobile_navigation2/dtb_mobile_navigation2.egg-info/SOURCES.txt'
reading manifest file '../../build/dtb_mobile_navigation2/dtb_mobile_navigation2.egg-info/SOURCES.txt'
writing manifest file '../../build/dtb_mobile_navigation2/dtb_mobile_navigation2.egg-info/SOURCES.txt'
running build
running build_py
creating /home/geoni/myros2_ws/build/dtb_mobile_navigation2/build
creating /home/geoni/myros2_ws/build/dtb_mobile_navigation2/build/lib
creating /home/geoni/myros2_ws/build/dtb_mobile_navigation2/build/lib/dtb_mobile_navigation2
copying dtb_mobile_navigation2/__init__.py -> /home/geoni/myros2_ws/build/dtb_mobile_navigation2/build/lib/dtb_mobile_navigation2
running install
running install_lib
creating /home/geoni/myros2_ws/install/dtb_mobile_navigation2/lib/python3.10/site-packages/dtb_mobile_navigation2
copying /home/geoni/myros2_ws/build/dtb_mobile_navigation2/build/lib/dtb_mobile_navigation2/__init__.py -> /home/geoni/myros2_ws/install/dtb_mobile_navigation2/lib/python3.10/site-packages/dtb_mobile_navigation2
byte-compiling /home/geoni/myros2_ws/install/dtb_mobile_navigation2/lib/python3.10/site-packages/dtb_mobile_navigation2/__init__.py to __init__.cpython-310.pyc
running install_data
creating /home/geoni/myros2_ws/install/dtb_mobile_navigation2/share/ament_index
creating /home/geoni/myros2_ws/install/dtb_mobile_navigation2/share/ament_index/resource_index
creating /home/geoni/myros2_ws/install/dtb_mobile_navigation2/share/ament_index/resource_index/packages
copying resource/dtb_mobile_navigation2 -> /home/geoni/myros2_ws/install/dtb_mobile_navigation2/share/ament_index/resource_index/packages
copying package.xml -> /home/geoni/myros2_ws/install/dtb_mobile_navigation2/share/dtb_mobile_navigation2
running install_egg_info
Copying ../../build/dtb_mobile_navigation2/dtb_mobile_navigation2.egg-info to /home/geoni/myros2_ws/install/dtb_mobile_navigation2/lib/python3.10/site-packages/dtb_mobile_navigation2-0.0.0-py3.10.egg-info
running install_scripts
writing list of installed files to '/home/geoni/myros2_ws/build/dtb_mobile_navigation2/install.log'
