[1.311s] Invoking command in '/home/geoni/myros2_ws/src/dtb_mobile_navigation2': PYTHONPATH=/home/geoni/myros2_ws/build/dtb_mobile_navigation2/prefix_override:/home/geoni/myros2_ws/install/dtb_mobile_navigation2/lib/python3.10/site-packages:${PYTHONPATH} /usr/bin/python3 -W ignore:setup.py install is deprecated setup.py egg_info --egg-base ../../build/dtb_mobile_navigation2 build --build-base /home/geoni/myros2_ws/build/dtb_mobile_navigation2/build install --record /home/geoni/myros2_ws/build/dtb_mobile_navigation2/install.log --single-version-externally-managed install_data
[1.772s] running egg_info
[1.773s] creating ../../build/dtb_mobile_navigation2/dtb_mobile_navigation2.egg-info
[1.773s] writing ../../build/dtb_mobile_navigation2/dtb_mobile_navigation2.egg-info/PKG-INFO
[1.773s] writing dependency_links to ../../build/dtb_mobile_navigation2/dtb_mobile_navigation2.egg-info/dependency_links.txt
[1.774s] writing entry points to ../../build/dtb_mobile_navigation2/dtb_mobile_navigation2.egg-info/entry_points.txt
[1.774s] writing requirements to ../../build/dtb_mobile_navigation2/dtb_mobile_navigation2.egg-info/requires.txt
[1.774s] writing top-level names to ../../build/dtb_mobile_navigation2/dtb_mobile_navigation2.egg-info/top_level.txt
[1.774s] writing manifest file '../../build/dtb_mobile_navigation2/dtb_mobile_navigation2.egg-info/SOURCES.txt'
[1.777s] reading manifest file '../../build/dtb_mobile_navigation2/dtb_mobile_navigation2.egg-info/SOURCES.txt'
[1.778s] writing manifest file '../../build/dtb_mobile_navigation2/dtb_mobile_navigation2.egg-info/SOURCES.txt'
[1.778s] running build
[1.778s] running build_py
[1.779s] creating /home/geoni/myros2_ws/build/dtb_mobile_navigation2/build
[1.779s] creating /home/geoni/myros2_ws/build/dtb_mobile_navigation2/build/lib
[1.779s] creating /home/geoni/myros2_ws/build/dtb_mobile_navigation2/build/lib/dtb_mobile_navigation2
[1.779s] copying dtb_mobile_navigation2/__init__.py -> /home/geoni/myros2_ws/build/dtb_mobile_navigation2/build/lib/dtb_mobile_navigation2
[1.779s] running install
[1.780s] running install_lib
[1.781s] creating /home/geoni/myros2_ws/install/dtb_mobile_navigation2/lib/python3.10/site-packages/dtb_mobile_navigation2
[1.782s] copying /home/geoni/myros2_ws/build/dtb_mobile_navigation2/build/lib/dtb_mobile_navigation2/__init__.py -> /home/geoni/myros2_ws/install/dtb_mobile_navigation2/lib/python3.10/site-packages/dtb_mobile_navigation2
[1.782s] byte-compiling /home/geoni/myros2_ws/install/dtb_mobile_navigation2/lib/python3.10/site-packages/dtb_mobile_navigation2/__init__.py to __init__.cpython-310.pyc
[1.783s] running install_data
[1.783s] creating /home/geoni/myros2_ws/install/dtb_mobile_navigation2/share/ament_index
[1.783s] creating /home/geoni/myros2_ws/install/dtb_mobile_navigation2/share/ament_index/resource_index
[1.783s] creating /home/geoni/myros2_ws/install/dtb_mobile_navigation2/share/ament_index/resource_index/packages
[1.783s] copying resource/dtb_mobile_navigation2 -> /home/geoni/myros2_ws/install/dtb_mobile_navigation2/share/ament_index/resource_index/packages
[1.783s] copying package.xml -> /home/geoni/myros2_ws/install/dtb_mobile_navigation2/share/dtb_mobile_navigation2
[1.783s] running install_egg_info
[1.786s] Copying ../../build/dtb_mobile_navigation2/dtb_mobile_navigation2.egg-info to /home/geoni/myros2_ws/install/dtb_mobile_navigation2/lib/python3.10/site-packages/dtb_mobile_navigation2-0.0.0-py3.10.egg-info
[1.787s] running install_scripts
[1.820s] writing list of installed files to '/home/geoni/myros2_ws/build/dtb_mobile_navigation2/install.log'
[1.866s] Invoked command in '/home/geoni/myros2_ws/src/dtb_mobile_navigation2' returned '0': PYTHONPATH=/home/geoni/myros2_ws/build/dtb_mobile_navigation2/prefix_override:/home/geoni/myros2_ws/install/dtb_mobile_navigation2/lib/python3.10/site-packages:${PYTHONPATH} /usr/bin/python3 -W ignore:setup.py install is deprecated setup.py egg_info --egg-base ../../build/dtb_mobile_navigation2 build --build-base /home/geoni/myros2_ws/build/dtb_mobile_navigation2/build install --record /home/geoni/myros2_ws/build/dtb_mobile_navigation2/install.log --single-version-externally-managed install_data
