-- Install configuration: ""
-- Up-to-date: /home/geoni/myros2_ws/install/dtb_mobile_navigation/share/dtb_mobile_navigation/launch
-- Up-to-date: /home/geoni/myros2_ws/install/dtb_mobile_navigation/share/dtb_mobile_navigation/launch/geoni_navigation2.launch.py
-- Up-to-date: /home/geoni/myros2_ws/install/dtb_mobile_navigation/share/dtb_mobile_navigation/launch/navigation2.launch.py
-- Up-to-date: /home/geoni/myros2_ws/install/dtb_mobile_navigation/share/dtb_mobile_navigation/maps
-- Up-to-date: /home/geoni/myros2_ws/install/dtb_mobile_navigation/share/dtb_mobile_navigation/maps/map2.pgm
-- Up-to-date: /home/geoni/myros2_ws/install/dtb_mobile_navigation/share/dtb_mobile_navigation/maps/map2.yaml
-- Up-to-date: /home/geoni/myros2_ws/install/dtb_mobile_navigation/share/dtb_mobile_navigation/maps/map.yaml
-- Up-to-date: /home/geoni/myros2_ws/install/dtb_mobile_navigation/share/dtb_mobile_navigation/maps/hanyang_5.yaml
-- Up-to-date: /home/geoni/myros2_ws/install/dtb_mobile_navigation/share/dtb_mobile_navigation/maps/hanyang_5.pgm
-- Up-to-date: /home/geoni/myros2_ws/install/dtb_mobile_navigation/share/dtb_mobile_navigation/maps/map.pgm
-- Up-to-date: /home/geoni/myros2_ws/install/dtb_mobile_navigation/share/dtb_mobile_navigation/rviz
-- Up-to-date: /home/geoni/myros2_ws/install/dtb_mobile_navigation/share/dtb_mobile_navigation/rviz/rviz.rviz
-- Up-to-date: /home/geoni/myros2_ws/install/dtb_mobile_navigation/share/dtb_mobile_navigation/rviz/view_rviz.rviz
-- Up-to-date: /home/geoni/myros2_ws/install/dtb_mobile_navigation/share/dtb_mobile_navigation/config
-- Up-to-date: /home/geoni/myros2_ws/install/dtb_mobile_navigation/share/dtb_mobile_navigation/config/tracer.yaml
-- Up-to-date: /home/geoni/myros2_ws/install/dtb_mobile_navigation/share/dtb_mobile_navigation/config/navigation2_1.yaml
-- Up-to-date: /home/geoni/myros2_ws/install/dtb_mobile_navigation/share/dtb_mobile_navigation/config/navigation2.yaml
-- Up-to-date: /home/geoni/myros2_ws/install/dtb_mobile_navigation/share/ament_index/resource_index/package_run_dependencies/dtb_mobile_navigation
-- Up-to-date: /home/geoni/myros2_ws/install/dtb_mobile_navigation/share/ament_index/resource_index/parent_prefix_path/dtb_mobile_navigation
-- Up-to-date: /home/geoni/myros2_ws/install/dtb_mobile_navigation/share/dtb_mobile_navigation/environment/ament_prefix_path.sh
-- Up-to-date: /home/geoni/myros2_ws/install/dtb_mobile_navigation/share/dtb_mobile_navigation/environment/ament_prefix_path.dsv
-- Up-to-date: /home/geoni/myros2_ws/install/dtb_mobile_navigation/share/dtb_mobile_navigation/environment/path.sh
-- Up-to-date: /home/geoni/myros2_ws/install/dtb_mobile_navigation/share/dtb_mobile_navigation/environment/path.dsv
-- Up-to-date: /home/geoni/myros2_ws/install/dtb_mobile_navigation/share/dtb_mobile_navigation/local_setup.bash
-- Up-to-date: /home/geoni/myros2_ws/install/dtb_mobile_navigation/share/dtb_mobile_navigation/local_setup.sh
-- Up-to-date: /home/geoni/myros2_ws/install/dtb_mobile_navigation/share/dtb_mobile_navigation/local_setup.zsh
-- Up-to-date: /home/geoni/myros2_ws/install/dtb_mobile_navigation/share/dtb_mobile_navigation/local_setup.dsv
-- Up-to-date: /home/geoni/myros2_ws/install/dtb_mobile_navigation/share/dtb_mobile_navigation/package.dsv
-- Up-to-date: /home/geoni/myros2_ws/install/dtb_mobile_navigation/share/ament_index/resource_index/packages/dtb_mobile_navigation
-- Up-to-date: /home/geoni/myros2_ws/install/dtb_mobile_navigation/share/dtb_mobile_navigation/cmake/dtb_mobile_navigationConfig.cmake
-- Up-to-date: /home/geoni/myros2_ws/install/dtb_mobile_navigation/share/dtb_mobile_navigation/cmake/dtb_mobile_navigationConfig-version.cmake
-- Up-to-date: /home/geoni/myros2_ws/install/dtb_mobile_navigation/share/dtb_mobile_navigation/package.xml
