[0.288s] Invoking command in '/home/geoni/myros2_ws/build/dtb_mobile_navigation': CMAKE_PREFIX_PATH=/home/geoni/myros2_ws/install/tracer_base:/home/geoni/myros2_ws/install/dtb_mobile_navigation2:/home/geoni/myros2_ws/install/dtb_mobile_bringup:/home/geoni/ros2_ws/install/dtb_mobile_navigation2:/home/geoni/ros2_ws/install/dtb_mobile_bringup:/opt/ros/humble:/home/geoni/myros2_ws/install/ugv_sdk:/home/geoni/myros2_ws/install/tracer_msgs:/home/geoni/myros2_ws/install/sllidar_ros2:/home/geoni/myros2_ws/install/my_diff_mobile:/home/geoni/myros2_ws/install/dtb_urdf:/home/geoni/myros2_ws/install/dtb_mobile_navigation:/home/geoni/myros2_ws/install/dtb_mobile_cartographer:/home/geoni/ros2_ws/install/tracer_base:/home/geoni/ros2_ws/install/ugv_sdk:/home/geoni/ros2_ws/install/tracer_msgs:/home/geoni/ros2_ws/install/sllidar_ros2:/home/geoni/ros2_ws/install/my_diff_mobile:/home/geoni/ros2_ws/install/dtb_urdf2:/home/geoni/ros2_ws/install/dtb_urdf:/home/geoni/ros2_ws/install/dtb_mobile_navigation:/home/geoni/ros2_ws/install/dtb_mobile_cartographer /usr/bin/cmake --build /home/geoni/myros2_ws/build/dtb_mobile_navigation -- -j16 -l16
[0.520s] Invoked command in '/home/geoni/myros2_ws/build/dtb_mobile_navigation' returned '0': CMAKE_PREFIX_PATH=/home/geoni/myros2_ws/install/tracer_base:/home/geoni/myros2_ws/install/dtb_mobile_navigation2:/home/geoni/myros2_ws/install/dtb_mobile_bringup:/home/geoni/ros2_ws/install/dtb_mobile_navigation2:/home/geoni/ros2_ws/install/dtb_mobile_bringup:/opt/ros/humble:/home/geoni/myros2_ws/install/ugv_sdk:/home/geoni/myros2_ws/install/tracer_msgs:/home/geoni/myros2_ws/install/sllidar_ros2:/home/geoni/myros2_ws/install/my_diff_mobile:/home/geoni/myros2_ws/install/dtb_urdf:/home/geoni/myros2_ws/install/dtb_mobile_navigation:/home/geoni/myros2_ws/install/dtb_mobile_cartographer:/home/geoni/ros2_ws/install/tracer_base:/home/geoni/ros2_ws/install/ugv_sdk:/home/geoni/ros2_ws/install/tracer_msgs:/home/geoni/ros2_ws/install/sllidar_ros2:/home/geoni/ros2_ws/install/my_diff_mobile:/home/geoni/ros2_ws/install/dtb_urdf2:/home/geoni/ros2_ws/install/dtb_urdf:/home/geoni/ros2_ws/install/dtb_mobile_navigation:/home/geoni/ros2_ws/install/dtb_mobile_cartographer /usr/bin/cmake --build /home/geoni/myros2_ws/build/dtb_mobile_navigation -- -j16 -l16
[0.556s] Invoking command in '/home/geoni/myros2_ws/build/dtb_mobile_navigation': CMAKE_PREFIX_PATH=/home/geoni/myros2_ws/install/tracer_base:/home/geoni/myros2_ws/install/dtb_mobile_navigation2:/home/geoni/myros2_ws/install/dtb_mobile_bringup:/home/geoni/ros2_ws/install/dtb_mobile_navigation2:/home/geoni/ros2_ws/install/dtb_mobile_bringup:/opt/ros/humble:/home/geoni/myros2_ws/install/ugv_sdk:/home/geoni/myros2_ws/install/tracer_msgs:/home/geoni/myros2_ws/install/sllidar_ros2:/home/geoni/myros2_ws/install/my_diff_mobile:/home/geoni/myros2_ws/install/dtb_urdf:/home/geoni/myros2_ws/install/dtb_mobile_navigation:/home/geoni/myros2_ws/install/dtb_mobile_cartographer:/home/geoni/ros2_ws/install/tracer_base:/home/geoni/ros2_ws/install/ugv_sdk:/home/geoni/ros2_ws/install/tracer_msgs:/home/geoni/ros2_ws/install/sllidar_ros2:/home/geoni/ros2_ws/install/my_diff_mobile:/home/geoni/ros2_ws/install/dtb_urdf2:/home/geoni/ros2_ws/install/dtb_urdf:/home/geoni/ros2_ws/install/dtb_mobile_navigation:/home/geoni/ros2_ws/install/dtb_mobile_cartographer /usr/bin/cmake --install /home/geoni/myros2_ws/build/dtb_mobile_navigation
[0.572s] -- Install configuration: ""
[0.573s] -- Up-to-date: /home/geoni/myros2_ws/install/dtb_mobile_navigation/share/dtb_mobile_navigation/launch
[0.573s] -- Up-to-date: /home/geoni/myros2_ws/install/dtb_mobile_navigation/share/dtb_mobile_navigation/launch/geoni_navigation2.launch.py
[0.573s] -- Up-to-date: /home/geoni/myros2_ws/install/dtb_mobile_navigation/share/dtb_mobile_navigation/launch/navigation2.launch.py
[0.573s] -- Up-to-date: /home/geoni/myros2_ws/install/dtb_mobile_navigation/share/dtb_mobile_navigation/maps
[0.573s] -- Up-to-date: /home/geoni/myros2_ws/install/dtb_mobile_navigation/share/dtb_mobile_navigation/maps/map2.pgm
[0.573s] -- Up-to-date: /home/geoni/myros2_ws/install/dtb_mobile_navigation/share/dtb_mobile_navigation/maps/map2.yaml
[0.573s] -- Up-to-date: /home/geoni/myros2_ws/install/dtb_mobile_navigation/share/dtb_mobile_navigation/maps/map.yaml
[0.574s] -- Up-to-date: /home/geoni/myros2_ws/install/dtb_mobile_navigation/share/dtb_mobile_navigation/maps/hanyang_5.yaml
[0.574s] -- Up-to-date: /home/geoni/myros2_ws/install/dtb_mobile_navigation/share/dtb_mobile_navigation/maps/hanyang_5.pgm
[0.574s] -- Up-to-date: /home/geoni/myros2_ws/install/dtb_mobile_navigation/share/dtb_mobile_navigation/maps/map.pgm
[0.574s] -- Up-to-date: /home/geoni/myros2_ws/install/dtb_mobile_navigation/share/dtb_mobile_navigation/rviz
[0.574s] -- Up-to-date: /home/geoni/myros2_ws/install/dtb_mobile_navigation/share/dtb_mobile_navigation/rviz/rviz.rviz
[0.574s] -- Up-to-date: /home/geoni/myros2_ws/install/dtb_mobile_navigation/share/dtb_mobile_navigation/rviz/view_rviz.rviz
[0.574s] -- Up-to-date: /home/geoni/myros2_ws/install/dtb_mobile_navigation/share/dtb_mobile_navigation/config
[0.575s] -- Up-to-date: /home/geoni/myros2_ws/install/dtb_mobile_navigation/share/dtb_mobile_navigation/config/tracer.yaml
[0.575s] -- Installing: /home/geoni/myros2_ws/install/dtb_mobile_navigation/share/dtb_mobile_navigation/config/navigation2_1.yaml
[0.575s] -- Up-to-date: /home/geoni/myros2_ws/install/dtb_mobile_navigation/share/dtb_mobile_navigation/config/navigation2.yaml
[0.575s] -- Up-to-date: /home/geoni/myros2_ws/install/dtb_mobile_navigation/share/ament_index/resource_index/package_run_dependencies/dtb_mobile_navigation
[0.576s] -- Up-to-date: /home/geoni/myros2_ws/install/dtb_mobile_navigation/share/ament_index/resource_index/parent_prefix_path/dtb_mobile_navigation
[0.576s] -- Up-to-date: /home/geoni/myros2_ws/install/dtb_mobile_navigation/share/dtb_mobile_navigation/environment/ament_prefix_path.sh
[0.576s] -- Up-to-date: /home/geoni/myros2_ws/install/dtb_mobile_navigation/share/dtb_mobile_navigation/environment/ament_prefix_path.dsv
[0.576s] -- Up-to-date: /home/geoni/myros2_ws/install/dtb_mobile_navigation/share/dtb_mobile_navigation/environment/path.sh
[0.576s] -- Up-to-date: /home/geoni/myros2_ws/install/dtb_mobile_navigation/share/dtb_mobile_navigation/environment/path.dsv
[0.576s] -- Up-to-date: /home/geoni/myros2_ws/install/dtb_mobile_navigation/share/dtb_mobile_navigation/local_setup.bash
[0.576s] -- Up-to-date: /home/geoni/myros2_ws/install/dtb_mobile_navigation/share/dtb_mobile_navigation/local_setup.sh
[0.576s] -- Up-to-date: /home/geoni/myros2_ws/install/dtb_mobile_navigation/share/dtb_mobile_navigation/local_setup.zsh
[0.577s] -- Up-to-date: /home/geoni/myros2_ws/install/dtb_mobile_navigation/share/dtb_mobile_navigation/local_setup.dsv
[0.577s] -- Installing: /home/geoni/myros2_ws/install/dtb_mobile_navigation/share/dtb_mobile_navigation/package.dsv
[0.577s] -- Up-to-date: /home/geoni/myros2_ws/install/dtb_mobile_navigation/share/ament_index/resource_index/packages/dtb_mobile_navigation
[0.577s] -- Up-to-date: /home/geoni/myros2_ws/install/dtb_mobile_navigation/share/dtb_mobile_navigation/cmake/dtb_mobile_navigationConfig.cmake
[0.577s] -- Up-to-date: /home/geoni/myros2_ws/install/dtb_mobile_navigation/share/dtb_mobile_navigation/cmake/dtb_mobile_navigationConfig-version.cmake
[0.577s] -- Up-to-date: /home/geoni/myros2_ws/install/dtb_mobile_navigation/share/dtb_mobile_navigation/package.xml
[0.600s] Invoked command in '/home/geoni/myros2_ws/build/dtb_mobile_navigation' returned '0': CMAKE_PREFIX_PATH=/home/geoni/myros2_ws/install/tracer_base:/home/geoni/myros2_ws/install/dtb_mobile_navigation2:/home/geoni/myros2_ws/install/dtb_mobile_bringup:/home/geoni/ros2_ws/install/dtb_mobile_navigation2:/home/geoni/ros2_ws/install/dtb_mobile_bringup:/opt/ros/humble:/home/geoni/myros2_ws/install/ugv_sdk:/home/geoni/myros2_ws/install/tracer_msgs:/home/geoni/myros2_ws/install/sllidar_ros2:/home/geoni/myros2_ws/install/my_diff_mobile:/home/geoni/myros2_ws/install/dtb_urdf:/home/geoni/myros2_ws/install/dtb_mobile_navigation:/home/geoni/myros2_ws/install/dtb_mobile_cartographer:/home/geoni/ros2_ws/install/tracer_base:/home/geoni/ros2_ws/install/ugv_sdk:/home/geoni/ros2_ws/install/tracer_msgs:/home/geoni/ros2_ws/install/sllidar_ros2:/home/geoni/ros2_ws/install/my_diff_mobile:/home/geoni/ros2_ws/install/dtb_urdf2:/home/geoni/ros2_ws/install/dtb_urdf:/home/geoni/ros2_ws/install/dtb_mobile_navigation:/home/geoni/ros2_ws/install/dtb_mobile_cartographer /usr/bin/cmake --install /home/geoni/myros2_ws/build/dtb_mobile_navigation
