[0.517s] Invoking command in '/home/geoni/myros2_ws/build/sllidar_ros2': CMAKE_PREFIX_PATH=/home/geoni/myros2_ws/install/tracer_base:/home/geoni/myros2_ws/install/dtb_mobile_navigation2:/home/geoni/myros2_ws/install/dtb_mobile_bringup:/home/geoni/ros2_ws/install/dtb_mobile_navigation2:/home/geoni/ros2_ws/install/dtb_mobile_bringup:/opt/ros/humble:/home/geoni/myros2_ws/install/ugv_sdk:/home/geoni/myros2_ws/install/tracer_msgs:/home/geoni/myros2_ws/install/sllidar_ros2:/home/geoni/myros2_ws/install/my_diff_mobile:/home/geoni/myros2_ws/install/dtb_urdf:/home/geoni/myros2_ws/install/dtb_mobile_navigation:/home/geoni/myros2_ws/install/dtb_mobile_cartographer:/home/geoni/ros2_ws/install/tracer_base:/home/geoni/ros2_ws/install/ugv_sdk:/home/geoni/ros2_ws/install/tracer_msgs:/home/geoni/ros2_ws/install/sllidar_ros2:/home/geoni/ros2_ws/install/my_diff_mobile:/home/geoni/ros2_ws/install/dtb_urdf2:/home/geoni/ros2_ws/install/dtb_urdf:/home/geoni/ros2_ws/install/dtb_mobile_navigation:/home/geoni/ros2_ws/install/dtb_mobile_cartographer /usr/bin/cmake --build /home/geoni/myros2_ws/build/sllidar_ros2 -- -j16 -l16
[0.559s] [35m[1mConsolidate compiler generated dependencies of target sllidar_client[0m
[0.566s] [35m[1mConsolidate compiler generated dependencies of target sllidar_node[0m
[0.588s] [ 10%] Built target sllidar_client
[0.605s] [100%] Built target sllidar_node
[0.630s] Invoked command in '/home/geoni/myros2_ws/build/sllidar_ros2' returned '0': CMAKE_PREFIX_PATH=/home/geoni/myros2_ws/install/tracer_base:/home/geoni/myros2_ws/install/dtb_mobile_navigation2:/home/geoni/myros2_ws/install/dtb_mobile_bringup:/home/geoni/ros2_ws/install/dtb_mobile_navigation2:/home/geoni/ros2_ws/install/dtb_mobile_bringup:/opt/ros/humble:/home/geoni/myros2_ws/install/ugv_sdk:/home/geoni/myros2_ws/install/tracer_msgs:/home/geoni/myros2_ws/install/sllidar_ros2:/home/geoni/myros2_ws/install/my_diff_mobile:/home/geoni/myros2_ws/install/dtb_urdf:/home/geoni/myros2_ws/install/dtb_mobile_navigation:/home/geoni/myros2_ws/install/dtb_mobile_cartographer:/home/geoni/ros2_ws/install/tracer_base:/home/geoni/ros2_ws/install/ugv_sdk:/home/geoni/ros2_ws/install/tracer_msgs:/home/geoni/ros2_ws/install/sllidar_ros2:/home/geoni/ros2_ws/install/my_diff_mobile:/home/geoni/ros2_ws/install/dtb_urdf2:/home/geoni/ros2_ws/install/dtb_urdf:/home/geoni/ros2_ws/install/dtb_mobile_navigation:/home/geoni/ros2_ws/install/dtb_mobile_cartographer /usr/bin/cmake --build /home/geoni/myros2_ws/build/sllidar_ros2 -- -j16 -l16
[0.707s] Invoking command in '/home/geoni/myros2_ws/build/sllidar_ros2': CMAKE_PREFIX_PATH=/home/geoni/myros2_ws/install/tracer_base:/home/geoni/myros2_ws/install/dtb_mobile_navigation2:/home/geoni/myros2_ws/install/dtb_mobile_bringup:/home/geoni/ros2_ws/install/dtb_mobile_navigation2:/home/geoni/ros2_ws/install/dtb_mobile_bringup:/opt/ros/humble:/home/geoni/myros2_ws/install/ugv_sdk:/home/geoni/myros2_ws/install/tracer_msgs:/home/geoni/myros2_ws/install/sllidar_ros2:/home/geoni/myros2_ws/install/my_diff_mobile:/home/geoni/myros2_ws/install/dtb_urdf:/home/geoni/myros2_ws/install/dtb_mobile_navigation:/home/geoni/myros2_ws/install/dtb_mobile_cartographer:/home/geoni/ros2_ws/install/tracer_base:/home/geoni/ros2_ws/install/ugv_sdk:/home/geoni/ros2_ws/install/tracer_msgs:/home/geoni/ros2_ws/install/sllidar_ros2:/home/geoni/ros2_ws/install/my_diff_mobile:/home/geoni/ros2_ws/install/dtb_urdf2:/home/geoni/ros2_ws/install/dtb_urdf:/home/geoni/ros2_ws/install/dtb_mobile_navigation:/home/geoni/ros2_ws/install/dtb_mobile_cartographer /usr/bin/cmake --install /home/geoni/myros2_ws/build/sllidar_ros2
[0.714s] -- Install configuration: ""
[0.714s] -- Up-to-date: /home/geoni/myros2_ws/install/sllidar_ros2/share/sllidar_ros2/launch
[0.714s] -- Up-to-date: /home/geoni/myros2_ws/install/sllidar_ros2/share/sllidar_ros2/launch/view_sllidar_a2m7_launch.py
[0.714s] -- Up-to-date: /home/geoni/myros2_ws/install/sllidar_ros2/share/sllidar_ros2/launch/view_sllidar_s2_launch.py
[0.714s] -- Up-to-date: /home/geoni/myros2_ws/install/sllidar_ros2/share/sllidar_ros2/launch/view_sllidar_t1_launch.py
[0.715s] -- Up-to-date: /home/geoni/myros2_ws/install/sllidar_ros2/share/sllidar_ros2/launch/view_sllidar_s1_tcp_launch.py
[0.715s] -- Up-to-date: /home/geoni/myros2_ws/install/sllidar_ros2/share/sllidar_ros2/launch/view_sllidar_s1_launch.py
[0.715s] -- Up-to-date: /home/geoni/myros2_ws/install/sllidar_ros2/share/sllidar_ros2/launch/sllidar_s1_tcp_launch.py
[0.715s] -- Up-to-date: /home/geoni/myros2_ws/install/sllidar_ros2/share/sllidar_ros2/launch/sllidar_s3_launch.py
[0.716s] -- Up-to-date: /home/geoni/myros2_ws/install/sllidar_ros2/share/sllidar_ros2/launch/sllidar_a3_launch.py
[0.716s] -- Up-to-date: /home/geoni/myros2_ws/install/sllidar_ros2/share/sllidar_ros2/launch/sllidar_a2m12_launch .py
[0.716s] -- Up-to-date: /home/geoni/myros2_ws/install/sllidar_ros2/share/sllidar_ros2/launch/sllidar_s2_launch.py
[0.716s] -- Up-to-date: /home/geoni/myros2_ws/install/sllidar_ros2/share/sllidar_ros2/launch/sllidar_s2e_launch.py
[0.716s] -- Up-to-date: /home/geoni/myros2_ws/install/sllidar_ros2/share/sllidar_ros2/launch/view_sllidar_s3_launch.py
[0.716s] -- Up-to-date: /home/geoni/myros2_ws/install/sllidar_ros2/share/sllidar_ros2/launch/view_sllidar_a1_launch.py
[0.716s] -- Up-to-date: /home/geoni/myros2_ws/install/sllidar_ros2/share/sllidar_ros2/launch/view_sllidar_a2m12_launch.py
[0.717s] -- Up-to-date: /home/geoni/myros2_ws/install/sllidar_ros2/share/sllidar_ros2/launch/sllidar_s1_launch.py
[0.717s] -- Up-to-date: /home/geoni/myros2_ws/install/sllidar_ros2/share/sllidar_ros2/launch/sllidar_c1_launch.py
[0.717s] -- Up-to-date: /home/geoni/myros2_ws/install/sllidar_ros2/share/sllidar_ros2/launch/view_sllidar_a2m8_launch.py
[0.717s] -- Up-to-date: /home/geoni/myros2_ws/install/sllidar_ros2/share/sllidar_ros2/launch/view_sllidar_s2e_launch.py
[0.718s] -- Up-to-date: /home/geoni/myros2_ws/install/sllidar_ros2/share/sllidar_ros2/launch/view_sllidar_c1_launch.py
[0.719s] -- Up-to-date: /home/geoni/myros2_ws/install/sllidar_ros2/share/sllidar_ros2/launch/view_sllidar_a3_launch.py
[0.719s] -- Up-to-date: /home/geoni/myros2_ws/install/sllidar_ros2/share/sllidar_ros2/launch/sllidar_a2m8_launch.py
[0.719s] -- Up-to-date: /home/geoni/myros2_ws/install/sllidar_ros2/share/sllidar_ros2/launch/sllidar_a2m7_launch.py
[0.720s] -- Up-to-date: /home/geoni/myros2_ws/install/sllidar_ros2/share/sllidar_ros2/launch/sllidar_a1_launch.py
[0.720s] -- Up-to-date: /home/geoni/myros2_ws/install/sllidar_ros2/share/sllidar_ros2/launch/sllidar_t1_launch.py
[0.720s] -- Up-to-date: /home/geoni/myros2_ws/install/sllidar_ros2/share/sllidar_ros2/rviz
[0.720s] -- Up-to-date: /home/geoni/myros2_ws/install/sllidar_ros2/share/sllidar_ros2/rviz/sllidar_ros2.rviz
[0.720s] -- Up-to-date: /home/geoni/myros2_ws/install/sllidar_ros2/lib/sllidar_ros2/sllidar_node
[0.720s] -- Up-to-date: /home/geoni/myros2_ws/install/sllidar_ros2/lib/sllidar_ros2/sllidar_client
[0.720s] -- Up-to-date: /home/geoni/myros2_ws/install/sllidar_ros2/share/ament_index/resource_index/package_run_dependencies/sllidar_ros2
[0.720s] -- Up-to-date: /home/geoni/myros2_ws/install/sllidar_ros2/share/ament_index/resource_index/parent_prefix_path/sllidar_ros2
[0.720s] -- Up-to-date: /home/geoni/myros2_ws/install/sllidar_ros2/share/sllidar_ros2/environment/ament_prefix_path.sh
[0.721s] -- Up-to-date: /home/geoni/myros2_ws/install/sllidar_ros2/share/sllidar_ros2/environment/ament_prefix_path.dsv
[0.721s] -- Up-to-date: /home/geoni/myros2_ws/install/sllidar_ros2/share/sllidar_ros2/environment/path.sh
[0.721s] -- Up-to-date: /home/geoni/myros2_ws/install/sllidar_ros2/share/sllidar_ros2/environment/path.dsv
[0.721s] -- Up-to-date: /home/geoni/myros2_ws/install/sllidar_ros2/share/sllidar_ros2/local_setup.bash
[0.721s] -- Up-to-date: /home/geoni/myros2_ws/install/sllidar_ros2/share/sllidar_ros2/local_setup.sh
[0.721s] -- Up-to-date: /home/geoni/myros2_ws/install/sllidar_ros2/share/sllidar_ros2/local_setup.zsh
[0.721s] -- Up-to-date: /home/geoni/myros2_ws/install/sllidar_ros2/share/sllidar_ros2/local_setup.dsv
[0.721s] -- Installing: /home/geoni/myros2_ws/install/sllidar_ros2/share/sllidar_ros2/package.dsv
[0.721s] -- Up-to-date: /home/geoni/myros2_ws/install/sllidar_ros2/share/ament_index/resource_index/packages/sllidar_ros2
[0.721s] -- Up-to-date: /home/geoni/myros2_ws/install/sllidar_ros2/share/sllidar_ros2/cmake/ament_cmake_export_dependencies-extras.cmake
[0.722s] -- Up-to-date: /home/geoni/myros2_ws/install/sllidar_ros2/share/sllidar_ros2/cmake/ament_cmake_export_include_directories-extras.cmake
[0.722s] -- Up-to-date: /home/geoni/myros2_ws/install/sllidar_ros2/share/sllidar_ros2/cmake/sllidar_ros2Config.cmake
[0.722s] -- Up-to-date: /home/geoni/myros2_ws/install/sllidar_ros2/share/sllidar_ros2/cmake/sllidar_ros2Config-version.cmake
[0.722s] -- Up-to-date: /home/geoni/myros2_ws/install/sllidar_ros2/share/sllidar_ros2/package.xml
[0.722s] Invoked command in '/home/geoni/myros2_ws/build/sllidar_ros2' returned '0': CMAKE_PREFIX_PATH=/home/geoni/myros2_ws/install/tracer_base:/home/geoni/myros2_ws/install/dtb_mobile_navigation2:/home/geoni/myros2_ws/install/dtb_mobile_bringup:/home/geoni/ros2_ws/install/dtb_mobile_navigation2:/home/geoni/ros2_ws/install/dtb_mobile_bringup:/opt/ros/humble:/home/geoni/myros2_ws/install/ugv_sdk:/home/geoni/myros2_ws/install/tracer_msgs:/home/geoni/myros2_ws/install/sllidar_ros2:/home/geoni/myros2_ws/install/my_diff_mobile:/home/geoni/myros2_ws/install/dtb_urdf:/home/geoni/myros2_ws/install/dtb_mobile_navigation:/home/geoni/myros2_ws/install/dtb_mobile_cartographer:/home/geoni/ros2_ws/install/tracer_base:/home/geoni/ros2_ws/install/ugv_sdk:/home/geoni/ros2_ws/install/tracer_msgs:/home/geoni/ros2_ws/install/sllidar_ros2:/home/geoni/ros2_ws/install/my_diff_mobile:/home/geoni/ros2_ws/install/dtb_urdf2:/home/geoni/ros2_ws/install/dtb_urdf:/home/geoni/ros2_ws/install/dtb_mobile_navigation:/home/geoni/ros2_ws/install/dtb_mobile_cartographer /usr/bin/cmake --install /home/geoni/myros2_ws/build/sllidar_ros2
