[0.051s] Invoking command in '/home/geoni/myros2_ws/build/ugv_sdk': /usr/bin/cmake /home/geoni/myros2_ws/src/ugv_sdk -DCATKIN_INSTALL_INTO_PREFIX_ROOT=0 -DCMAKE_INSTALL_PREFIX=/home/geoni/myros2_ws/install/ugv_sdk
[0.624s] -- The C compiler identification is GNU 11.4.0
[0.624s] -- The CXX compiler identification is GNU 11.4.0
[0.624s] -- Detecting C compiler ABI info
[0.624s] -- Detecting C compiler ABI info - done
[0.624s] -- Check for working C compiler: /usr/bin/cc - skipped
[0.624s] -- Detecting C compile features
[0.624s] -- Detecting C compile features - done
[0.625s] -- Detecting CXX compiler ABI info
[0.625s] -- Detecting CXX compiler ABI info - done
[0.625s] -- Check for working CXX compiler: /usr/bin/c++ - skipped
[0.625s] -- Detecting CXX compile features
[0.625s] -- Detecting CXX compile features - done
[0.625s] -- Build package with cmake
[0.625s] -- Setting build type to 'Release' as none was specified.
[0.625s] -- Tests will not be built
[0.625s] -- Looking for pthread.h
[0.625s] -- Looking for pthread.h - found
[0.625s] -- Performing Test CMAKE_HAVE_LIBC_PTHREAD
[0.625s] -- Performing Test CMAKE_HAVE_LIBC_PTHREAD - Success
[0.625s] -- Found Threads: TRUE  
[0.626s] -- Project will be installed to /home/geoni/myros2_ws/install/ugv_sdk with 'make install'
[0.626s] --  - To install LIB components to /home/geoni/myros2_ws/install/ugv_sdk/lib
[0.626s] --  - To install BIN components to /home/geoni/myros2_ws/install/ugv_sdk/bin
[0.626s] --  - To install INCLUDE components to /home/geoni/myros2_ws/install/ugv_sdk/include
[0.626s] --  - To install CMAKE components to /home/geoni/myros2_ws/install/ugv_sdk/share/cmake/ugv_sdk
[0.626s] -- Configuring done
[0.626s] -- Generating done
[0.626s] -- Build files have been written to: /home/geoni/myros2_ws/build/ugv_sdk
[0.627s] [33mCMake Warning:
[0.627s]   Manually-specified variables were not used by the project:
[0.627s] 
[0.627s]     CATKIN_INSTALL_INTO_PREFIX_ROOT
[0.627s] 
[0.627s] [0m
[0.647s] Invoked command in '/home/geoni/myros2_ws/build/ugv_sdk' returned '0': /usr/bin/cmake /home/geoni/myros2_ws/src/ugv_sdk -DCATKIN_INSTALL_INTO_PREFIX_ROOT=0 -DCMAKE_INSTALL_PREFIX=/home/geoni/myros2_ws/install/ugv_sdk
[0.650s] Invoking command in '/home/geoni/myros2_ws/build/ugv_sdk': /usr/bin/cmake --build /home/geoni/myros2_ws/build/ugv_sdk -- -j16 -l16
[0.711s] [  3%] [32mBuilding CXX object CMakeFiles/ugv_sdk.dir/src/async_port/async_serial.cpp.o[0m
[0.715s] [  7%] [32mBuilding CXX object CMakeFiles/ugv_sdk.dir/src/async_port/async_can.cpp.o[0m
[0.716s] [ 14%] [32mBuilding CXX object CMakeFiles/ugv_sdk.dir/src/mobile_robot/ranger_robot.cpp.o[0m
[0.716s] [ 14%] [32mBuilding CXX object CMakeFiles/ugv_sdk.dir/src/mobile_robot/scout_robot.cpp.o[0m
[0.716s] [ 18%] [32mBuilding CXX object CMakeFiles/ugv_sdk.dir/src/mobile_robot/bunker_robot.cpp.o[0m
[0.716s] [ 22%] [32mBuilding CXX object CMakeFiles/ugv_sdk.dir/src/utilities/protocol_detector.cpp.o[0m
[0.717s] [ 25%] [32mBuilding CXX object CMakeFiles/ugv_sdk.dir/src/mobile_robot/hunter_robot.cpp.o[0m
[0.732s] [ 29%] [32mBuilding C object CMakeFiles/ugv_sdk.dir/src/protocol_v2/agilex_msg_parser_v2.c.o[0m
[0.744s] [ 33%] [32mBuilding CXX object CMakeFiles/ugv_sdk.dir/src/protocol_v2/protocol_v2_parser.cpp.o[0m
[0.784s] [ 37%] [32mBuilding C object CMakeFiles/ugv_sdk.dir/src/protocol_v1/agilex_msg_parser_v1.c.o[0m
[5.881s] [ 40%] [32m[1mLinking CXX static library lib/libugv_sdk.a[0m
[5.957s] [ 40%] Built target ugv_sdk
[5.987s] [ 48%] [32mBuilding CXX object sample/scout_demo/CMakeFiles/demo_scout_mini_omni_robot.dir/scout_mini_omni_demo.cpp.o[0m
[5.988s] [ 48%] [32mBuilding CXX object sample/scout_demo/CMakeFiles/demo_scout_robot.dir/scout_robot_demo.cpp.o[0m
[5.988s] [ 59%] [32mBuilding CXX object sample/utils_demo/CMakeFiles/demo_protocol_detector.dir/demo_protocol_detector.cpp.o[0m
[5.988s] [ 59%] [32mBuilding CXX object sample/ranger_demo/CMakeFiles/demo_ranger_robot.dir/ranger_robot_demo.cpp.o[0m
[5.988s] [ 59%] [32mBuilding CXX object sample/hunter_demo/CMakeFiles/demo_hunter_robot.dir/hunter_robot_demo.cpp.o[0m
[5.991s] [ 62%] [32mBuilding CXX object sample/utils_demo/CMakeFiles/demo_robot_version.dir/demo_robot_version.cpp.o[0m
[5.991s] [ 66%] [32mBuilding CXX object sample/bunker_demo/CMakeFiles/demo_bunker_robot.dir/bunker_robot_demo.cpp.o[0m
[5.992s] [ 70%] [32mBuilding CXX object sample/tracer_demo/CMakeFiles/demo_tracer_robot.dir/tracer_robot_demo.cpp.o[0m
[6.599s] [ 74%] [32m[1mLinking CXX executable ../../bin/demo_bunker_robot[0m
[6.714s] [ 74%] Built target demo_bunker_robot
[7.171s] [ 77%] [32m[1mLinking CXX executable ../../bin/demo_protocol_detector[0m
[7.311s] [ 81%] [32m[1mLinking CXX executable ../../bin/demo_hunter_robot[0m
[7.325s] [ 81%] Built target demo_protocol_detector
[7.372s] [ 85%] [32m[1mLinking CXX executable ../../bin/demo_scout_mini_omni_robot[0m
[7.471s] [ 85%] Built target demo_hunter_robot
[7.495s] [ 85%] Built target demo_scout_mini_omni_robot
[7.751s] [ 88%] [32m[1mLinking CXX executable ../../bin/demo_robot_version[0m
[7.791s] [ 92%] [32m[1mLinking CXX executable ../../bin/demo_scout_robot[0m
[7.872s] [ 92%] Built target demo_robot_version
[7.893s] [ 92%] Built target demo_scout_robot
[8.068s] [ 96%] [32m[1mLinking CXX executable ../../bin/demo_tracer_robot[0m
[8.107s] [100%] [32m[1mLinking CXX executable ../../bin/demo_ranger_robot[0m
[8.150s] [100%] Built target demo_tracer_robot
[8.210s] [100%] Built target demo_ranger_robot
[8.231s] Invoked command in '/home/geoni/myros2_ws/build/ugv_sdk' returned '0': /usr/bin/cmake --build /home/geoni/myros2_ws/build/ugv_sdk -- -j16 -l16
[8.313s] Invoking command in '/home/geoni/myros2_ws/build/ugv_sdk': /usr/bin/cmake --install /home/geoni/myros2_ws/build/ugv_sdk
[8.321s] -- Install configuration: "Release"
[8.321s] -- Installing: /home/geoni/myros2_ws/install/ugv_sdk/lib/libugv_sdk.a
[8.323s] -- Installing: /home/geoni/myros2_ws/install/ugv_sdk/include/ugv_sdk
[8.323s] -- Installing: /home/geoni/myros2_ws/install/ugv_sdk/include/ugv_sdk/details
[8.323s] -- Installing: /home/geoni/myros2_ws/install/ugv_sdk/include/ugv_sdk/details/protocol_v2
[8.323s] -- Installing: /home/geoni/myros2_ws/install/ugv_sdk/include/ugv_sdk/details/protocol_v2/protocol_v2_parser.hpp
[8.324s] -- Installing: /home/geoni/myros2_ws/install/ugv_sdk/include/ugv_sdk/details/protocol_v1
[8.324s] -- Installing: /home/geoni/myros2_ws/install/ugv_sdk/include/ugv_sdk/details/protocol_v1/protocol_v1_parser.hpp
[8.324s] -- Installing: /home/geoni/myros2_ws/install/ugv_sdk/include/ugv_sdk/details/protocol_v1/robot_limits.hpp
[8.324s] -- Installing: /home/geoni/myros2_ws/install/ugv_sdk/include/ugv_sdk/details/protocol_v1/agilex_msg_parser_v1.h
[8.324s] -- Installing: /home/geoni/myros2_ws/install/ugv_sdk/include/ugv_sdk/details/async_port
[8.324s] -- Installing: /home/geoni/myros2_ws/install/ugv_sdk/include/ugv_sdk/details/async_port/async_can.hpp
[8.324s] -- Installing: /home/geoni/myros2_ws/install/ugv_sdk/include/ugv_sdk/details/async_port/ring_buffer.hpp
[8.324s] -- Installing: /home/geoni/myros2_ws/install/ugv_sdk/include/ugv_sdk/details/async_port/async_serial.hpp
[8.324s] -- Installing: /home/geoni/myros2_ws/install/ugv_sdk/include/ugv_sdk/details/interface
[8.324s] -- Installing: /home/geoni/myros2_ws/install/ugv_sdk/include/ugv_sdk/details/interface/bunker_interface.hpp
[8.324s] -- Installing: /home/geoni/myros2_ws/install/ugv_sdk/include/ugv_sdk/details/interface/hunter_interface.hpp
[8.325s] -- Installing: /home/geoni/myros2_ws/install/ugv_sdk/include/ugv_sdk/details/interface/robot_common_interface.hpp
[8.325s] -- Installing: /home/geoni/myros2_ws/install/ugv_sdk/include/ugv_sdk/details/interface/ranger_interface.hpp
[8.325s] -- Installing: /home/geoni/myros2_ws/install/ugv_sdk/include/ugv_sdk/details/interface/agilex_types.h
[8.325s] -- Installing: /home/geoni/myros2_ws/install/ugv_sdk/include/ugv_sdk/details/interface/tracer_interface.hpp
[8.325s] -- Installing: /home/geoni/myros2_ws/install/ugv_sdk/include/ugv_sdk/details/interface/scout_interface.hpp
[8.325s] -- Installing: /home/geoni/myros2_ws/install/ugv_sdk/include/ugv_sdk/details/interface/agilex_message.h
[8.325s] -- Installing: /home/geoni/myros2_ws/install/ugv_sdk/include/ugv_sdk/details/robot_base
[8.325s] -- Installing: /home/geoni/myros2_ws/install/ugv_sdk/include/ugv_sdk/details/robot_base/bunker_base.hpp
[8.325s] -- Installing: /home/geoni/myros2_ws/install/ugv_sdk/include/ugv_sdk/details/robot_base/scout_base.hpp
[8.326s] -- Installing: /home/geoni/myros2_ws/install/ugv_sdk/include/ugv_sdk/details/robot_base/tracer_base.hpp
[8.326s] -- Installing: /home/geoni/myros2_ws/install/ugv_sdk/include/ugv_sdk/details/robot_base/agilex_base.hpp
[8.326s] -- Installing: /home/geoni/myros2_ws/install/ugv_sdk/include/ugv_sdk/details/robot_base/ranger_base.hpp
[8.326s] -- Installing: /home/geoni/myros2_ws/install/ugv_sdk/include/ugv_sdk/details/robot_base/hunter_base.hpp
[8.326s] -- Installing: /home/geoni/myros2_ws/install/ugv_sdk/include/ugv_sdk/details/parser_base.hpp
[8.326s] -- Installing: /home/geoni/myros2_ws/install/ugv_sdk/include/ugv_sdk/mobile_robot
[8.326s] -- Installing: /home/geoni/myros2_ws/install/ugv_sdk/include/ugv_sdk/mobile_robot/ranger_robot.hpp
[8.326s] -- Installing: /home/geoni/myros2_ws/install/ugv_sdk/include/ugv_sdk/mobile_robot/bunker_robot.hpp
[8.326s] -- Installing: /home/geoni/myros2_ws/install/ugv_sdk/include/ugv_sdk/mobile_robot/scout_robot.hpp
[8.326s] -- Installing: /home/geoni/myros2_ws/install/ugv_sdk/include/ugv_sdk/mobile_robot/hunter_robot.hpp
[8.326s] -- Installing: /home/geoni/myros2_ws/install/ugv_sdk/include/ugv_sdk/mobile_robot/tracer_robot.hpp
[8.326s] -- Installing: /home/geoni/myros2_ws/install/ugv_sdk/include/ugv_sdk/utilities
[8.327s] -- Installing: /home/geoni/myros2_ws/install/ugv_sdk/include/ugv_sdk/utilities/protocol_detector.hpp
[8.327s] -- Installing: /home/geoni/myros2_ws/install/ugv_sdk/lib/cmake/ugv_sdk/ugv_sdkTargets.cmake
[8.327s] -- Installing: /home/geoni/myros2_ws/install/ugv_sdk/lib/cmake/ugv_sdk/ugv_sdkTargets-release.cmake
[8.327s] -- Installing: /home/geoni/myros2_ws/install/ugv_sdk/lib/cmake/ugv_sdk/ugv_sdkConfig.cmake
[8.327s] -- Installing: /home/geoni/myros2_ws/install/ugv_sdk/lib/cmake/ugv_sdk/ugv_sdkConfigVersion.cmake
[8.328s] Invoked command in '/home/geoni/myros2_ws/build/ugv_sdk' returned '0': /usr/bin/cmake --install /home/geoni/myros2_ws/build/ugv_sdk
