[0.049s] Invoking command in '/home/geoni/myros2_ws/build/ugv_sdk': /usr/bin/cmake --build /home/geoni/myros2_ws/build/ugv_sdk -- -j16 -l16
[0.535s] [ 40%] Built target ugv_sdk
[0.535s] [ 48%] Built target demo_tracer_robot
[0.535s] [ 55%] Built target demo_scout_robot
[0.535s] [ 62%] Built target demo_scout_mini_omni_robot
[0.535s] [ 70%] Built target demo_protocol_detector
[0.536s] [ 77%] Built target demo_ranger_robot
[0.536s] [ 85%] Built target demo_bunker_robot
[0.536s] [ 92%] Built target demo_robot_version
[0.536s] [100%] Built target demo_hunter_robot
[0.538s] Invoked command in '/home/geoni/myros2_ws/build/ugv_sdk' returned '0': /usr/bin/cmake --build /home/geoni/myros2_ws/build/ugv_sdk -- -j16 -l16
[0.639s] Invoking command in '/home/geoni/myros2_ws/build/ugv_sdk': /usr/bin/cmake --install /home/geoni/myros2_ws/build/ugv_sdk
[0.659s] -- Install configuration: "Release"
[0.659s] -- Up-to-date: /home/geoni/myros2_ws/install/ugv_sdk/lib/libugv_sdk.a
[0.659s] -- Up-to-date: /home/geoni/myros2_ws/install/ugv_sdk/include/ugv_sdk
[0.659s] -- Up-to-date: /home/geoni/myros2_ws/install/ugv_sdk/include/ugv_sdk/details
[0.659s] -- Up-to-date: /home/geoni/myros2_ws/install/ugv_sdk/include/ugv_sdk/details/protocol_v2
[0.659s] -- Up-to-date: /home/geoni/myros2_ws/install/ugv_sdk/include/ugv_sdk/details/protocol_v2/protocol_v2_parser.hpp
[0.659s] -- Up-to-date: /home/geoni/myros2_ws/install/ugv_sdk/include/ugv_sdk/details/protocol_v1
[0.659s] -- Up-to-date: /home/geoni/myros2_ws/install/ugv_sdk/include/ugv_sdk/details/protocol_v1/protocol_v1_parser.hpp
[0.659s] -- Up-to-date: /home/geoni/myros2_ws/install/ugv_sdk/include/ugv_sdk/details/protocol_v1/robot_limits.hpp
[0.659s] -- Up-to-date: /home/geoni/myros2_ws/install/ugv_sdk/include/ugv_sdk/details/protocol_v1/agilex_msg_parser_v1.h
[0.659s] -- Up-to-date: /home/geoni/myros2_ws/install/ugv_sdk/include/ugv_sdk/details/async_port
[0.660s] -- Up-to-date: /home/geoni/myros2_ws/install/ugv_sdk/include/ugv_sdk/details/async_port/async_can.hpp
[0.660s] -- Up-to-date: /home/geoni/myros2_ws/install/ugv_sdk/include/ugv_sdk/details/async_port/ring_buffer.hpp
[0.660s] -- Up-to-date: /home/geoni/myros2_ws/install/ugv_sdk/include/ugv_sdk/details/async_port/async_serial.hpp
[0.660s] -- Up-to-date: /home/geoni/myros2_ws/install/ugv_sdk/include/ugv_sdk/details/interface
[0.660s] -- Up-to-date: /home/geoni/myros2_ws/install/ugv_sdk/include/ugv_sdk/details/interface/bunker_interface.hpp
[0.660s] -- Up-to-date: /home/geoni/myros2_ws/install/ugv_sdk/include/ugv_sdk/details/interface/hunter_interface.hpp
[0.660s] -- Up-to-date: /home/geoni/myros2_ws/install/ugv_sdk/include/ugv_sdk/details/interface/robot_common_interface.hpp
[0.660s] -- Up-to-date: /home/geoni/myros2_ws/install/ugv_sdk/include/ugv_sdk/details/interface/ranger_interface.hpp
[0.661s] -- Up-to-date: /home/geoni/myros2_ws/install/ugv_sdk/include/ugv_sdk/details/interface/agilex_types.h
[0.661s] -- Up-to-date: /home/geoni/myros2_ws/install/ugv_sdk/include/ugv_sdk/details/interface/tracer_interface.hpp
[0.661s] -- Up-to-date: /home/geoni/myros2_ws/install/ugv_sdk/include/ugv_sdk/details/interface/scout_interface.hpp
[0.661s] -- Up-to-date: /home/geoni/myros2_ws/install/ugv_sdk/include/ugv_sdk/details/interface/agilex_message.h
[0.662s] -- Up-to-date: /home/geoni/myros2_ws/install/ugv_sdk/include/ugv_sdk/details/robot_base
[0.662s] -- Up-to-date: /home/geoni/myros2_ws/install/ugv_sdk/include/ugv_sdk/details/robot_base/bunker_base.hpp
[0.662s] -- Up-to-date: /home/geoni/myros2_ws/install/ugv_sdk/include/ugv_sdk/details/robot_base/scout_base.hpp
[0.662s] -- Up-to-date: /home/geoni/myros2_ws/install/ugv_sdk/include/ugv_sdk/details/robot_base/tracer_base.hpp
[0.662s] -- Up-to-date: /home/geoni/myros2_ws/install/ugv_sdk/include/ugv_sdk/details/robot_base/agilex_base.hpp
[0.662s] -- Up-to-date: /home/geoni/myros2_ws/install/ugv_sdk/include/ugv_sdk/details/robot_base/ranger_base.hpp
[0.662s] -- Up-to-date: /home/geoni/myros2_ws/install/ugv_sdk/include/ugv_sdk/details/robot_base/hunter_base.hpp
[0.662s] -- Up-to-date: /home/geoni/myros2_ws/install/ugv_sdk/include/ugv_sdk/details/parser_base.hpp
[0.662s] -- Up-to-date: /home/geoni/myros2_ws/install/ugv_sdk/include/ugv_sdk/mobile_robot
[0.662s] -- Up-to-date: /home/geoni/myros2_ws/install/ugv_sdk/include/ugv_sdk/mobile_robot/ranger_robot.hpp
[0.662s] -- Up-to-date: /home/geoni/myros2_ws/install/ugv_sdk/include/ugv_sdk/mobile_robot/bunker_robot.hpp
[0.663s] -- Up-to-date: /home/geoni/myros2_ws/install/ugv_sdk/include/ugv_sdk/mobile_robot/scout_robot.hpp
[0.663s] -- Up-to-date: /home/geoni/myros2_ws/install/ugv_sdk/include/ugv_sdk/mobile_robot/hunter_robot.hpp
[0.663s] -- Up-to-date: /home/geoni/myros2_ws/install/ugv_sdk/include/ugv_sdk/mobile_robot/tracer_robot.hpp
[0.663s] -- Up-to-date: /home/geoni/myros2_ws/install/ugv_sdk/include/ugv_sdk/utilities
[0.663s] -- Up-to-date: /home/geoni/myros2_ws/install/ugv_sdk/include/ugv_sdk/utilities/protocol_detector.hpp
[0.663s] -- Up-to-date: /home/geoni/myros2_ws/install/ugv_sdk/lib/cmake/ugv_sdk/ugv_sdkTargets.cmake
[0.663s] -- Up-to-date: /home/geoni/myros2_ws/install/ugv_sdk/lib/cmake/ugv_sdk/ugv_sdkTargets-release.cmake
[0.663s] -- Up-to-date: /home/geoni/myros2_ws/install/ugv_sdk/lib/cmake/ugv_sdk/ugv_sdkConfig.cmake
[0.663s] -- Up-to-date: /home/geoni/myros2_ws/install/ugv_sdk/lib/cmake/ugv_sdk/ugv_sdkConfigVersion.cmake
[0.676s] Invoked command in '/home/geoni/myros2_ws/build/ugv_sdk' returned '0': /usr/bin/cmake --install /home/geoni/myros2_ws/build/ugv_sdk
