[0.912s] Invoking command in '/home/geoni/myros2_ws/src/dtb_mobile_navigation2': PYTHONPATH=/home/geoni/myros2_ws/build/dtb_mobile_navigation2/prefix_override:/home/geoni/myros2_ws/install/dtb_mobile_navigation2/lib/python3.10/site-packages:${PYTHONPATH} /usr/bin/python3 -W ignore:setup.py install is deprecated setup.py egg_info --egg-base ../../build/dtb_mobile_navigation2 build --build-base /home/geoni/myros2_ws/build/dtb_mobile_navigation2/build install --record /home/geoni/myros2_ws/build/dtb_mobile_navigation2/install.log --single-version-externally-managed install_data
[1.143s] running egg_info
[1.144s] writing ../../build/dtb_mobile_navigation2/dtb_mobile_navigation2.egg-info/PKG-INFO
[1.144s] writing dependency_links to ../../build/dtb_mobile_navigation2/dtb_mobile_navigation2.egg-info/dependency_links.txt
[1.144s] writing entry points to ../../build/dtb_mobile_navigation2/dtb_mobile_navigation2.egg-info/entry_points.txt
[1.144s] writing requirements to ../../build/dtb_mobile_navigation2/dtb_mobile_navigation2.egg-info/requires.txt
[1.144s] writing top-level names to ../../build/dtb_mobile_navigation2/dtb_mobile_navigation2.egg-info/top_level.txt
[1.146s] reading manifest file '../../build/dtb_mobile_navigation2/dtb_mobile_navigation2.egg-info/SOURCES.txt'
[1.146s] writing manifest file '../../build/dtb_mobile_navigation2/dtb_mobile_navigation2.egg-info/SOURCES.txt'
[1.146s] running build
[1.146s] running build_py
[1.146s] running install
[1.147s] running install_lib
[1.147s] running install_data
[1.148s] running install_egg_info
[1.149s] removing '/home/geoni/myros2_ws/install/dtb_mobile_navigation2/lib/python3.10/site-packages/dtb_mobile_navigation2-0.0.0-py3.10.egg-info' (and everything under it)
[1.149s] Copying ../../build/dtb_mobile_navigation2/dtb_mobile_navigation2.egg-info to /home/geoni/myros2_ws/install/dtb_mobile_navigation2/lib/python3.10/site-packages/dtb_mobile_navigation2-0.0.0-py3.10.egg-info
[1.150s] running install_scripts
[1.167s] writing list of installed files to '/home/geoni/myros2_ws/build/dtb_mobile_navigation2/install.log'
[1.203s] Invoked command in '/home/geoni/myros2_ws/src/dtb_mobile_navigation2' returned '0': PYTHONPATH=/home/geoni/myros2_ws/build/dtb_mobile_navigation2/prefix_override:/home/geoni/myros2_ws/install/dtb_mobile_navigation2/lib/python3.10/site-packages:${PYTHONPATH} /usr/bin/python3 -W ignore:setup.py install is deprecated setup.py egg_info --egg-base ../../build/dtb_mobile_navigation2 build --build-base /home/geoni/myros2_ws/build/dtb_mobile_navigation2/build install --record /home/geoni/myros2_ws/build/dtb_mobile_navigation2/install.log --single-version-externally-managed install_data
