running egg_info
creating ../../build/dtb_mobile_bringup/dtb_mobile_bringup.egg-info
writing ../../build/dtb_mobile_bringup/dtb_mobile_bringup.egg-info/PKG-INFO
writing dependency_links to ../../build/dtb_mobile_bringup/dtb_mobile_bringup.egg-info/dependency_links.txt
writing entry points to ../../build/dtb_mobile_bringup/dtb_mobile_bringup.egg-info/entry_points.txt
writing requirements to ../../build/dtb_mobile_bringup/dtb_mobile_bringup.egg-info/requires.txt
writing top-level names to ../../build/dtb_mobile_bringup/dtb_mobile_bringup.egg-info/top_level.txt
writing manifest file '../../build/dtb_mobile_bringup/dtb_mobile_bringup.egg-info/SOURCES.txt'
reading manifest file '../../build/dtb_mobile_bringup/dtb_mobile_bringup.egg-info/SOURCES.txt'
writing manifest file '../../build/dtb_mobile_bringup/dtb_mobile_bringup.egg-info/SOURCES.txt'
running build
running build_py
creating /home/geoni/myros2_ws/build/dtb_mobile_bringup/build
creating /home/geoni/myros2_ws/build/dtb_mobile_bringup/build/lib
creating /home/geoni/myros2_ws/build/dtb_mobile_bringup/build/lib/dtb_mobile_bringup
copying dtb_mobile_bringup/__init__.py -> /home/geoni/myros2_ws/build/dtb_mobile_bringup/build/lib/dtb_mobile_bringup
running install
running install_lib
creating /home/geoni/myros2_ws/install/dtb_mobile_bringup/lib/python3.10/site-packages/dtb_mobile_bringup
copying /home/geoni/myros2_ws/build/dtb_mobile_bringup/build/lib/dtb_mobile_bringup/__init__.py -> /home/geoni/myros2_ws/install/dtb_mobile_bringup/lib/python3.10/site-packages/dtb_mobile_bringup
byte-compiling /home/geoni/myros2_ws/install/dtb_mobile_bringup/lib/python3.10/site-packages/dtb_mobile_bringup/__init__.py to __init__.cpython-310.pyc
running install_data
creating /home/geoni/myros2_ws/install/dtb_mobile_bringup/share/ament_index
creating /home/geoni/myros2_ws/install/dtb_mobile_bringup/share/ament_index/resource_index
creating /home/geoni/myros2_ws/install/dtb_mobile_bringup/share/ament_index/resource_index/packages
copying resource/dtb_mobile_bringup -> /home/geoni/myros2_ws/install/dtb_mobile_bringup/share/ament_index/resource_index/packages
copying package.xml -> /home/geoni/myros2_ws/install/dtb_mobile_bringup/share/dtb_mobile_bringup
creating /home/geoni/myros2_ws/install/dtb_mobile_bringup/share/dtb_mobile_bringup/launch
copying launch/dtb_mobile_description2.launch.py -> /home/geoni/myros2_ws/install/dtb_mobile_bringup/share/dtb_mobile_bringup/launch
copying launch/dtb_mobile_description3.launch.py -> /home/geoni/myros2_ws/install/dtb_mobile_bringup/share/dtb_mobile_bringup/launch
copying launch/tracer_base.launch.py -> /home/geoni/myros2_ws/install/dtb_mobile_bringup/share/dtb_mobile_bringup/launch
copying launch/dtb_mobile_description.launch.py -> /home/geoni/myros2_ws/install/dtb_mobile_bringup/share/dtb_mobile_bringup/launch
copying launch/view_mapping_dtb_mobile.launch.py -> /home/geoni/myros2_ws/install/dtb_mobile_bringup/share/dtb_mobile_bringup/launch
creating /home/geoni/myros2_ws/install/dtb_mobile_bringup/share/dtb_mobile_bringup/rviz
copying rviz/rviz.rviz -> /home/geoni/myros2_ws/install/dtb_mobile_bringup/share/dtb_mobile_bringup/rviz
copying rviz/view_rviz.rviz -> /home/geoni/myros2_ws/install/dtb_mobile_bringup/share/dtb_mobile_bringup/rviz
copying rviz/tracer_bringup_rviz.rviz -> /home/geoni/myros2_ws/install/dtb_mobile_bringup/share/dtb_mobile_bringup/rviz
running install_egg_info
Copying ../../build/dtb_mobile_bringup/dtb_mobile_bringup.egg-info to /home/geoni/myros2_ws/install/dtb_mobile_bringup/lib/python3.10/site-packages/dtb_mobile_bringup-0.0.0-py3.10.egg-info
running install_scripts
writing list of installed files to '/home/geoni/myros2_ws/build/dtb_mobile_bringup/install.log'
